{"C:\\Users\\ahmad\\OneDrive\\Desktop\\f1-dashboard\\src\\App.jsx": {"path":"C:\\Users\\ahmad\\OneDrive\\Desktop\\f1-dashboard\\src\\App.jsx","statementMap":{"0":{"start":{"line":16,"column":18},"end":{"line":16,"column":57}},"1":{"start":{"line":16,"column":29},"end":{"line":16,"column":56}},"2":{"start":{"line":17,"column":16},"end":{"line":17,"column":53}},"3":{"start":{"line":17,"column":27},"end":{"line":17,"column":52}},"4":{"start":{"line":18,"column":21},"end":{"line":18,"column":63}},"5":{"start":{"line":18,"column":32},"end":{"line":18,"column":62}},"6":{"start":{"line":19,"column":14},"end":{"line":19,"column":49}},"7":{"start":{"line":19,"column":25},"end":{"line":19,"column":48}},"8":{"start":{"line":20,"column":28},"end":{"line":20,"column":77}},"9":{"start":{"line":20,"column":39},"end":{"line":20,"column":76}},"10":{"start":{"line":21,"column":26},"end":{"line":21,"column":73}},"11":{"start":{"line":21,"column":37},"end":{"line":21,"column":72}},"12":{"start":{"line":22,"column":23},"end":{"line":22,"column":67}},"13":{"start":{"line":22,"column":34},"end":{"line":22,"column":66}},"14":{"start":{"line":23,"column":23},"end":{"line":23,"column":67}},"15":{"start":{"line":23,"column":34},"end":{"line":23,"column":66}},"16":{"start":{"line":24,"column":20},"end":{"line":24,"column":61}},"17":{"start":{"line":24,"column":31},"end":{"line":24,"column":60}},"18":{"start":{"line":25,"column":29},"end":{"line":25,"column":79}},"19":{"start":{"line":25,"column":40},"end":{"line":25,"column":78}},"20":{"start":{"line":26,"column":21},"end":{"line":26,"column":63}},"21":{"start":{"line":26,"column":32},"end":{"line":26,"column":62}},"22":{"start":{"line":28,"column":17},"end":{"line":39,"column":1}},"23":{"start":{"line":41,"column":19},"end":{"line":50,"column":1}},"24":{"start":{"line":53,"column":38},"end":{"line":53,"column":53}},"25":{"start":{"line":54,"column":19},"end":{"line":54,"column":32}},"26":{"start":{"line":56,"column":2},"end":{"line":149,"column":4}},"27":{"start":{"line":75,"column":16},"end":{"line":88,"column":25}},"28":{"start":{"line":93,"column":29},"end":{"line":93,"column":48}},"29":{"start":{"line":102,"column":62},"end":{"line":102,"column":82}},"30":{"start":{"line":105,"column":12},"end":{"line":117,"column":21}},"31":{"start":{"line":109,"column":29},"end":{"line":109,"column":49}}},"fnMap":{"0":{"name":"(anonymous_0)","decl":{"start":{"line":16,"column":23},"end":{"line":16,"column":24}},"loc":{"start":{"line":16,"column":29},"end":{"line":16,"column":56}},"line":16},"1":{"name":"(anonymous_1)","decl":{"start":{"line":17,"column":21},"end":{"line":17,"column":22}},"loc":{"start":{"line":17,"column":27},"end":{"line":17,"column":52}},"line":17},"2":{"name":"(anonymous_2)","decl":{"start":{"line":18,"column":26},"end":{"line":18,"column":27}},"loc":{"start":{"line":18,"column":32},"end":{"line":18,"column":62}},"line":18},"3":{"name":"(anonymous_3)","decl":{"start":{"line":19,"column":19},"end":{"line":19,"column":20}},"loc":{"start":{"line":19,"column":25},"end":{"line":19,"column":48}},"line":19},"4":{"name":"(anonymous_4)","decl":{"start":{"line":20,"column":33},"end":{"line":20,"column":34}},"loc":{"start":{"line":20,"column":39},"end":{"line":20,"column":76}},"line":20},"5":{"name":"(anonymous_5)","decl":{"start":{"line":21,"column":31},"end":{"line":21,"column":32}},"loc":{"start":{"line":21,"column":37},"end":{"line":21,"column":72}},"line":21},"6":{"name":"(anonymous_6)","decl":{"start":{"line":22,"column":28},"end":{"line":22,"column":29}},"loc":{"start":{"line":22,"column":34},"end":{"line":22,"column":66}},"line":22},"7":{"name":"(anonymous_7)","decl":{"start":{"line":23,"column":28},"end":{"line":23,"column":29}},"loc":{"start":{"line":23,"column":34},"end":{"line":23,"column":66}},"line":23},"8":{"name":"(anonymous_8)","decl":{"start":{"line":24,"column":25},"end":{"line":24,"column":26}},"loc":{"start":{"line":24,"column":31},"end":{"line":24,"column":60}},"line":24},"9":{"name":"(anonymous_9)","decl":{"start":{"line":25,"column":34},"end":{"line":25,"column":35}},"loc":{"start":{"line":25,"column":40},"end":{"line":25,"column":78}},"line":25},"10":{"name":"(anonymous_10)","decl":{"start":{"line":26,"column":26},"end":{"line":26,"column":27}},"loc":{"start":{"line":26,"column":32},"end":{"line":26,"column":62}},"line":26},"11":{"name":"App","decl":{"start":{"line":52,"column":24},"end":{"line":52,"column":27}},"loc":{"start":{"line":52,"column":30},"end":{"line":150,"column":1}},"line":52},"12":{"name":"(anonymous_12)","decl":{"start":{"line":74,"column":28},"end":{"line":74,"column":29}},"loc":{"start":{"line":75,"column":16},"end":{"line":88,"column":25}},"line":75},"13":{"name":"(anonymous_13)","decl":{"start":{"line":93,"column":23},"end":{"line":93,"column":24}},"loc":{"start":{"line":93,"column":29},"end":{"line":93,"column":48}},"line":93},"14":{"name":"(anonymous_14)","decl":{"start":{"line":102,"column":56},"end":{"line":102,"column":57}},"loc":{"start":{"line":102,"column":62},"end":{"line":102,"column":82}},"line":102},"15":{"name":"(anonymous_15)","decl":{"start":{"line":104,"column":24},"end":{"line":104,"column":25}},"loc":{"start":{"line":105,"column":12},"end":{"line":117,"column":21}},"line":105},"16":{"name":"(anonymous_16)","decl":{"start":{"line":109,"column":23},"end":{"line":109,"column":24}},"loc":{"start":{"line":109,"column":29},"end":{"line":109,"column":49}},"line":109}},"branchMap":{},"s":{"0":1,"1":1,"2":1,"3":0,"4":1,"5":0,"6":1,"7":0,"8":1,"9":0,"10":1,"11":0,"12":1,"13":0,"14":1,"15":0,"16":1,"17":0,"18":1,"19":0,"20":1,"21":0,"22":1,"23":1,"24":1,"25":1,"26":1,"27":10,"28":0,"29":0,"30":10,"31":0},"f":{"0":1,"1":0,"2":0,"3":0,"4":0,"5":0,"6":0,"7":0,"8":0,"9":0,"10":0,"11":1,"12":10,"13":0,"14":0,"15":10,"16":0},"b":{},"_coverageSchema":"1a1c01bbd47fc00a2c39e90264f33305004495a9","hash":"a31faa576577812087d7187544f56c41e59ca36f"}
,"C:\\Users\\ahmad\\OneDrive\\Desktop\\f1-dashboard\\src\\theme.js": {"path":"C:\\Users\\ahmad\\OneDrive\\Desktop\\f1-dashboard\\src\\theme.js","statementMap":{"0":{"start":{"line":3,"column":14},"end":{"line":42,"column":2}},"1":{"start":{"line":20,"column":33},"end":{"line":38,"column":9}}},"fnMap":{"0":{"name":"(anonymous_0)","decl":{"start":{"line":20,"column":14},"end":{"line":20,"column":15}},"loc":{"start":{"line":20,"column":33},"end":{"line":38,"column":9}},"line":20}},"branchMap":{},"s":{"0":0,"1":0},"f":{"0":0},"b":{}}
,"C:\\Users\\ahmad\\OneDrive\\Desktop\\f1-dashboard\\src\\components\\DriverRichSummary.jsx": {"path":"C:\\Users\\ahmad\\OneDrive\\Desktop\\f1-dashboard\\src\\components\\DriverRichSummary.jsx","statementMap":{"0":{"start":{"line":7,"column":36},"end":{"line":19,"column":1}},"1":{"start":{"line":38,"column":4},"end":{"line":40,"column":7}},"2":{"start":{"line":43,"column":4},"end":{"line":44,"column":47}},"3":{"start":{"line":45,"column":19},"end":{"line":45,"column":51}},"4":{"start":{"line":47,"column":2},"end":{"line":115,"column":4}}},"fnMap":{"0":{"name":"DriverRichSummary","decl":{"start":{"line":24,"column":24},"end":{"line":24,"column":41}},"loc":{"start":{"line":36,"column":3},"end":{"line":116,"column":1}},"line":36}},"branchMap":{"0":{"loc":{"start":{"line":38,"column":4},"end":{"line":40,"column":7}},"type":"binary-expr","locations":[{"start":{"line":38,"column":5},"end":{"line":38,"column":9}},{"start":{"line":38,"column":13},"end":{"line":38,"column":37}},{"start":{"line":39,"column":5},"end":{"line":39,"column":13}},{"start":{"line":39,"column":17},"end":{"line":39,"column":45}},{"start":{"line":40,"column":4},"end":{"line":40,"column":7}}],"line":38},"1":{"loc":{"start":{"line":43,"column":4},"end":{"line":44,"column":47}},"type":"binary-expr","locations":[{"start":{"line":43,"column":4},"end":{"line":43,"column":32}},{"start":{"line":44,"column":4},"end":{"line":44,"column":47}}],"line":43},"2":{"loc":{"start":{"line":45,"column":19},"end":{"line":45,"column":51}},"type":"binary-expr","locations":[{"start":{"line":45,"column":19},"end":{"line":45,"column":31}},{"start":{"line":45,"column":35},"end":{"line":45,"column":51}}],"line":45},"3":{"loc":{"start":{"line":51,"column":15},"end":{"line":51,"column":39}},"type":"binary-expr","locations":[{"start":{"line":51,"column":15},"end":{"line":51,"column":26}},{"start":{"line":51,"column":30},"end":{"line":51,"column":39}}],"line":51},"4":{"loc":{"start":{"line":52,"column":15},"end":{"line":52,"column":35}},"type":"binary-expr","locations":[{"start":{"line":52,"column":15},"end":{"line":52,"column":23}},{"start":{"line":52,"column":27},"end":{"line":52,"column":35}}],"line":52},"5":{"loc":{"start":{"line":59,"column":13},"end":{"line":59,"column":41}},"type":"binary-expr","locations":[{"start":{"line":59,"column":13},"end":{"line":59,"column":21}},{"start":{"line":59,"column":25},"end":{"line":59,"column":41}}],"line":59},"6":{"loc":{"start":{"line":62,"column":13},"end":{"line":62,"column":60}},"type":"cond-expr","locations":[{"start":{"line":62,"column":36},"end":{"line":62,"column":54}},{"start":{"line":62,"column":57},"end":{"line":62,"column":60}}],"line":62},"7":{"loc":{"start":{"line":63,"column":13},"end":{"line":63,"column":37}},"type":"cond-expr","locations":[{"start":{"line":63,"column":20},"end":{"line":63,"column":32}},{"start":{"line":63,"column":35},"end":{"line":63,"column":37}}],"line":63},"8":{"loc":{"start":{"line":68,"column":7},"end":{"line":83,"column":14}},"type":"cond-expr","locations":[{"start":{"line":69,"column":8},"end":{"line":82,"column":16}},{"start":{"line":83,"column":10},"end":{"line":83,"column":14}}],"line":68},"9":{"loc":{"start":{"line":70,"column":11},"end":{"line":80,"column":18}},"type":"cond-expr","locations":[{"start":{"line":71,"column":12},"end":{"line":79,"column":14}},{"start":{"line":80,"column":14},"end":{"line":80,"column":18}}],"line":70},"10":{"loc":{"start":{"line":85,"column":7},"end":{"line":89,"column":14}},"type":"cond-expr","locations":[{"start":{"line":86,"column":8},"end":{"line":88,"column":21}},{"start":{"line":89,"column":10},"end":{"line":89,"column":14}}],"line":85},"11":{"loc":{"start":{"line":91,"column":7},"end":{"line":91,"column":69}},"type":"binary-expr","locations":[{"start":{"line":91,"column":8},"end":{"line":91,"column":23}},{"start":{"line":91,"column":27},"end":{"line":91,"column":35}},{"start":{"line":91,"column":40},"end":{"line":91,"column":69}}],"line":91},"12":{"loc":{"start":{"line":93,"column":7},"end":{"line":100,"column":14}},"type":"cond-expr","locations":[{"start":{"line":94,"column":8},"end":{"line":97,"column":21}},{"start":{"line":98,"column":10},"end":{"line":100,"column":14}}],"line":93},"13":{"loc":{"start":{"line":95,"column":51},"end":{"line":95,"column":76}},"type":"binary-expr","locations":[{"start":{"line":95,"column":51},"end":{"line":95,"column":69}},{"start":{"line":95,"column":73},"end":{"line":95,"column":76}}],"line":95},"14":{"loc":{"start":{"line":96,"column":11},"end":{"line":96,"column":75}},"type":"cond-expr","locations":[{"start":{"line":96,"column":22},"end":{"line":96,"column":70}},{"start":{"line":96,"column":73},"end":{"line":96,"column":75}}],"line":96},"15":{"loc":{"start":{"line":96,"column":39},"end":{"line":96,"column":68}},"type":"cond-expr","locations":[{"start":{"line":96,"column":60},"end":{"line":96,"column":62}},{"start":{"line":96,"column":65},"end":{"line":96,"column":68}}],"line":96},"16":{"loc":{"start":{"line":98,"column":10},"end":{"line":100,"column":14}},"type":"cond-expr","locations":[{"start":{"line":99,"column":8},"end":{"line":99,"column":63}},{"start":{"line":100,"column":10},"end":{"line":100,"column":14}}],"line":98},"17":{"loc":{"start":{"line":102,"column":7},"end":{"line":113,"column":14}},"type":"cond-expr","locations":[{"start":{"line":103,"column":8},"end":{"line":112,"column":11}},{"start":{"line":113,"column":10},"end":{"line":113,"column":14}}],"line":102}},"s":{"0":7,"1":0,"2":0,"3":0,"4":0},"f":{"0":0},"b":{"0":[0,0,0,0,0],"1":[0,0],"2":[0,0],"3":[0,0],"4":[0,0],"5":[0,0],"6":[0,0],"7":[0,0],"8":[0,0],"9":[0,0],"10":[0,0],"11":[0,0,0],"12":[0,0],"13":[0,0],"14":[0,0],"15":[0,0],"16":[0,0],"17":[0,0]},"_coverageSchema":"1a1c01bbd47fc00a2c39e90264f33305004495a9","hash":"4fae3d468f6ec3a86e5ecc4355c00c5e19a541ae"}
,"C:\\Users\\ahmad\\OneDrive\\Desktop\\f1-dashboard\\src\\components\\DriverStandingsTable.jsx": {"path":"C:\\Users\\ahmad\\OneDrive\\Desktop\\f1-dashboard\\src\\components\\DriverStandingsTable.jsx","statementMap":{"0":{"start":{"line":19,"column":30},"end":{"line":19,"column":50}},"1":{"start":{"line":20,"column":36},"end":{"line":20,"column":51}},"2":{"start":{"line":22,"column":17},"end":{"line":30,"column":3}},"3":{"start":{"line":23,"column":4},"end":{"line":26,"column":5}},"4":{"start":{"line":24,"column":6},"end":{"line":24,"column":70}},"5":{"start":{"line":24,"column":33},"end":{"line":24,"column":67}},"6":{"start":{"line":25,"column":6},"end":{"line":25,"column":13}},"7":{"start":{"line":28,"column":4},"end":{"line":28,"column":22}},"8":{"start":{"line":29,"column":4},"end":{"line":29,"column":55}},"9":{"start":{"line":32,"column":26},"end":{"line":43,"column":36}},"10":{"start":{"line":33,"column":17},"end":{"line":33,"column":31}},"11":{"start":{"line":34,"column":22},"end":{"line":34,"column":50}},"12":{"start":{"line":36,"column":4},"end":{"line":40,"column":7}},"13":{"start":{"line":37,"column":6},"end":{"line":37,"column":78}},"14":{"start":{"line":37,"column":33},"end":{"line":37,"column":78}},"15":{"start":{"line":38,"column":6},"end":{"line":38,"column":72}},"16":{"start":{"line":38,"column":31},"end":{"line":38,"column":72}},"17":{"start":{"line":39,"column":6},"end":{"line":39,"column":62}},"18":{"start":{"line":42,"column":4},"end":{"line":42,"column":16}},"19":{"start":{"line":45,"column":2},"end":{"line":183,"column":4}},"20":{"start":{"line":57,"column":31},"end":{"line":57,"column":49}},"21":{"start":{"line":66,"column":31},"end":{"line":66,"column":47}},"22":{"start":{"line":76,"column":31},"end":{"line":76,"column":47}},"23":{"start":{"line":86,"column":12},"end":{"line":178,"column":23}}},"fnMap":{"0":{"name":"DriverStandingsTable","decl":{"start":{"line":18,"column":24},"end":{"line":18,"column":44}},"loc":{"start":{"line":18,"column":60},"end":{"line":184,"column":1}},"line":18},"1":{"name":"(anonymous_1)","decl":{"start":{"line":22,"column":17},"end":{"line":22,"column":18}},"loc":{"start":{"line":22,"column":29},"end":{"line":30,"column":3}},"line":22},"2":{"name":"(anonymous_2)","decl":{"start":{"line":24,"column":19},"end":{"line":24,"column":20}},"loc":{"start":{"line":24,"column":33},"end":{"line":24,"column":67}},"line":24},"3":{"name":"(anonymous_3)","decl":{"start":{"line":32,"column":34},"end":{"line":32,"column":35}},"loc":{"start":{"line":32,"column":40},"end":{"line":43,"column":3}},"line":32},"4":{"name":"(anonymous_4)","decl":{"start":{"line":36,"column":14},"end":{"line":36,"column":15}},"loc":{"start":{"line":36,"column":24},"end":{"line":40,"column":5}},"line":36},"5":{"name":"(anonymous_5)","decl":{"start":{"line":57,"column":25},"end":{"line":57,"column":26}},"loc":{"start":{"line":57,"column":31},"end":{"line":57,"column":49}},"line":57},"6":{"name":"(anonymous_6)","decl":{"start":{"line":66,"column":25},"end":{"line":66,"column":26}},"loc":{"start":{"line":66,"column":31},"end":{"line":66,"column":47}},"line":66},"7":{"name":"(anonymous_7)","decl":{"start":{"line":76,"column":25},"end":{"line":76,"column":26}},"loc":{"start":{"line":76,"column":31},"end":{"line":76,"column":47}},"line":76},"8":{"name":"(anonymous_8)","decl":{"start":{"line":85,"column":31},"end":{"line":85,"column":32}},"loc":{"start":{"line":86,"column":12},"end":{"line":178,"column":23}},"line":86}},"branchMap":{"0":{"loc":{"start":{"line":23,"column":4},"end":{"line":26,"column":5}},"type":"if","locations":[{"start":{"line":23,"column":4},"end":{"line":26,"column":5}},{"start":{},"end":{}}],"line":23},"1":{"loc":{"start":{"line":24,"column":33},"end":{"line":24,"column":67}},"type":"cond-expr","locations":[{"start":{"line":24,"column":53},"end":{"line":24,"column":59}},{"start":{"line":24,"column":62},"end":{"line":24,"column":67}}],"line":24},"2":{"loc":{"start":{"line":29,"column":17},"end":{"line":29,"column":53}},"type":"cond-expr","locations":[{"start":{"line":29,"column":39},"end":{"line":29,"column":45}},{"start":{"line":29,"column":48},"end":{"line":29,"column":53}}],"line":29},"3":{"loc":{"start":{"line":34,"column":22},"end":{"line":34,"column":50}},"type":"cond-expr","locations":[{"start":{"line":34,"column":44},"end":{"line":34,"column":45}},{"start":{"line":34,"column":48},"end":{"line":34,"column":50}}],"line":34},"4":{"loc":{"start":{"line":37,"column":6},"end":{"line":37,"column":78}},"type":"if","locations":[{"start":{"line":37,"column":6},"end":{"line":37,"column":78}},{"start":{},"end":{}}],"line":37},"5":{"loc":{"start":{"line":38,"column":6},"end":{"line":38,"column":72}},"type":"if","locations":[{"start":{"line":38,"column":6},"end":{"line":38,"column":72}},{"start":{},"end":{}}],"line":38},"6":{"loc":{"start":{"line":56,"column":27},"end":{"line":56,"column":68}},"type":"cond-expr","locations":[{"start":{"line":56,"column":51},"end":{"line":56,"column":60}},{"start":{"line":56,"column":63},"end":{"line":56,"column":68}}],"line":56},"7":{"loc":{"start":{"line":65,"column":27},"end":{"line":65,"column":66}},"type":"cond-expr","locations":[{"start":{"line":65,"column":49},"end":{"line":65,"column":58}},{"start":{"line":65,"column":61},"end":{"line":65,"column":66}}],"line":65},"8":{"loc":{"start":{"line":75,"column":27},"end":{"line":75,"column":67}},"type":"cond-expr","locations":[{"start":{"line":75,"column":49},"end":{"line":75,"column":58}},{"start":{"line":75,"column":61},"end":{"line":75,"column":67}}],"line":75},"9":{"loc":{"start":{"line":123,"column":25},"end":{"line":123,"column":67}},"type":"binary-expr","locations":[{"start":{"line":123,"column":25},"end":{"line":123,"column":36}},{"start":{"line":123,"column":40},"end":{"line":123,"column":67}}],"line":123},"10":{"loc":{"start":{"line":128,"column":50},"end":{"line":128,"column":87}},"type":"cond-expr","locations":[{"start":{"line":128,"column":64},"end":{"line":128,"column":82}},{"start":{"line":128,"column":85},"end":{"line":128,"column":87}}],"line":128},"11":{"loc":{"start":{"line":151,"column":23},"end":{"line":160,"column":23}},"type":"binary-expr","locations":[{"start":{"line":151,"column":23},"end":{"line":151,"column":39}},{"start":{"line":152,"column":24},"end":{"line":159,"column":26}}],"line":151},"12":{"loc":{"start":{"line":172,"column":17},"end":{"line":176,"column":17}},"type":"cond-expr","locations":[{"start":{"line":173,"column":18},"end":{"line":173,"column":29}},{"start":{"line":175,"column":18},"end":{"line":175,"column":70}}],"line":172}},"s":{"0":4,"1":4,"2":4,"3":1,"4":0,"5":0,"6":0,"7":1,"8":1,"9":4,"10":4,"11":4,"12":4,"13":3,"14":2,"15":1,"16":1,"17":0,"18":4,"19":4,"20":0,"21":0,"22":1,"23":7},"f":{"0":4,"1":1,"2":0,"3":4,"4":3,"5":0,"6":0,"7":1,"8":7},"b":{"0":[0,1],"1":[0,0],"2":[1,0],"3":[3,1],"4":[2,1],"5":[1,0],"6":[3,1],"7":[0,4],"8":[1,3],"9":[7,0],"10":[7,0],"11":[7,7],"12":[4,3]},"_coverageSchema":"1a1c01bbd47fc00a2c39e90264f33305004495a9","hash":"57fdd3b5d6b6b21b7bf7e9702017cf72cfe827bd"}
,"C:\\Users\\ahmad\\OneDrive\\Desktop\\f1-dashboard\\src\\components\\PageRouteFallback.jsx": {"path":"C:\\Users\\ahmad\\OneDrive\\Desktop\\f1-dashboard\\src\\components\\PageRouteFallback.jsx","statementMap":{"0":{"start":{"line":11,"column":2},"end":{"line":20,"column":4}}},"fnMap":{"0":{"name":"PageRouteFallback","decl":{"start":{"line":10,"column":24},"end":{"line":10,"column":41}},"loc":{"start":{"line":10,"column":44},"end":{"line":21,"column":1}},"line":10}},"branchMap":{},"s":{"0":1},"f":{"0":1},"b":{},"_coverageSchema":"1a1c01bbd47fc00a2c39e90264f33305004495a9","hash":"84d6fc87114e043a2dcab9a6c8cf83cedd1ed73b"}
,"C:\\Users\\ahmad\\OneDrive\\Desktop\\f1-dashboard\\src\\components\\RaceCard.jsx": {"path":"C:\\Users\\ahmad\\OneDrive\\Desktop\\f1-dashboard\\src\\components\\RaceCard.jsx","statementMap":{"0":{"start":{"line":11,"column":2},"end":{"line":50,"column":4}}},"fnMap":{"0":{"name":"RaceCard","decl":{"start":{"line":10,"column":24},"end":{"line":10,"column":32}},"loc":{"start":{"line":10,"column":83},"end":{"line":51,"column":1}},"line":10}},"branchMap":{"0":{"loc":{"start":{"line":36,"column":7},"end":{"line":48,"column":7}},"type":"binary-expr","locations":[{"start":{"line":36,"column":7},"end":{"line":36,"column":25}},{"start":{"line":36,"column":29},"end":{"line":36,"column":46}},{"start":{"line":37,"column":8},"end":{"line":47,"column":22}}],"line":36}},"s":{"0":2},"f":{"0":2},"b":{"0":[2,1,1]},"_coverageSchema":"1a1c01bbd47fc00a2c39e90264f33305004495a9","hash":"011c1a2aecaf3c15efee3fbe684ff4fab14dae6a"}
,"C:\\Users\\ahmad\\OneDrive\\Desktop\\f1-dashboard\\src\\components\\TeamRichSummary.jsx": {"path":"C:\\Users\\ahmad\\OneDrive\\Desktop\\f1-dashboard\\src\\components\\TeamRichSummary.jsx","statementMap":{"0":{"start":{"line":15,"column":21},"end":{"line":15,"column":56}},"1":{"start":{"line":17,"column":2},"end":{"line":66,"column":4}},"2":{"start":{"line":52,"column":14},"end":{"line":60,"column":27}}},"fnMap":{"0":{"name":"TeamRichSummary","decl":{"start":{"line":8,"column":24},"end":{"line":8,"column":39}},"loc":{"start":{"line":14,"column":3},"end":{"line":67,"column":1}},"line":14},"1":{"name":"(anonymous_1)","decl":{"start":{"line":51,"column":28},"end":{"line":51,"column":29}},"loc":{"start":{"line":52,"column":14},"end":{"line":60,"column":27}},"line":52}},"branchMap":{"0":{"loc":{"start":{"line":15,"column":21},"end":{"line":15,"column":56}},"type":"cond-expr","locations":[{"start":{"line":15,"column":45},"end":{"line":15,"column":51}},{"start":{"line":15,"column":54},"end":{"line":15,"column":56}}],"line":15},"1":{"loc":{"start":{"line":20,"column":9},"end":{"line":30,"column":16}},"type":"cond-expr","locations":[{"start":{"line":21,"column":10},"end":{"line":29,"column":12}},{"start":{"line":30,"column":12},"end":{"line":30,"column":16}}],"line":20},"2":{"loc":{"start":{"line":32,"column":11},"end":{"line":32,"column":25}},"type":"binary-expr","locations":[{"start":{"line":32,"column":11},"end":{"line":32,"column":15}},{"start":{"line":32,"column":19},"end":{"line":32,"column":25}}],"line":32},"3":{"loc":{"start":{"line":36,"column":7},"end":{"line":43,"column":14}},"type":"cond-expr","locations":[{"start":{"line":37,"column":8},"end":{"line":42,"column":21}},{"start":{"line":43,"column":10},"end":{"line":43,"column":14}}],"line":36},"4":{"loc":{"start":{"line":36,"column":7},"end":{"line":36,"column":58}},"type":"binary-expr","locations":[{"start":{"line":36,"column":7},"end":{"line":36,"column":23}},{"start":{"line":36,"column":27},"end":{"line":36,"column":58}}],"line":36},"5":{"loc":{"start":{"line":39,"column":11},"end":{"line":41,"column":16}},"type":"cond-expr","locations":[{"start":{"line":40,"column":14},"end":{"line":40,"column":32}},{"start":{"line":41,"column":14},"end":{"line":41,"column":16}}],"line":39},"6":{"loc":{"start":{"line":39,"column":11},"end":{"line":39,"column":58}},"type":"binary-expr","locations":[{"start":{"line":39,"column":11},"end":{"line":39,"column":25}},{"start":{"line":39,"column":29},"end":{"line":39,"column":58}}],"line":39},"7":{"loc":{"start":{"line":45,"column":7},"end":{"line":64,"column":14}},"type":"cond-expr","locations":[{"start":{"line":46,"column":8},"end":{"line":63,"column":11}},{"start":{"line":64,"column":10},"end":{"line":64,"column":14}}],"line":45},"8":{"loc":{"start":{"line":59,"column":17},"end":{"line":59,"column":51}},"type":"cond-expr","locations":[{"start":{"line":59,"column":29},"end":{"line":59,"column":46}},{"start":{"line":59,"column":49},"end":{"line":59,"column":51}}],"line":59}},"s":{"0":0,"1":0,"2":0},"f":{"0":0,"1":0},"b":{"0":[0,0],"1":[0,0],"2":[0,0],"3":[0,0],"4":[0,0],"5":[0,0],"6":[0,0],"7":[0,0],"8":[0,0]},"_coverageSchema":"1a1c01bbd47fc00a2c39e90264f33305004495a9","hash":"b54b1a46379467981ca1253fbacab1c8216d2c35"}
,"C:\\Users\\ahmad\\OneDrive\\Desktop\\f1-dashboard\\src\\data\\mediaGalleryStills.js": {"path":"C:\\Users\\ahmad\\OneDrive\\Desktop\\f1-dashboard\\src\\data\\mediaGalleryStills.js","statementMap":{"0":{"start":{"line":4,"column":29},"end":{"line":33,"column":1}}},"fnMap":{},"branchMap":{},"s":{"0":1},"f":{},"b":{},"_coverageSchema":"1a1c01bbd47fc00a2c39e90264f33305004495a9","hash":"08b0f2ff8992e8775cba223e227a4a7b2e6513bd"}
,"C:\\Users\\ahmad\\OneDrive\\Desktop\\f1-dashboard\\src\\data\\mediaGalleryVideos.js": {"path":"C:\\Users\\ahmad\\OneDrive\\Desktop\\f1-dashboard\\src\\data\\mediaGalleryVideos.js","statementMap":{"0":{"start":{"line":5,"column":29},"end":{"line":18,"column":1}}},"fnMap":{},"branchMap":{},"s":{"0":1},"f":{},"b":{},"_coverageSchema":"1a1c01bbd47fc00a2c39e90264f33305004495a9","hash":"1e1bf4323d029220f42a3aca3ff158d1b1716666"}
,"C:\\Users\\ahmad\\OneDrive\\Desktop\\f1-dashboard\\src\\hooks\\useDriverStandings.js": {"path":"C:\\Users\\ahmad\\OneDrive\\Desktop\\f1-dashboard\\src\\hooks\\useDriverStandings.js","statementMap":{"0":{"start":{"line":8,"column":36},"end":{"line":8,"column":48}},"1":{"start":{"line":9,"column":36},"end":{"line":9,"column":50}},"2":{"start":{"line":10,"column":28},"end":{"line":10,"column":42}},"3":{"start":{"line":11,"column":40},"end":{"line":11,"column":54}},"4":{"start":{"line":12,"column":36},"end":{"line":12,"column":47}},"5":{"start":{"line":14,"column":2},"end":{"line":86,"column":18}},"6":{"start":{"line":15,"column":23},"end":{"line":15,"column":44}},"7":{"start":{"line":18,"column":6},"end":{"line":80,"column":7}},"8":{"start":{"line":19,"column":8},"end":{"line":19,"column":27}},"9":{"start":{"line":20,"column":8},"end":{"line":20,"column":23}},"10":{"start":{"line":22,"column":29},"end":{"line":24,"column":9}},"11":{"start":{"line":26,"column":8},"end":{"line":28,"column":9}},"12":{"start":{"line":27,"column":10},"end":{"line":27,"column":79}},"13":{"start":{"line":30,"column":27},"end":{"line":30,"column":55}},"14":{"start":{"line":32,"column":8},"end":{"line":34,"column":9}},"15":{"start":{"line":33,"column":10},"end":{"line":33,"column":81}},"16":{"start":{"line":36,"column":28},"end":{"line":39,"column":9}},"17":{"start":{"line":41,"column":32},"end":{"line":46,"column":9}},"18":{"start":{"line":42,"column":74},"end":{"line":45,"column":11}},"19":{"start":{"line":48,"column":35},"end":{"line":69,"column":10}},"20":{"start":{"line":49,"column":25},"end":{"line":49,"column":65}},"21":{"start":{"line":51,"column":12},"end":{"line":55,"column":60}},"22":{"start":{"line":54,"column":29},"end":{"line":54,"column":73}},"23":{"start":{"line":57,"column":10},"end":{"line":68,"column":12}},"24":{"start":{"line":71,"column":8},"end":{"line":71,"column":67}},"25":{"start":{"line":71,"column":42},"end":{"line":71,"column":65}},"26":{"start":{"line":73,"column":8},"end":{"line":73,"column":41}},"27":{"start":{"line":74,"column":8},"end":{"line":74,"column":49}},"28":{"start":{"line":76,"column":8},"end":{"line":76,"column":46}},"29":{"start":{"line":76,"column":39},"end":{"line":76,"column":46}},"30":{"start":{"line":77,"column":8},"end":{"line":77,"column":75}},"31":{"start":{"line":79,"column":8},"end":{"line":79,"column":28}},"32":{"start":{"line":83,"column":4},"end":{"line":83,"column":27}},"33":{"start":{"line":85,"column":4},"end":{"line":85,"column":36}},"34":{"start":{"line":85,"column":17},"end":{"line":85,"column":35}},"35":{"start":{"line":88,"column":18},"end":{"line":90,"column":3}},"36":{"start":{"line":89,"column":4},"end":{"line":89,"column":43}},"37":{"start":{"line":89,"column":30},"end":{"line":89,"column":41}},"38":{"start":{"line":92,"column":2},"end":{"line":92,"column":63}}},"fnMap":{"0":{"name":"useDriverStandings","decl":{"start":{"line":7,"column":16},"end":{"line":7,"column":34}},"loc":{"start":{"line":7,"column":37},"end":{"line":93,"column":1}},"line":7},"1":{"name":"(anonymous_1)","decl":{"start":{"line":14,"column":12},"end":{"line":14,"column":13}},"loc":{"start":{"line":14,"column":18},"end":{"line":86,"column":3}},"line":14},"2":{"name":"fetchDriverStandings","decl":{"start":{"line":17,"column":19},"end":{"line":17,"column":39}},"loc":{"start":{"line":17,"column":42},"end":{"line":81,"column":5}},"line":17},"3":{"name":"(anonymous_3)","decl":{"start":{"line":42,"column":62},"end":{"line":42,"column":63}},"loc":{"start":{"line":42,"column":74},"end":{"line":45,"column":11}},"line":42},"4":{"name":"(anonymous_4)","decl":{"start":{"line":48,"column":52},"end":{"line":48,"column":53}},"loc":{"start":{"line":48,"column":63},"end":{"line":69,"column":9}},"line":48},"5":{"name":"(anonymous_5)","decl":{"start":{"line":54,"column":19},"end":{"line":54,"column":20}},"loc":{"start":{"line":54,"column":29},"end":{"line":54,"column":73}},"line":54},"6":{"name":"(anonymous_6)","decl":{"start":{"line":71,"column":32},"end":{"line":71,"column":33}},"loc":{"start":{"line":71,"column":42},"end":{"line":71,"column":65}},"line":71},"7":{"name":"(anonymous_7)","decl":{"start":{"line":85,"column":11},"end":{"line":85,"column":12}},"loc":{"start":{"line":85,"column":17},"end":{"line":85,"column":35}},"line":85},"8":{"name":"(anonymous_8)","decl":{"start":{"line":88,"column":18},"end":{"line":88,"column":19}},"loc":{"start":{"line":88,"column":24},"end":{"line":90,"column":3}},"line":88},"9":{"name":"(anonymous_9)","decl":{"start":{"line":89,"column":17},"end":{"line":89,"column":18}},"loc":{"start":{"line":89,"column":30},"end":{"line":89,"column":41}},"line":89}},"branchMap":{"0":{"loc":{"start":{"line":26,"column":8},"end":{"line":28,"column":9}},"type":"if","locations":[{"start":{"line":26,"column":8},"end":{"line":28,"column":9}},{"start":{},"end":{}}],"line":26},"1":{"loc":{"start":{"line":32,"column":8},"end":{"line":34,"column":9}},"type":"if","locations":[{"start":{"line":32,"column":8},"end":{"line":34,"column":9}},{"start":{},"end":{}}],"line":32},"2":{"loc":{"start":{"line":42,"column":11},"end":{"line":42,"column":56}},"type":"cond-expr","locations":[{"start":{"line":42,"column":40},"end":{"line":42,"column":51}},{"start":{"line":42,"column":54},"end":{"line":42,"column":56}}],"line":42},"3":{"loc":{"start":{"line":51,"column":12},"end":{"line":55,"column":60}},"type":"binary-expr","locations":[{"start":{"line":51,"column":12},"end":{"line":55,"column":24}},{"start":{"line":55,"column":28},"end":{"line":55,"column":60}}],"line":51},"4":{"loc":{"start":{"line":59,"column":27},"end":{"line":59,"column":52}},"type":"binary-expr","locations":[{"start":{"line":59,"column":27},"end":{"line":59,"column":47}},{"start":{"line":59,"column":51},"end":{"line":59,"column":52}}],"line":59},"5":{"loc":{"start":{"line":60,"column":25},"end":{"line":60,"column":62}},"type":"binary-expr","locations":[{"start":{"line":60,"column":25},"end":{"line":60,"column":35}},{"start":{"line":60,"column":39},"end":{"line":60,"column":57}},{"start":{"line":60,"column":61},"end":{"line":60,"column":62}}],"line":60},"6":{"loc":{"start":{"line":61,"column":18},"end":{"line":61,"column":44}},"type":"binary-expr","locations":[{"start":{"line":61,"column":18},"end":{"line":61,"column":38}},{"start":{"line":61,"column":42},"end":{"line":61,"column":44}}],"line":61},"7":{"loc":{"start":{"line":63,"column":27},"end":{"line":63,"column":55}},"type":"binary-expr","locations":[{"start":{"line":63,"column":27},"end":{"line":63,"column":49}},{"start":{"line":63,"column":53},"end":{"line":63,"column":55}}],"line":63},"8":{"loc":{"start":{"line":65,"column":25},"end":{"line":65,"column":51}},"type":"binary-expr","locations":[{"start":{"line":65,"column":25},"end":{"line":65,"column":45}},{"start":{"line":65,"column":49},"end":{"line":65,"column":51}}],"line":65},"9":{"loc":{"start":{"line":66,"column":25},"end":{"line":66,"column":60}},"type":"binary-expr","locations":[{"start":{"line":66,"column":25},"end":{"line":66,"column":42}},{"start":{"line":66,"column":46},"end":{"line":66,"column":60}}],"line":66},"10":{"loc":{"start":{"line":67,"column":23},"end":{"line":67,"column":74}},"type":"cond-expr","locations":[{"start":{"line":67,"column":45},"end":{"line":67,"column":69}},{"start":{"line":67,"column":72},"end":{"line":67,"column":74}}],"line":67},"11":{"loc":{"start":{"line":76,"column":8},"end":{"line":76,"column":46}},"type":"if","locations":[{"start":{"line":76,"column":8},"end":{"line":76,"column":46}},{"start":{},"end":{}}],"line":76},"12":{"loc":{"start":{"line":77,"column":17},"end":{"line":77,"column":73}},"type":"binary-expr","locations":[{"start":{"line":77,"column":17},"end":{"line":77,"column":28}},{"start":{"line":77,"column":32},"end":{"line":77,"column":73}}],"line":77}},"s":{"0":9,"1":9,"2":9,"3":9,"4":9,"5":9,"6":4,"7":4,"8":4,"9":4,"10":4,"11":4,"12":1,"13":3,"14":3,"15":0,"16":3,"17":3,"18":4,"19":3,"20":4,"21":4,"22":8,"23":4,"24":3,"25":1,"26":3,"27":3,"28":1,"29":0,"30":1,"31":4,"32":4,"33":4,"34":4,"35":9,"36":1,"37":1,"38":9},"f":{"0":9,"1":4,"2":4,"3":4,"4":4,"5":8,"6":1,"7":4,"8":1,"9":1},"b":{"0":[1,3],"1":[0,3],"2":[3,0],"3":[4,0],"4":[4,0],"5":[4,4,4],"6":[4,0],"7":[4,4],"8":[4,2],"9":[4,0],"10":[4,0],"11":[0,1],"12":[1,0]},"_coverageSchema":"1a1c01bbd47fc00a2c39e90264f33305004495a9","hash":"81098d4cf91f6d6ea2f1e5adb62ac77b58173c1f"}
,"C:\\Users\\ahmad\\OneDrive\\Desktop\\f1-dashboard\\src\\pages\\Constructors.jsx": {"path":"C:\\Users\\ahmad\\OneDrive\\Desktop\\f1-dashboard\\src\\pages\\Constructors.jsx","statementMap":{"0":{"start":{"line":21,"column":20},"end":{"line":21,"column":70}},"1":{"start":{"line":24,"column":2},"end":{"line":26,"column":19}},"2":{"start":{"line":30,"column":28},"end":{"line":30,"column":40}},"3":{"start":{"line":31,"column":36},"end":{"line":31,"column":50}},"4":{"start":{"line":32,"column":28},"end":{"line":32,"column":42}},"5":{"start":{"line":34,"column":2},"end":{"line":110,"column":9}},"6":{"start":{"line":35,"column":23},"end":{"line":35,"column":44}},"7":{"start":{"line":38,"column":6},"end":{"line":105,"column":7}},"8":{"start":{"line":39,"column":8},"end":{"line":39,"column":27}},"9":{"start":{"line":40,"column":8},"end":{"line":40,"column":23}},"10":{"start":{"line":42,"column":35},"end":{"line":44,"column":9}},"11":{"start":{"line":46,"column":27},"end":{"line":46,"column":61}},"12":{"start":{"line":48,"column":8},"end":{"line":50,"column":9}},"13":{"start":{"line":49,"column":10},"end":{"line":49,"column":67}},"14":{"start":{"line":52,"column":44},"end":{"line":55,"column":10}},"15":{"start":{"line":57,"column":28},"end":{"line":57,"column":71}},"16":{"start":{"line":59,"column":29},"end":{"line":59,"column":38}},"17":{"start":{"line":60,"column":8},"end":{"line":68,"column":9}},"18":{"start":{"line":61,"column":20},"end":{"line":61,"column":41}},"19":{"start":{"line":62,"column":10},"end":{"line":62,"column":60}},"20":{"start":{"line":62,"column":36},"end":{"line":62,"column":60}},"21":{"start":{"line":63,"column":10},"end":{"line":67,"column":13}},"22":{"start":{"line":69,"column":8},"end":{"line":71,"column":9}},"23":{"start":{"line":70,"column":10},"end":{"line":70,"column":67}},"24":{"start":{"line":70,"column":30},"end":{"line":70,"column":65}},"25":{"start":{"line":73,"column":23},"end":{"line":97,"column":12}},"26":{"start":{"line":76,"column":14},"end":{"line":77,"column":47}},"27":{"start":{"line":80,"column":25},"end":{"line":80,"column":57}},"28":{"start":{"line":81,"column":24},"end":{"line":81,"column":38}},"29":{"start":{"line":82,"column":27},"end":{"line":82,"column":54}},"30":{"start":{"line":83,"column":32},"end":{"line":85,"column":13}},"31":{"start":{"line":84,"column":21},"end":{"line":84,"column":50}},"32":{"start":{"line":86,"column":30},"end":{"line":88,"column":18}},"33":{"start":{"line":89,"column":12},"end":{"line":96,"column":14}},"34":{"start":{"line":99,"column":8},"end":{"line":99,"column":25}},"35":{"start":{"line":101,"column":8},"end":{"line":101,"column":46}},"36":{"start":{"line":101,"column":39},"end":{"line":101,"column":46}},"37":{"start":{"line":102,"column":8},"end":{"line":102,"column":73}},"38":{"start":{"line":104,"column":8},"end":{"line":104,"column":28}},"39":{"start":{"line":108,"column":4},"end":{"line":108,"column":32}},"40":{"start":{"line":109,"column":4},"end":{"line":109,"column":36}},"41":{"start":{"line":109,"column":17},"end":{"line":109,"column":35}},"42":{"start":{"line":112,"column":2},"end":{"line":192,"column":4}},"43":{"start":{"line":136,"column":14},"end":{"line":186,"column":21}}},"fnMap":{"0":{"name":"normTeam","decl":{"start":{"line":23,"column":9},"end":{"line":23,"column":17}},"loc":{"start":{"line":23,"column":24},"end":{"line":27,"column":1}},"line":23},"1":{"name":"Constructors","decl":{"start":{"line":29,"column":24},"end":{"line":29,"column":36}},"loc":{"start":{"line":29,"column":39},"end":{"line":193,"column":1}},"line":29},"2":{"name":"(anonymous_2)","decl":{"start":{"line":34,"column":12},"end":{"line":34,"column":13}},"loc":{"start":{"line":34,"column":18},"end":{"line":110,"column":3}},"line":34},"3":{"name":"fetchConstructorStandings","decl":{"start":{"line":37,"column":19},"end":{"line":37,"column":44}},"loc":{"start":{"line":37,"column":47},"end":{"line":106,"column":5}},"line":37},"4":{"name":"(anonymous_4)","decl":{"start":{"line":70,"column":20},"end":{"line":70,"column":21}},"loc":{"start":{"line":70,"column":30},"end":{"line":70,"column":65}},"line":70},"5":{"name":"(anonymous_5)","decl":{"start":{"line":75,"column":12},"end":{"line":75,"column":13}},"loc":{"start":{"line":76,"column":14},"end":{"line":77,"column":47}},"line":76},"6":{"name":"(anonymous_6)","decl":{"start":{"line":79,"column":15},"end":{"line":79,"column":16}},"loc":{"start":{"line":79,"column":32},"end":{"line":97,"column":11}},"line":79},"7":{"name":"(anonymous_7)","decl":{"start":{"line":84,"column":14},"end":{"line":84,"column":15}},"loc":{"start":{"line":84,"column":21},"end":{"line":84,"column":50}},"line":84},"8":{"name":"(anonymous_8)","decl":{"start":{"line":109,"column":11},"end":{"line":109,"column":12}},"loc":{"start":{"line":109,"column":17},"end":{"line":109,"column":35}},"line":109},"9":{"name":"(anonymous_9)","decl":{"start":{"line":135,"column":23},"end":{"line":135,"column":24}},"loc":{"start":{"line":136,"column":14},"end":{"line":186,"column":21}},"line":136}},"branchMap":{"0":{"loc":{"start":{"line":24,"column":16},"end":{"line":24,"column":26}},"type":"binary-expr","locations":[{"start":{"line":24,"column":16},"end":{"line":24,"column":20}},{"start":{"line":24,"column":24},"end":{"line":24,"column":26}}],"line":24},"1":{"loc":{"start":{"line":48,"column":8},"end":{"line":50,"column":9}},"type":"if","locations":[{"start":{"line":48,"column":8},"end":{"line":50,"column":9}},{"start":{},"end":{}}],"line":48},"2":{"loc":{"start":{"line":57,"column":28},"end":{"line":57,"column":71}},"type":"cond-expr","locations":[{"start":{"line":57,"column":56},"end":{"line":57,"column":66}},{"start":{"line":57,"column":69},"end":{"line":57,"column":71}}],"line":57},"3":{"loc":{"start":{"line":62,"column":10},"end":{"line":62,"column":60}},"type":"if","locations":[{"start":{"line":62,"column":10},"end":{"line":62,"column":60}},{"start":{},"end":{}}],"line":62},"4":{"loc":{"start":{"line":65,"column":18},"end":{"line":65,"column":54}},"type":"binary-expr","locations":[{"start":{"line":65,"column":18},"end":{"line":65,"column":29}},{"start":{"line":65,"column":33},"end":{"line":65,"column":54}}],"line":65},"5":{"loc":{"start":{"line":66,"column":21},"end":{"line":66,"column":41}},"type":"binary-expr","locations":[{"start":{"line":66,"column":21},"end":{"line":66,"column":35}},{"start":{"line":66,"column":39},"end":{"line":66,"column":41}}],"line":66},"6":{"loc":{"start":{"line":76,"column":21},"end":{"line":76,"column":46}},"type":"binary-expr","locations":[{"start":{"line":76,"column":21},"end":{"line":76,"column":39}},{"start":{"line":76,"column":43},"end":{"line":76,"column":46}}],"line":76},"7":{"loc":{"start":{"line":77,"column":21},"end":{"line":77,"column":46}},"type":"binary-expr","locations":[{"start":{"line":77,"column":21},"end":{"line":77,"column":39}},{"start":{"line":77,"column":43},"end":{"line":77,"column":46}}],"line":77},"8":{"loc":{"start":{"line":80,"column":25},"end":{"line":80,"column":57}},"type":"binary-expr","locations":[{"start":{"line":80,"column":25},"end":{"line":80,"column":39}},{"start":{"line":80,"column":43},"end":{"line":80,"column":57}}],"line":80},"9":{"loc":{"start":{"line":82,"column":27},"end":{"line":82,"column":54}},"type":"binary-expr","locations":[{"start":{"line":82,"column":27},"end":{"line":82,"column":48}},{"start":{"line":82,"column":52},"end":{"line":82,"column":54}}],"line":82},"10":{"loc":{"start":{"line":86,"column":30},"end":{"line":88,"column":18}},"type":"cond-expr","locations":[{"start":{"line":87,"column":16},"end":{"line":87,"column":45}},{"start":{"line":88,"column":16},"end":{"line":88,"column":18}}],"line":86},"11":{"loc":{"start":{"line":91,"column":29},"end":{"line":91,"column":53}},"type":"binary-expr","locations":[{"start":{"line":91,"column":29},"end":{"line":91,"column":48}},{"start":{"line":91,"column":52},"end":{"line":91,"column":53}}],"line":91},"12":{"loc":{"start":{"line":92,"column":31},"end":{"line":92,"column":65}},"type":"binary-expr","locations":[{"start":{"line":92,"column":31},"end":{"line":92,"column":52}},{"start":{"line":92,"column":56},"end":{"line":92,"column":65}}],"line":92},"13":{"loc":{"start":{"line":101,"column":8},"end":{"line":101,"column":46}},"type":"if","locations":[{"start":{"line":101,"column":8},"end":{"line":101,"column":46}},{"start":{},"end":{}}],"line":101},"14":{"loc":{"start":{"line":102,"column":17},"end":{"line":102,"column":71}},"type":"binary-expr","locations":[{"start":{"line":102,"column":17},"end":{"line":102,"column":28}},{"start":{"line":102,"column":32},"end":{"line":102,"column":71}}],"line":102},"15":{"loc":{"start":{"line":124,"column":9},"end":{"line":189,"column":9}},"type":"cond-expr","locations":[{"start":{"line":125,"column":10},"end":{"line":130,"column":18}},{"start":{"line":131,"column":12},"end":{"line":189,"column":9}}],"line":124},"16":{"loc":{"start":{"line":131,"column":12},"end":{"line":189,"column":9}},"type":"cond-expr","locations":[{"start":{"line":132,"column":10},"end":{"line":132,"column":49}},{"start":{"line":134,"column":10},"end":{"line":188,"column":17}}],"line":131}},"s":{"0":1,"1":1,"2":4,"3":4,"4":4,"5":4,"6":2,"7":2,"8":2,"9":2,"10":2,"11":2,"12":2,"13":1,"14":1,"15":1,"16":1,"17":1,"18":0,"19":0,"20":0,"21":0,"22":1,"23":0,"24":0,"25":1,"26":0,"27":1,"28":1,"29":1,"30":1,"31":0,"32":1,"33":1,"34":1,"35":1,"36":0,"37":1,"38":2,"39":2,"40":2,"41":2,"42":4,"43":1},"f":{"0":1,"1":4,"2":2,"3":2,"4":0,"5":0,"6":1,"7":0,"8":2,"9":1},"b":{"0":[1,0],"1":[1,1],"2":[0,1],"3":[0,0],"4":[0,0],"5":[0,0],"6":[0,0],"7":[0,0],"8":[1,0],"9":[1,1],"10":[0,1],"11":[1,0],"12":[1,0],"13":[0,1],"14":[1,0],"15":[2,2],"16":[1,1]},"_coverageSchema":"1a1c01bbd47fc00a2c39e90264f33305004495a9","hash":"373c2702c9594fd67da37d216981b9363ba810c7"}
,"C:\\Users\\ahmad\\OneDrive\\Desktop\\f1-dashboard\\src\\pages\\CountdownTimer.jsx": {"path":"C:\\Users\\ahmad\\OneDrive\\Desktop\\f1-dashboard\\src\\pages\\CountdownTimer.jsx","statementMap":{"0":{"start":{"line":16,"column":2},"end":{"line":16,"column":37}},"1":{"start":{"line":16,"column":15},"end":{"line":16,"column":37}},"2":{"start":{"line":18,"column":23},"end":{"line":18,"column":44}},"3":{"start":{"line":19,"column":15},"end":{"line":19,"column":47}},"4":{"start":{"line":20,"column":16},"end":{"line":20,"column":57}},"5":{"start":{"line":21,"column":18},"end":{"line":21,"column":56}},"6":{"start":{"line":22,"column":18},"end":{"line":22,"column":35}},"7":{"start":{"line":24,"column":2},"end":{"line":24,"column":54}},"8":{"start":{"line":28,"column":30},"end":{"line":28,"column":44}},"9":{"start":{"line":29,"column":36},"end":{"line":29,"column":50}},"10":{"start":{"line":30,"column":28},"end":{"line":30,"column":42}},"11":{"start":{"line":31,"column":24},"end":{"line":31,"column":44}},"12":{"start":{"line":33,"column":2},"end":{"line":92,"column":9}},"13":{"start":{"line":34,"column":23},"end":{"line":34,"column":44}},"14":{"start":{"line":37,"column":6},"end":{"line":87,"column":7}},"15":{"start":{"line":38,"column":8},"end":{"line":38,"column":27}},"16":{"start":{"line":39,"column":8},"end":{"line":39,"column":23}},"17":{"start":{"line":41,"column":21},"end":{"line":41,"column":48}},"18":{"start":{"line":42,"column":25},"end":{"line":42,"column":73}},"19":{"start":{"line":43,"column":31},"end":{"line":45,"column":9}},"20":{"start":{"line":44,"column":10},"end":{"line":44,"column":64}},"21":{"start":{"line":47,"column":28},"end":{"line":51,"column":9}},"22":{"start":{"line":49,"column":12},"end":{"line":50,"column":22}},"23":{"start":{"line":53,"column":8},"end":{"line":55,"column":9}},"24":{"start":{"line":54,"column":10},"end":{"line":54,"column":55}},"25":{"start":{"line":57,"column":25},"end":{"line":60,"column":9}},"26":{"start":{"line":62,"column":31},"end":{"line":64,"column":9}},"27":{"start":{"line":63,"column":10},"end":{"line":63,"column":64}},"28":{"start":{"line":67,"column":10},"end":{"line":69,"column":32}},"29":{"start":{"line":68,"column":25},"end":{"line":68,"column":75}},"30":{"start":{"line":71,"column":8},"end":{"line":73,"column":9}},"31":{"start":{"line":72,"column":10},"end":{"line":72,"column":78}},"32":{"start":{"line":75,"column":8},"end":{"line":81,"column":11}},"33":{"start":{"line":83,"column":8},"end":{"line":83,"column":46}},"34":{"start":{"line":83,"column":39},"end":{"line":83,"column":46}},"35":{"start":{"line":84,"column":8},"end":{"line":84,"column":65}},"36":{"start":{"line":86,"column":8},"end":{"line":86,"column":28}},"37":{"start":{"line":90,"column":4},"end":{"line":90,"column":23}},"38":{"start":{"line":91,"column":4},"end":{"line":91,"column":36}},"39":{"start":{"line":91,"column":17},"end":{"line":91,"column":35}},"40":{"start":{"line":94,"column":2},"end":{"line":97,"column":9}},"41":{"start":{"line":95,"column":18},"end":{"line":95,"column":61}},"42":{"start":{"line":95,"column":36},"end":{"line":95,"column":54}},"43":{"start":{"line":96,"column":4},"end":{"line":96,"column":38}},"44":{"start":{"line":96,"column":17},"end":{"line":96,"column":37}},"45":{"start":{"line":99,"column":20},"end":{"line":102,"column":19}},"46":{"start":{"line":100,"column":4},"end":{"line":100,"column":40}},"47":{"start":{"line":100,"column":28},"end":{"line":100,"column":40}},"48":{"start":{"line":101,"column":4},"end":{"line":101,"column":46}},"49":{"start":{"line":104,"column":2},"end":{"line":141,"column":4}}},"fnMap":{"0":{"name":"formatDuration","decl":{"start":{"line":15,"column":9},"end":{"line":15,"column":23}},"loc":{"start":{"line":15,"column":28},"end":{"line":25,"column":1}},"line":15},"1":{"name":"CountdownTimer","decl":{"start":{"line":27,"column":24},"end":{"line":27,"column":38}},"loc":{"start":{"line":27,"column":41},"end":{"line":142,"column":1}},"line":27},"2":{"name":"(anonymous_2)","decl":{"start":{"line":33,"column":12},"end":{"line":33,"column":13}},"loc":{"start":{"line":33,"column":18},"end":{"line":92,"column":3}},"line":33},"3":{"name":"fetchNextSession","decl":{"start":{"line":36,"column":19},"end":{"line":36,"column":35}},"loc":{"start":{"line":36,"column":38},"end":{"line":88,"column":5}},"line":36},"4":{"name":"(anonymous_4)","decl":{"start":{"line":43,"column":50},"end":{"line":43,"column":51}},"loc":{"start":{"line":44,"column":10},"end":{"line":44,"column":64}},"line":44},"5":{"name":"(anonymous_5)","decl":{"start":{"line":48,"column":10},"end":{"line":48,"column":11}},"loc":{"start":{"line":49,"column":12},"end":{"line":50,"column":22}},"line":49},"6":{"name":"(anonymous_6)","decl":{"start":{"line":62,"column":50},"end":{"line":62,"column":51}},"loc":{"start":{"line":63,"column":10},"end":{"line":63,"column":64}},"line":63},"7":{"name":"(anonymous_7)","decl":{"start":{"line":68,"column":12},"end":{"line":68,"column":13}},"loc":{"start":{"line":68,"column":25},"end":{"line":68,"column":75}},"line":68},"8":{"name":"(anonymous_8)","decl":{"start":{"line":91,"column":11},"end":{"line":91,"column":12}},"loc":{"start":{"line":91,"column":17},"end":{"line":91,"column":35}},"line":91},"9":{"name":"(anonymous_9)","decl":{"start":{"line":94,"column":12},"end":{"line":94,"column":13}},"loc":{"start":{"line":94,"column":18},"end":{"line":97,"column":3}},"line":94},"10":{"name":"(anonymous_10)","decl":{"start":{"line":95,"column":30},"end":{"line":95,"column":31}},"loc":{"start":{"line":95,"column":36},"end":{"line":95,"column":54}},"line":95},"11":{"name":"(anonymous_11)","decl":{"start":{"line":96,"column":11},"end":{"line":96,"column":12}},"loc":{"start":{"line":96,"column":17},"end":{"line":96,"column":37}},"line":96},"12":{"name":"(anonymous_12)","decl":{"start":{"line":99,"column":28},"end":{"line":99,"column":29}},"loc":{"start":{"line":99,"column":34},"end":{"line":102,"column":3}},"line":99}},"branchMap":{"0":{"loc":{"start":{"line":16,"column":2},"end":{"line":16,"column":37}},"type":"if","locations":[{"start":{"line":16,"column":2},"end":{"line":16,"column":37}},{"start":{},"end":{}}],"line":16},"1":{"loc":{"start":{"line":44,"column":11},"end":{"line":44,"column":29}},"type":"binary-expr","locations":[{"start":{"line":44,"column":11},"end":{"line":44,"column":23}},{"start":{"line":44,"column":27},"end":{"line":44,"column":29}}],"line":44},"2":{"loc":{"start":{"line":44,"column":45},"end":{"line":44,"column":63}},"type":"binary-expr","locations":[{"start":{"line":44,"column":45},"end":{"line":44,"column":57}},{"start":{"line":44,"column":61},"end":{"line":44,"column":63}}],"line":44},"3":{"loc":{"start":{"line":49,"column":23},"end":{"line":49,"column":67}},"type":"binary-expr","locations":[{"start":{"line":49,"column":23},"end":{"line":49,"column":39}},{"start":{"line":49,"column":43},"end":{"line":49,"column":61}},{"start":{"line":49,"column":65},"end":{"line":49,"column":67}}],"line":49},"4":{"loc":{"start":{"line":53,"column":8},"end":{"line":55,"column":9}},"type":"if","locations":[{"start":{"line":53,"column":8},"end":{"line":55,"column":9}},{"start":{},"end":{}}],"line":53},"5":{"loc":{"start":{"line":63,"column":11},"end":{"line":63,"column":29}},"type":"binary-expr","locations":[{"start":{"line":63,"column":11},"end":{"line":63,"column":23}},{"start":{"line":63,"column":27},"end":{"line":63,"column":29}}],"line":63},"6":{"loc":{"start":{"line":63,"column":45},"end":{"line":63,"column":63}},"type":"binary-expr","locations":[{"start":{"line":63,"column":45},"end":{"line":63,"column":57}},{"start":{"line":63,"column":61},"end":{"line":63,"column":63}}],"line":63},"7":{"loc":{"start":{"line":67,"column":10},"end":{"line":69,"column":32}},"type":"binary-expr","locations":[{"start":{"line":67,"column":10},"end":{"line":69,"column":11}},{"start":{"line":69,"column":15},"end":{"line":69,"column":32}}],"line":67},"8":{"loc":{"start":{"line":68,"column":36},"end":{"line":68,"column":60}},"type":"binary-expr","locations":[{"start":{"line":68,"column":36},"end":{"line":68,"column":54}},{"start":{"line":68,"column":58},"end":{"line":68,"column":60}}],"line":68},"9":{"loc":{"start":{"line":71,"column":8},"end":{"line":73,"column":9}},"type":"if","locations":[{"start":{"line":71,"column":8},"end":{"line":73,"column":9}},{"start":{},"end":{}}],"line":71},"10":{"loc":{"start":{"line":76,"column":23},"end":{"line":76,"column":71}},"type":"binary-expr","locations":[{"start":{"line":76,"column":23},"end":{"line":76,"column":47}},{"start":{"line":76,"column":51},"end":{"line":76,"column":71}}],"line":76},"11":{"loc":{"start":{"line":77,"column":19},"end":{"line":77,"column":70}},"type":"binary-expr","locations":[{"start":{"line":77,"column":19},"end":{"line":77,"column":49}},{"start":{"line":77,"column":53},"end":{"line":77,"column":70}}],"line":77},"12":{"loc":{"start":{"line":78,"column":19},"end":{"line":78,"column":64}},"type":"binary-expr","locations":[{"start":{"line":78,"column":19},"end":{"line":78,"column":43}},{"start":{"line":78,"column":47},"end":{"line":78,"column":64}}],"line":78},"13":{"loc":{"start":{"line":79,"column":23},"end":{"line":79,"column":60}},"type":"binary-expr","locations":[{"start":{"line":79,"column":23},"end":{"line":79,"column":47}},{"start":{"line":79,"column":51},"end":{"line":79,"column":60}}],"line":79},"14":{"loc":{"start":{"line":83,"column":8},"end":{"line":83,"column":46}},"type":"if","locations":[{"start":{"line":83,"column":8},"end":{"line":83,"column":46}},{"start":{},"end":{}}],"line":83},"15":{"loc":{"start":{"line":84,"column":17},"end":{"line":84,"column":63}},"type":"binary-expr","locations":[{"start":{"line":84,"column":17},"end":{"line":84,"column":28}},{"start":{"line":84,"column":32},"end":{"line":84,"column":63}}],"line":84},"16":{"loc":{"start":{"line":100,"column":4},"end":{"line":100,"column":40}},"type":"if","locations":[{"start":{"line":100,"column":4},"end":{"line":100,"column":40}},{"start":{},"end":{}}],"line":100},"17":{"loc":{"start":{"line":114,"column":9},"end":{"line":138,"column":9}},"type":"cond-expr","locations":[{"start":{"line":115,"column":10},"end":{"line":118,"column":18}},{"start":{"line":119,"column":12},"end":{"line":138,"column":9}}],"line":114},"18":{"loc":{"start":{"line":119,"column":12},"end":{"line":138,"column":9}},"type":"cond-expr","locations":[{"start":{"line":120,"column":10},"end":{"line":120,"column":49}},{"start":{"line":122,"column":10},"end":{"line":137,"column":17}}],"line":119},"19":{"loc":{"start":{"line":131,"column":32},"end":{"line":131,"column":46}},"type":"binary-expr","locations":[{"start":{"line":131,"column":32},"end":{"line":131,"column":41}},{"start":{"line":131,"column":45},"end":{"line":131,"column":46}}],"line":131},"20":{"loc":{"start":{"line":134,"column":37},"end":{"line":134,"column":60}},"type":"binary-expr","locations":[{"start":{"line":134,"column":37},"end":{"line":134,"column":54}},{"start":{"line":134,"column":58},"end":{"line":134,"column":60}}],"line":134}},"s":{"0":1,"1":0,"2":1,"3":1,"4":1,"5":1,"6":1,"7":1,"8":4,"9":4,"10":4,"11":4,"12":4,"13":2,"14":2,"15":2,"16":2,"17":2,"18":2,"19":2,"20":0,"21":2,"22":2,"23":2,"24":1,"25":1,"26":1,"27":0,"28":1,"29":1,"30":1,"31":0,"32":1,"33":1,"34":0,"35":1,"36":2,"37":2,"38":2,"39":2,"40":4,"41":2,"42":0,"43":2,"44":2,"45":4,"46":3,"47":2,"48":1,"49":4},"f":{"0":1,"1":4,"2":2,"3":2,"4":0,"5":2,"6":0,"7":1,"8":2,"9":2,"10":0,"11":2,"12":3},"b":{"0":[0,1],"1":[0,0],"2":[0,0],"3":[2,0,0],"4":[1,1],"5":[0,0],"6":[0,0],"7":[1,0],"8":[1,0],"9":[0,1],"10":[1,0],"11":[1,0],"12":[1,0],"13":[1,0],"14":[0,1],"15":[1,0],"16":[2,1],"17":[2,2],"18":[1,1],"19":[1,0],"20":[1,0]},"_coverageSchema":"1a1c01bbd47fc00a2c39e90264f33305004495a9","hash":"740b4ae83b42c742242308edf8c2862a86e44121"}
,"C:\\Users\\ahmad\\OneDrive\\Desktop\\f1-dashboard\\src\\pages\\Dashboard.jsx": {"path":"C:\\Users\\ahmad\\OneDrive\\Desktop\\f1-dashboard\\src\\pages\\Dashboard.jsx","statementMap":{"0":{"start":{"line":17,"column":36},"end":{"line":17,"column":48}},"1":{"start":{"line":18,"column":36},"end":{"line":18,"column":50}},"2":{"start":{"line":19,"column":28},"end":{"line":19,"column":42}},"3":{"start":{"line":21,"column":14},"end":{"line":21,"column":43}},"4":{"start":{"line":21,"column":28},"end":{"line":21,"column":38}},"5":{"start":{"line":23,"column":2},"end":{"line":110,"column":12}},"6":{"start":{"line":24,"column":23},"end":{"line":24,"column":44}},"7":{"start":{"line":27,"column":6},"end":{"line":27,"column":36}},"8":{"start":{"line":27,"column":23},"end":{"line":27,"column":36}},"9":{"start":{"line":28,"column":19},"end":{"line":28,"column":54}},"10":{"start":{"line":29,"column":6},"end":{"line":29,"column":47}},"11":{"start":{"line":29,"column":34},"end":{"line":29,"column":47}},"12":{"start":{"line":30,"column":6},"end":{"line":30,"column":42}},"13":{"start":{"line":30,"column":21},"end":{"line":30,"column":42}},"14":{"start":{"line":31,"column":19},"end":{"line":31,"column":58}},"15":{"start":{"line":32,"column":6},"end":{"line":32,"column":51}},"16":{"start":{"line":36,"column":6},"end":{"line":105,"column":7}},"17":{"start":{"line":37,"column":8},"end":{"line":37,"column":27}},"18":{"start":{"line":38,"column":8},"end":{"line":38,"column":23}},"19":{"start":{"line":40,"column":21},"end":{"line":40,"column":48}},"20":{"start":{"line":41,"column":44},"end":{"line":44,"column":10}},"21":{"start":{"line":46,"column":31},"end":{"line":48,"column":9}},"22":{"start":{"line":47,"column":10},"end":{"line":47,"column":64}},"23":{"start":{"line":50,"column":10},"end":{"line":53,"column":56}},"24":{"start":{"line":52,"column":14},"end":{"line":52,"column":77}},"25":{"start":{"line":55,"column":32},"end":{"line":57,"column":16}},"26":{"start":{"line":56,"column":23},"end":{"line":56,"column":85}},"27":{"start":{"line":58,"column":28},"end":{"line":58,"column":49}},"28":{"start":{"line":60,"column":35},"end":{"line":63,"column":12}},"29":{"start":{"line":62,"column":12},"end":{"line":62,"column":81}},"30":{"start":{"line":65,"column":8},"end":{"line":99,"column":11}},"31":{"start":{"line":101,"column":8},"end":{"line":101,"column":46}},"32":{"start":{"line":101,"column":39},"end":{"line":101,"column":46}},"33":{"start":{"line":102,"column":8},"end":{"line":102,"column":68}},"34":{"start":{"line":104,"column":8},"end":{"line":104,"column":28}},"35":{"start":{"line":108,"column":4},"end":{"line":108,"column":25}},"36":{"start":{"line":109,"column":4},"end":{"line":109,"column":36}},"37":{"start":{"line":109,"column":17},"end":{"line":109,"column":35}},"38":{"start":{"line":112,"column":2},"end":{"line":173,"column":4}},"39":{"start":{"line":143,"column":14},"end":{"line":167,"column":21}}},"fnMap":{"0":{"name":"Dashboard","decl":{"start":{"line":16,"column":24},"end":{"line":16,"column":33}},"loc":{"start":{"line":16,"column":36},"end":{"line":174,"column":1}},"line":16},"1":{"name":"(anonymous_1)","decl":{"start":{"line":21,"column":22},"end":{"line":21,"column":23}},"loc":{"start":{"line":21,"column":28},"end":{"line":21,"column":38}},"line":21},"2":{"name":"(anonymous_2)","decl":{"start":{"line":23,"column":12},"end":{"line":23,"column":13}},"loc":{"start":{"line":23,"column":18},"end":{"line":110,"column":3}},"line":23},"3":{"name":"getCountdown","decl":{"start":{"line":26,"column":13},"end":{"line":26,"column":25}},"loc":{"start":{"line":26,"column":38},"end":{"line":33,"column":5}},"line":26},"4":{"name":"fetchDashboardData","decl":{"start":{"line":35,"column":19},"end":{"line":35,"column":37}},"loc":{"start":{"line":35,"column":40},"end":{"line":106,"column":5}},"line":35},"5":{"name":"(anonymous_5)","decl":{"start":{"line":46,"column":50},"end":{"line":46,"column":51}},"loc":{"start":{"line":47,"column":10},"end":{"line":47,"column":64}},"line":47},"6":{"name":"(anonymous_6)","decl":{"start":{"line":51,"column":12},"end":{"line":51,"column":13}},"loc":{"start":{"line":52,"column":14},"end":{"line":52,"column":77}},"line":52},"7":{"name":"(anonymous_7)","decl":{"start":{"line":56,"column":10},"end":{"line":56,"column":11}},"loc":{"start":{"line":56,"column":23},"end":{"line":56,"column":85}},"line":56},"8":{"name":"(anonymous_8)","decl":{"start":{"line":61,"column":10},"end":{"line":61,"column":11}},"loc":{"start":{"line":62,"column":12},"end":{"line":62,"column":81}},"line":62},"9":{"name":"(anonymous_9)","decl":{"start":{"line":109,"column":11},"end":{"line":109,"column":12}},"loc":{"start":{"line":109,"column":17},"end":{"line":109,"column":35}},"line":109},"10":{"name":"(anonymous_10)","decl":{"start":{"line":142,"column":27},"end":{"line":142,"column":28}},"loc":{"start":{"line":143,"column":14},"end":{"line":167,"column":21}},"line":143}},"branchMap":{"0":{"loc":{"start":{"line":27,"column":6},"end":{"line":27,"column":36}},"type":"if","locations":[{"start":{"line":27,"column":6},"end":{"line":27,"column":36}},{"start":{},"end":{}}],"line":27},"1":{"loc":{"start":{"line":29,"column":6},"end":{"line":29,"column":47}},"type":"if","locations":[{"start":{"line":29,"column":6},"end":{"line":29,"column":47}},{"start":{},"end":{}}],"line":29},"2":{"loc":{"start":{"line":30,"column":6},"end":{"line":30,"column":42}},"type":"if","locations":[{"start":{"line":30,"column":6},"end":{"line":30,"column":42}},{"start":{},"end":{}}],"line":30},"3":{"loc":{"start":{"line":32,"column":27},"end":{"line":32,"column":48}},"type":"cond-expr","locations":[{"start":{"line":32,"column":40},"end":{"line":32,"column":42}},{"start":{"line":32,"column":45},"end":{"line":32,"column":48}}],"line":32},"4":{"loc":{"start":{"line":47,"column":11},"end":{"line":47,"column":29}},"type":"binary-expr","locations":[{"start":{"line":47,"column":11},"end":{"line":47,"column":23}},{"start":{"line":47,"column":27},"end":{"line":47,"column":29}}],"line":47},"5":{"loc":{"start":{"line":47,"column":45},"end":{"line":47,"column":63}},"type":"binary-expr","locations":[{"start":{"line":47,"column":45},"end":{"line":47,"column":57}},{"start":{"line":47,"column":61},"end":{"line":47,"column":63}}],"line":47},"6":{"loc":{"start":{"line":50,"column":10},"end":{"line":53,"column":56}},"type":"binary-expr","locations":[{"start":{"line":50,"column":10},"end":{"line":53,"column":11}},{"start":{"line":53,"column":15},"end":{"line":53,"column":56}}],"line":50},"7":{"loc":{"start":{"line":52,"column":25},"end":{"line":52,"column":69}},"type":"binary-expr","locations":[{"start":{"line":52,"column":25},"end":{"line":52,"column":41}},{"start":{"line":52,"column":45},"end":{"line":52,"column":63}},{"start":{"line":52,"column":67},"end":{"line":52,"column":69}}],"line":52},"8":{"loc":{"start":{"line":56,"column":34},"end":{"line":56,"column":78}},"type":"binary-expr","locations":[{"start":{"line":56,"column":34},"end":{"line":56,"column":50}},{"start":{"line":56,"column":54},"end":{"line":56,"column":72}},{"start":{"line":56,"column":76},"end":{"line":56,"column":78}}],"line":56},"9":{"loc":{"start":{"line":62,"column":19},"end":{"line":62,"column":44}},"type":"binary-expr","locations":[{"start":{"line":62,"column":19},"end":{"line":62,"column":37}},{"start":{"line":62,"column":41},"end":{"line":62,"column":44}}],"line":62},"10":{"loc":{"start":{"line":62,"column":55},"end":{"line":62,"column":80}},"type":"binary-expr","locations":[{"start":{"line":62,"column":55},"end":{"line":62,"column":73}},{"start":{"line":62,"column":77},"end":{"line":62,"column":80}}],"line":62},"11":{"loc":{"start":{"line":68,"column":19},"end":{"line":68,"column":53}},"type":"binary-expr","locations":[{"start":{"line":68,"column":19},"end":{"line":68,"column":44}},{"start":{"line":68,"column":48},"end":{"line":68,"column":53}}],"line":68},"12":{"loc":{"start":{"line":72,"column":19},"end":{"line":72,"column":59}},"type":"binary-expr","locations":[{"start":{"line":72,"column":19},"end":{"line":72,"column":50}},{"start":{"line":72,"column":54},"end":{"line":72,"column":59}}],"line":72},"13":{"loc":{"start":{"line":81,"column":14},"end":{"line":83,"column":23}},"type":"cond-expr","locations":[{"start":{"line":82,"column":18},"end":{"line":82,"column":88}},{"start":{"line":83,"column":18},"end":{"line":83,"column":23}}],"line":81},"14":{"loc":{"start":{"line":88,"column":14},"end":{"line":90,"column":23}},"type":"cond-expr","locations":[{"start":{"line":89,"column":18},"end":{"line":89,"column":56}},{"start":{"line":90,"column":18},"end":{"line":90,"column":23}}],"line":88},"15":{"loc":{"start":{"line":95,"column":14},"end":{"line":97,"column":23}},"type":"cond-expr","locations":[{"start":{"line":96,"column":18},"end":{"line":96,"column":60}},{"start":{"line":97,"column":18},"end":{"line":97,"column":23}}],"line":95},"16":{"loc":{"start":{"line":101,"column":8},"end":{"line":101,"column":46}},"type":"if","locations":[{"start":{"line":101,"column":8},"end":{"line":101,"column":46}},{"start":{},"end":{}}],"line":101},"17":{"loc":{"start":{"line":102,"column":17},"end":{"line":102,"column":66}},"type":"binary-expr","locations":[{"start":{"line":102,"column":17},"end":{"line":102,"column":28}},{"start":{"line":102,"column":32},"end":{"line":102,"column":66}}],"line":102},"18":{"loc":{"start":{"line":131,"column":9},"end":{"line":170,"column":9}},"type":"cond-expr","locations":[{"start":{"line":132,"column":10},"end":{"line":137,"column":18}},{"start":{"line":138,"column":12},"end":{"line":170,"column":9}}],"line":131},"19":{"loc":{"start":{"line":138,"column":12},"end":{"line":170,"column":9}},"type":"cond-expr","locations":[{"start":{"line":139,"column":10},"end":{"line":139,"column":49}},{"start":{"line":141,"column":10},"end":{"line":169,"column":17}}],"line":138}},"s":{"0":2,"1":2,"2":2,"3":2,"4":1,"5":2,"6":1,"7":1,"8":0,"9":1,"10":1,"11":0,"12":1,"13":0,"14":1,"15":1,"16":1,"17":1,"18":1,"19":1,"20":1,"21":1,"22":0,"23":1,"24":1,"25":1,"26":1,"27":1,"28":1,"29":0,"30":1,"31":0,"32":0,"33":0,"34":1,"35":1,"36":1,"37":1,"38":2,"39":6},"f":{"0":2,"1":1,"2":1,"3":1,"4":1,"5":0,"6":1,"7":1,"8":0,"9":1,"10":6},"b":{"0":[0,1],"1":[0,1],"2":[0,1],"3":[0,1],"4":[0,0],"5":[0,0],"6":[1,0],"7":[1,0,0],"8":[1,0,0],"9":[0,0],"10":[0,0],"11":[1,0],"12":[1,0],"13":[1,0],"14":[1,0],"15":[1,0],"16":[0,0],"17":[0,0],"18":[1,1],"19":[0,1]},"_coverageSchema":"1a1c01bbd47fc00a2c39e90264f33305004495a9","hash":"1f2075beff85915384fb4a7db3e4c560f587941a"}
,"C:\\Users\\ahmad\\OneDrive\\Desktop\\f1-dashboard\\src\\pages\\DriverProfiles.jsx": {"path":"C:\\Users\\ahmad\\OneDrive\\Desktop\\f1-dashboard\\src\\pages\\DriverProfiles.jsx","statementMap":{"0":{"start":{"line":21,"column":32},"end":{"line":21,"column":44}},"1":{"start":{"line":22,"column":36},"end":{"line":22,"column":50}},"2":{"start":{"line":23,"column":28},"end":{"line":23,"column":42}},"3":{"start":{"line":25,"column":2},"end":{"line":65,"column":9}},"4":{"start":{"line":26,"column":23},"end":{"line":26,"column":44}},"5":{"start":{"line":29,"column":6},"end":{"line":60,"column":7}},"6":{"start":{"line":30,"column":8},"end":{"line":30,"column":27}},"7":{"start":{"line":31,"column":8},"end":{"line":31,"column":23}},"8":{"start":{"line":33,"column":26},"end":{"line":33,"column":78}},"9":{"start":{"line":34,"column":27},"end":{"line":34,"column":52}},"10":{"start":{"line":36,"column":8},"end":{"line":38,"column":9}},"11":{"start":{"line":37,"column":10},"end":{"line":37,"column":79}},"12":{"start":{"line":40,"column":21},"end":{"line":40,"column":77}},"13":{"start":{"line":41,"column":23},"end":{"line":52,"column":13}},"14":{"start":{"line":42,"column":26},"end":{"line":42,"column":78}},"15":{"start":{"line":43,"column":28},"end":{"line":52,"column":11}},"16":{"start":{"line":54,"column":8},"end":{"line":54,"column":27}},"17":{"start":{"line":56,"column":8},"end":{"line":56,"column":46}},"18":{"start":{"line":56,"column":39},"end":{"line":56,"column":46}},"19":{"start":{"line":57,"column":8},"end":{"line":57,"column":66}},"20":{"start":{"line":59,"column":8},"end":{"line":59,"column":28}},"21":{"start":{"line":63,"column":4},"end":{"line":63,"column":20}},"22":{"start":{"line":64,"column":4},"end":{"line":64,"column":36}},"23":{"start":{"line":64,"column":17},"end":{"line":64,"column":35}},"24":{"start":{"line":67,"column":2},"end":{"line":153,"column":4}},"25":{"start":{"line":84,"column":14},"end":{"line":147,"column":21}}},"fnMap":{"0":{"name":"DriverProfiles","decl":{"start":{"line":20,"column":24},"end":{"line":20,"column":38}},"loc":{"start":{"line":20,"column":41},"end":{"line":154,"column":1}},"line":20},"1":{"name":"(anonymous_1)","decl":{"start":{"line":25,"column":12},"end":{"line":25,"column":13}},"loc":{"start":{"line":25,"column":18},"end":{"line":65,"column":3}},"line":25},"2":{"name":"fetchProfiles","decl":{"start":{"line":28,"column":19},"end":{"line":28,"column":32}},"loc":{"start":{"line":28,"column":35},"end":{"line":61,"column":5}},"line":28},"3":{"name":"(anonymous_3)","decl":{"start":{"line":42,"column":16},"end":{"line":42,"column":17}},"loc":{"start":{"line":42,"column":26},"end":{"line":42,"column":78}},"line":42},"4":{"name":"(anonymous_4)","decl":{"start":{"line":43,"column":15},"end":{"line":43,"column":16}},"loc":{"start":{"line":43,"column":28},"end":{"line":52,"column":11}},"line":43},"5":{"name":"(anonymous_5)","decl":{"start":{"line":64,"column":11},"end":{"line":64,"column":12}},"loc":{"start":{"line":64,"column":17},"end":{"line":64,"column":35}},"line":64},"6":{"name":"(anonymous_6)","decl":{"start":{"line":83,"column":25},"end":{"line":83,"column":26}},"loc":{"start":{"line":84,"column":14},"end":{"line":147,"column":21}},"line":84}},"branchMap":{"0":{"loc":{"start":{"line":36,"column":8},"end":{"line":38,"column":9}},"type":"if","locations":[{"start":{"line":36,"column":8},"end":{"line":38,"column":9}},{"start":{},"end":{}}],"line":36},"1":{"loc":{"start":{"line":42,"column":27},"end":{"line":42,"column":44}},"type":"binary-expr","locations":[{"start":{"line":42,"column":27},"end":{"line":42,"column":38}},{"start":{"line":42,"column":42},"end":{"line":42,"column":44}}],"line":42},"2":{"loc":{"start":{"line":42,"column":60},"end":{"line":42,"column":77}},"type":"binary-expr","locations":[{"start":{"line":42,"column":60},"end":{"line":42,"column":71}},{"start":{"line":42,"column":75},"end":{"line":42,"column":77}}],"line":42},"3":{"loc":{"start":{"line":45,"column":22},"end":{"line":45,"column":58}},"type":"binary-expr","locations":[{"start":{"line":45,"column":22},"end":{"line":45,"column":38}},{"start":{"line":45,"column":42},"end":{"line":45,"column":58}}],"line":45},"4":{"loc":{"start":{"line":46,"column":21},"end":{"line":46,"column":46}},"type":"binary-expr","locations":[{"start":{"line":46,"column":21},"end":{"line":46,"column":40}},{"start":{"line":46,"column":44},"end":{"line":46,"column":46}}],"line":46},"5":{"loc":{"start":{"line":47,"column":18},"end":{"line":47,"column":52}},"type":"binary-expr","locations":[{"start":{"line":47,"column":18},"end":{"line":47,"column":34}},{"start":{"line":47,"column":38},"end":{"line":47,"column":52}}],"line":47},"6":{"loc":{"start":{"line":49,"column":22},"end":{"line":49,"column":47}},"type":"binary-expr","locations":[{"start":{"line":49,"column":22},"end":{"line":49,"column":41}},{"start":{"line":49,"column":45},"end":{"line":49,"column":47}}],"line":49},"7":{"loc":{"start":{"line":50,"column":23},"end":{"line":50,"column":73}},"type":"cond-expr","locations":[{"start":{"line":50,"column":44},"end":{"line":50,"column":68}},{"start":{"line":50,"column":71},"end":{"line":50,"column":73}}],"line":50},"8":{"loc":{"start":{"line":51,"column":27},"end":{"line":51,"column":54}},"type":"binary-expr","locations":[{"start":{"line":51,"column":27},"end":{"line":51,"column":48}},{"start":{"line":51,"column":52},"end":{"line":51,"column":54}}],"line":51},"9":{"loc":{"start":{"line":56,"column":8},"end":{"line":56,"column":46}},"type":"if","locations":[{"start":{"line":56,"column":8},"end":{"line":56,"column":46}},{"start":{},"end":{}}],"line":56},"10":{"loc":{"start":{"line":57,"column":17},"end":{"line":57,"column":64}},"type":"binary-expr","locations":[{"start":{"line":57,"column":17},"end":{"line":57,"column":28}},{"start":{"line":57,"column":32},"end":{"line":57,"column":64}}],"line":57},"11":{"loc":{"start":{"line":74,"column":9},"end":{"line":150,"column":9}},"type":"cond-expr","locations":[{"start":{"line":75,"column":10},"end":{"line":78,"column":18}},{"start":{"line":79,"column":12},"end":{"line":150,"column":9}}],"line":74},"12":{"loc":{"start":{"line":79,"column":12},"end":{"line":150,"column":9}},"type":"cond-expr","locations":[{"start":{"line":80,"column":10},"end":{"line":80,"column":49}},{"start":{"line":82,"column":10},"end":{"line":149,"column":17}}],"line":79},"13":{"loc":{"start":{"line":108,"column":25},"end":{"line":108,"column":64}},"type":"binary-expr","locations":[{"start":{"line":108,"column":25},"end":{"line":108,"column":39}},{"start":{"line":108,"column":43},"end":{"line":108,"column":64}}],"line":108},"14":{"loc":{"start":{"line":121,"column":23},"end":{"line":130,"column":23}},"type":"binary-expr","locations":[{"start":{"line":121,"column":23},"end":{"line":121,"column":39}},{"start":{"line":122,"column":24},"end":{"line":129,"column":26}}],"line":121},"15":{"loc":{"start":{"line":136,"column":21},"end":{"line":143,"column":21}},"type":"binary-expr","locations":[{"start":{"line":136,"column":21},"end":{"line":136,"column":35}},{"start":{"line":137,"column":22},"end":{"line":142,"column":24}}],"line":136}},"s":{"0":4,"1":4,"2":4,"3":4,"4":2,"5":2,"6":2,"7":2,"8":2,"9":2,"10":2,"11":1,"12":1,"13":1,"14":0,"15":1,"16":1,"17":1,"18":0,"19":1,"20":2,"21":2,"22":2,"23":2,"24":4,"25":1},"f":{"0":4,"1":2,"2":2,"3":0,"4":1,"5":2,"6":1},"b":{"0":[1,1],"1":[0,0],"2":[0,0],"3":[1,0],"4":[1,0],"5":[1,0],"6":[1,0],"7":[1,0],"8":[1,1],"9":[0,1],"10":[1,0],"11":[2,2],"12":[1,1],"13":[1,0],"14":[1,1],"15":[1,1]},"_coverageSchema":"1a1c01bbd47fc00a2c39e90264f33305004495a9","hash":"26559c1837131c6484bbafb8a7d54d0718bd7c1e"}
,"C:\\Users\\ahmad\\OneDrive\\Desktop\\f1-dashboard\\src\\pages\\Drivers.jsx": {"path":"C:\\Users\\ahmad\\OneDrive\\Desktop\\f1-dashboard\\src\\pages\\Drivers.jsx","statementMap":{"0":{"start":{"line":23,"column":4},"end":{"line":23,"column":24}},"1":{"start":{"line":24,"column":20},"end":{"line":29,"column":5}},"2":{"start":{"line":24,"column":47},"end":{"line":29,"column":3}},"3":{"start":{"line":31,"column":2},"end":{"line":132,"column":4}},"4":{"start":{"line":98,"column":44},"end":{"line":98,"column":70}},"5":{"start":{"line":100,"column":24},"end":{"line":106,"column":33}}},"fnMap":{"0":{"name":"Drivers","decl":{"start":{"line":21,"column":24},"end":{"line":21,"column":31}},"loc":{"start":{"line":21,"column":34},"end":{"line":133,"column":1}},"line":21},"1":{"name":"(anonymous_1)","decl":{"start":{"line":24,"column":34},"end":{"line":24,"column":35}},"loc":{"start":{"line":24,"column":47},"end":{"line":29,"column":3}},"line":24},"2":{"name":"(anonymous_2)","decl":{"start":{"line":98,"column":33},"end":{"line":98,"column":34}},"loc":{"start":{"line":98,"column":44},"end":{"line":98,"column":70}},"line":98},"3":{"name":"(anonymous_3)","decl":{"start":{"line":99,"column":38},"end":{"line":99,"column":39}},"loc":{"start":{"line":100,"column":24},"end":{"line":106,"column":33}},"line":100}},"branchMap":{"0":{"loc":{"start":{"line":41,"column":11},"end":{"line":45,"column":11}},"type":"binary-expr","locations":[{"start":{"line":41,"column":11},"end":{"line":41,"column":22}},{"start":{"line":42,"column":12},"end":{"line":44,"column":25}}],"line":41},"1":{"loc":{"start":{"line":49,"column":11},"end":{"line":54,"column":11}},"type":"binary-expr","locations":[{"start":{"line":49,"column":11},"end":{"line":49,"column":20}},{"start":{"line":50,"column":12},"end":{"line":53,"column":20}}],"line":49},"2":{"loc":{"start":{"line":56,"column":11},"end":{"line":68,"column":11}},"type":"binary-expr","locations":[{"start":{"line":56,"column":11},"end":{"line":56,"column":16}},{"start":{"line":57,"column":12},"end":{"line":67,"column":20}}],"line":56},"3":{"loc":{"start":{"line":70,"column":11},"end":{"line":128,"column":11}},"type":"binary-expr","locations":[{"start":{"line":70,"column":11},"end":{"line":70,"column":21}},{"start":{"line":70,"column":25},"end":{"line":70,"column":31}},{"start":{"line":71,"column":12},"end":{"line":127,"column":20}}],"line":70},"4":{"loc":{"start":{"line":100,"column":24},"end":{"line":106,"column":33}},"type":"cond-expr","locations":[{"start":{"line":101,"column":28},"end":{"line":105,"column":30}},{"start":{"line":106,"column":28},"end":{"line":106,"column":33}}],"line":100},"5":{"loc":{"start":{"line":102,"column":30},"end":{"line":104,"column":36}},"type":"cond-expr","locations":[{"start":{"line":103,"column":34},"end":{"line":103,"column":65}},{"start":{"line":104,"column":34},"end":{"line":104,"column":36}}],"line":102}},"s":{"0":3,"1":3,"2":1,"3":3,"4":0,"5":0},"f":{"0":3,"1":1,"2":0,"3":0},"b":{"0":[3,1],"1":[3,1],"2":[3,1],"3":[3,2,1],"4":[0,0],"5":[0,0]},"_coverageSchema":"1a1c01bbd47fc00a2c39e90264f33305004495a9","hash":"befba0665c73fe28abf7b407c3d104672e64a415"}
,"C:\\Users\\ahmad\\OneDrive\\Desktop\\f1-dashboard\\src\\pages\\HeadToHeadComparison.jsx": {"path":"C:\\Users\\ahmad\\OneDrive\\Desktop\\f1-dashboard\\src\\pages\\HeadToHeadComparison.jsx","statementMap":{"0":{"start":{"line":32,"column":2},"end":{"line":32,"column":73}},"1":{"start":{"line":32,"column":41},"end":{"line":32,"column":73}},"2":{"start":{"line":33,"column":17},"end":{"line":33,"column":28}},"3":{"start":{"line":34,"column":2},"end":{"line":34,"column":69}},"4":{"start":{"line":38,"column":32},"end":{"line":38,"column":44}},"5":{"start":{"line":39,"column":48},"end":{"line":39,"column":67}},"6":{"start":{"line":40,"column":40},"end":{"line":40,"column":52}},"7":{"start":{"line":41,"column":42},"end":{"line":41,"column":54}},"8":{"start":{"line":42,"column":36},"end":{"line":42,"column":50}},"9":{"start":{"line":43,"column":28},"end":{"line":43,"column":42}},"10":{"start":{"line":45,"column":2},"end":{"line":99,"column":9}},"11":{"start":{"line":46,"column":23},"end":{"line":46,"column":44}},"12":{"start":{"line":49,"column":6},"end":{"line":94,"column":7}},"13":{"start":{"line":50,"column":8},"end":{"line":50,"column":27}},"14":{"start":{"line":51,"column":8},"end":{"line":51,"column":23}},"15":{"start":{"line":53,"column":26},"end":{"line":53,"column":78}},"16":{"start":{"line":54,"column":27},"end":{"line":54,"column":52}},"17":{"start":{"line":55,"column":8},"end":{"line":57,"column":9}},"18":{"start":{"line":56,"column":10},"end":{"line":56,"column":77}},"19":{"start":{"line":59,"column":43},"end":{"line":62,"column":10}},"20":{"start":{"line":64,"column":30},"end":{"line":74,"column":55}},"21":{"start":{"line":65,"column":28},"end":{"line":73,"column":11}},"22":{"start":{"line":74,"column":26},"end":{"line":74,"column":54}},"23":{"start":{"line":76,"column":26},"end":{"line":78,"column":9}},"24":{"start":{"line":77,"column":36},"end":{"line":77,"column":70}},"25":{"start":{"line":80,"column":8},"end":{"line":80,"column":34}},"26":{"start":{"line":81,"column":8},"end":{"line":81,"column":38}},"27":{"start":{"line":83,"column":8},"end":{"line":88,"column":9}},"28":{"start":{"line":84,"column":10},"end":{"line":84,"column":54}},"29":{"start":{"line":85,"column":10},"end":{"line":85,"column":55}},"30":{"start":{"line":86,"column":15},"end":{"line":88,"column":9}},"31":{"start":{"line":87,"column":10},"end":{"line":87,"column":54}},"32":{"start":{"line":90,"column":8},"end":{"line":90,"column":46}},"33":{"start":{"line":90,"column":39},"end":{"line":90,"column":46}},"34":{"start":{"line":91,"column":8},"end":{"line":91,"column":68}},"35":{"start":{"line":93,"column":8},"end":{"line":93,"column":28}},"36":{"start":{"line":97,"column":4},"end":{"line":97,"column":26}},"37":{"start":{"line":98,"column":4},"end":{"line":98,"column":36}},"38":{"start":{"line":98,"column":17},"end":{"line":98,"column":35}},"39":{"start":{"line":101,"column":16},"end":{"line":104,"column":3}},"40":{"start":{"line":102,"column":10},"end":{"line":102,"column":77}},"41":{"start":{"line":102,"column":35},"end":{"line":102,"column":68}},"42":{"start":{"line":105,"column":17},"end":{"line":108,"column":3}},"43":{"start":{"line":106,"column":10},"end":{"line":106,"column":78}},"44":{"start":{"line":106,"column":35},"end":{"line":106,"column":69}},"45":{"start":{"line":110,"column":22},"end":{"line":110,"column":66}},"46":{"start":{"line":111,"column":23},"end":{"line":111,"column":69}},"47":{"start":{"line":113,"column":18},"end":{"line":156,"column":48}},"48":{"start":{"line":114,"column":4},"end":{"line":114,"column":37}},"49":{"start
[...]
inary-expr","locations":[{"start":{"line":67,"column":21},"end":{"line":67,"column":35}},{"start":{"line":67,"column":39},"end":{"line":67,"column":41}}],"line":67},"7":{"loc":{"start":{"line":76,"column":17},"end":{"line":76,"column":58}},"type":"cond-expr","locations":[{"start":{"line":76,"column":34},"end":{"line":76,"column":53}},{"start":{"line":76,"column":56},"end":{"line":76,"column":58}}],"line":76},"8":{"loc":{"start":{"line":81,"column":24},"end":{"line":81,"column":56}},"type":"binary-expr","locations":[{"start":{"line":81,"column":24},"end":{"line":81,"column":38}},{"start":{"line":81,"column":42},"end":{"line":81,"column":56}}],"line":81},"9":{"loc":{"start":{"line":83,"column":26},"end":{"line":83,"column":52}},"type":"binary-expr","locations":[{"start":{"line":83,"column":26},"end":{"line":83,"column":46}},{"start":{"line":83,"column":50},"end":{"line":83,"column":52}}],"line":83},"10":{"loc":{"start":{"line":86,"column":29},"end":{"line":86,"column":57}},"type":"binary-expr","locations":[{"start":{"line":86,"column":29},"end":{"line":86,"column":50}},{"start":{"line":86,"column":54},"end":{"line":86,"column":57}}],"line":86},"11":{"loc":{"start":{"line":88,"column":27},"end":{"line":88,"column":51}},"type":"binary-expr","locations":[{"start":{"line":88,"column":27},"end":{"line":88,"column":46}},{"start":{"line":88,"column":50},"end":{"line":88,"column":51}}],"line":88},"12":{"loc":{"start":{"line":96,"column":10},"end":{"line":107,"column":11}},"type":"if","locations":[{"start":{"line":96,"column":10},"end":{"line":107,"column":11}},{"start":{},"end":{}}],"line":96},"13":{"loc":{"start":{"line":96,"column":14},"end":{"line":96,"column":60}},"type":"binary-expr","locations":[{"start":{"line":96,"column":14},"end":{"line":96,"column":38}},{"start":{"line":96,"column":42},"end":{"line":96,"column":60}}],"line":96},"14":{"loc":{"start":{"line":98,"column":14},"end":{"line":99,"column":17}},"type":"binary-expr","locations":[{"start":{"line":98,"column":14},"end":{"line":98,"column":78}},{"start":{"line":99,"column":14},"end":{"line":99,"column":17}}],"line":98},"15":{"loc":{"start":{"line":113,"column":8},"end":{"line":113,"column":46}},"type":"if","locations":[{"start":{"line":113,"column":8},"end":{"line":113,"column":46}},{"start":{},"end":{}}],"line":113},"16":{"loc":{"start":{"line":114,"column":17},"end":{"line":114,"column":68}},"type":"binary-expr","locations":[{"start":{"line":114,"column":17},"end":{"line":114,"column":28}},{"start":{"line":114,"column":32},"end":{"line":114,"column":68}}],"line":114},"17":{"loc":{"start":{"line":137,"column":9},"end":{"line":217,"column":9}},"type":"cond-expr","locations":[{"start":{"line":138,"column":10},"end":{"line":141,"column":18}},{"start":{"line":142,"column":12},"end":{"line":217,"column":9}}],"line":137},"18":{"loc":{"start":{"line":142,"column":12},"end":{"line":217,"column":9}},"type":"cond-expr","locations":[{"start":{"line":143,"column":10},"end":{"line":143,"column":49}},{"start":{"line":144,"column":12},"end":{"line":217,"column":9}}],"line":142},"19":{"loc":{"start":{"line":144,"column":12},"end":{"line":217,"column":9}},"type":"cond-expr","locations":[{"start":{"line":145,"column":10},"end":{"line":145,"column":81}},{"start":{"line":147,"column":10},"end":{"line":216,"column":27}}],"line":144},"20":{"loc":{"start":{"line":161,"column":23},"end":{"line":161,"column":62}},"type":"cond-expr","locations":[{"start":{"line":161,"column":44},"end":{"line":161,"column":56}},{"start":{"line":161,"column":59},"end":{"line":161,"column":62}}],"line":161},"21":{"loc":{"start":{"line":171,"column":38},"end":{"line":171,"column":78}},"type":"cond-expr","locations":[{"start":{"line":171,"column":59},"end":{"line":171,"column":71}},{"start":{"line":171,"column":74},"end":{"line":171,"column":78}}],"line":171},"22":{"loc":{"start":{"line":183,"column":23},"end":{"line":183,"column":60}},"type":"cond-expr","locations":[{"start":{"line":183,"column":44},"end":{"line":183,"column":54}},{"start":{"line":183,"column":57},"end":{"line":183,"column":60}}],"line":183},"23":{"loc":{"start":{"line":205,"column":53},"end":{"line":205,"column":72}},"type":"binary-expr","locations":[{"start":{"line":205,"column":53},"end":{"line":205,"column":62}},{"start":{"line":205,"column":66},"end":{"line":205,"column":72}}],"line":205}},"s":{"0":3,"1":4,"2":4,"3":4,"4":4,"5":2,"6":2,"7":2,"8":2,"9":2,"10":2,"11":2,"12":1,"13":1,"14":1,"15":0,"16":1,"17":1,"18":1,"19":1,"20":1,"21":1,"22":1,"23":1,"24":0,"25":1,"26":1,"27":1,"28":1,"29":1,"30":1,"31":1,"32":1,"33":1,"34":1,"35":1,"36":1,"37":1,"38":1,"39":0,"40":0,"41":0,"42":1,"43":0,"44":1,"45":1,"46":0,"47":1,"48":2,"49":2,"50":2,"51":2,"52":4,"53":4,"54":1,"55":1},"f":{"0":3,"1":4,"2":2,"3":2,"4":0,"5":0,"6":1,"7":1,"8":1,"9":0,"10":0,"11":2,"12":1,"13":1},"b":{"0":[3,0],"1":[1,1],"2":[0,0],"3":[0,0],"4":[1,0],"5":[1,0],"6":[1,0],"7":[0,1],"8":[1,0],"9":[1,0],"10":[1,0],"11":[1,0],"12":[0,1],"13":[1,0],"14":[0,0],"15":[0,1],"16":[1,0],"17":[2,2],"18":[1,1],"19":[0,1],"20":[1,0],"21":[1,0],"22":[1,0],"23":[1,0]},"_coverageSchema":"1a1c01bbd47fc00a2c39e90264f33305004495a9","hash":"7ed96ad6267dc5019d00b5dfe95da5a9020fd99d"}
,"C:\\Users\\ahmad\\OneDrive\\Desktop\\f1-dashboard\\src\\services\\openf1.js": {"path":"C:\\Users\\ahmad\\OneDrive\\Desktop\\f1-dashboard\\src\\services\\openf1.js","statementMap":{"0":{"start":{"line":1,"column":24},"end":{"line":1,"column":51}},"1":{"start":{"line":4,"column":2},"end":{"line":6,"column":3}},"2":{"start":{"line":5,"column":4},"end":{"line":5,"column":69}},"3":{"start":{"line":7,"column":2},"end":{"line":17,"column":5}},"4":{"start":{"line":8,"column":20},"end":{"line":11,"column":5}},"5":{"start":{"line":9,"column":6},"end":{"line":9,"column":23}},"6":{"start":{"line":10,"column":6},"end":{"line":10,"column":56}},"7":{"start":{"line":12,"column":15},"end":{"line":15,"column":10}},"8":{"start":{"line":13,"column":6},"end":{"line":13,"column":52}},"9":{"start":{"line":14,"column":6},"end":{"line":14,"column":16}},"10":{"start":{"line":16,"column":4},"end":{"line":16,"column":63}},"11":{"start":{"line":21,"column":22},"end":{"line":21,"column":23}},"12":{"start":{"line":22,"column":19},"end":{"line":22,"column":71}},"13":{"start":{"line":24,"column":2},"end":{"line":32,"column":3}},"14":{"start":{"line":25,"column":23},"end":{"line":25,"column":58}},"15":{"start":{"line":26,"column":21},"end":{"line":26,"column":78}},"16":{"start":{"line":27,"column":19},"end":{"line":29,"column":42}},"17":{"start":{"line":30,"column":4},"end":{"line":30,"column":32}},"18":{"start":{"line":31,"column":4},"end":{"line":31,"column":50}},"19":{"start":{"line":34,"column":2},"end":{"line":36,"column":3}},"20":{"start":{"line":35,"column":4},"end":{"line":35,"column":78}},"21":{"start":{"line":38,"column":2},"end":{"line":38,"column":25}},"22":{"start":{"line":42,"column":15},"end":{"line":45,"column":3}},"23":{"start":{"line":47,"column":2},"end":{"line":47,"column":41}},"24":{"start":{"line":51,"column":15},"end":{"line":51,"column":78}},"25":{"start":{"line":53,"column":2},"end":{"line":53,"column":41}},"26":{"start":{"line":58,"column":17},"end":{"line":58,"column":60}},"27":{"start":{"line":59,"column":2},"end":{"line":61,"column":3}},"28":{"start":{"line":60,"column":4},"end":{"line":60,"column":68}},"29":{"start":{"line":62,"column":15},"end":{"line":62,"column":74}},"30":{"start":{"line":64,"column":2},"end":{"line":64,"column":41}},"31":{"start":{"line":68,"column":15},"end":{"line":68,"column":78}},"32":{"start":{"line":70,"column":2},"end":{"line":70,"column":62}},"33":{"start":{"line":79,"column":14},"end":{"line":79,"column":32}},"34":{"start":{"line":80,"column":2},"end":{"line":82,"column":3}},"35":{"start":{"line":81,"column":4},"end":{"line":81,"column":16}},"36":{"start":{"line":84,"column":12},"end":{"line":84,"column":16}},"37":{"start":{"line":85,"column":2},"end":{"line":91,"column":3}},"38":{"start":{"line":86,"column":4},"end":{"line":86,"column":45}},"39":{"start":{"line":88,"column":4},"end":{"line":88,"column":45}},"40":{"start":{"line":88,"column":35},"end":{"line":88,"column":45}},"41":{"start":{"line":89,"column":18},"end":{"line":89,"column":65}},"42":{"start":{"line":90,"column":4},"end":{"line":90,"column":26}},"43":{"start":{"line":90,"column":16},"end":{"line":90,"column":26}},"44":{"start":{"line":93,"column":2},"end":{"line":93,"column":22}},"45":{"start":{"line":93,"column":11},"end":{"line":93,"column":22}},"46":{"start":{"line":95,"column":22},"end":{"line":95,"column":49}},"47":{"start":{"line":96,"column":20},"end":{"line":100,"column":8}},"48":{"start":{"line":98,"column":20},"end":{"line":98,"column":29}},"49":{"start":{"line":99,"column":23},"end":{"line":99,"column":41}},"50":{"start":{"line":102,"column":4},"end":{"line":104,"column":38}},"51":{"start":{"line":106,"column":2},"end":{"line":110,"column":3}},"52":{"start":{"line":107,"column":21},"end":{"line":107,"column":58}},"53":{"start":{"line":108,"column":16},"end":{"line":108,"column":67}},"54":{"start":{"line":108,"column":37},"end":{"line":108,"column":66}},"55":{"start":{"line":109,"column":4},"end":{"line":109,"column":24}},"56":{"start":{"line":109,"column":13},"end":{"line":109,"column":24}},"57":{"start":{"line":112,"column":2},"end":{"line":115,"column":4}},"58":{"start":{"line":119,"column":15},"end":{"line":122,"column":3}},"59":{"start":{"line":124,"column":2},"end":{"line":124,"column":41}},"60":{"start":{"line":128,"column":15},"end":{"line":131,"column":3}},"61":{"start":{"line":133,"column":2},"end":{"line":133,"column":41}},"62":{"start":{"line":137,"column":15},"end":{"line":137,"column":79}},"63":{"start":{"line":139,"column":2},"end":{"line":139,"column":41}}},"fnMap":{"0":{"name":"delay","decl":{"start":{"line":3,"column":9},"end":{"line":3,"column":14}},"loc":{"start":{"line":3,"column":27},"end":{"line":18,"column":1}},"line":3},"1":{"name":"(anonymous_1)","decl":{"start":{"line":7,"column":21},"end":{"line":7,"column":22}},"loc":{"start":{"line":7,"column":42},"end":{"line":17,"column":3}},"line":7},"2":{"name":"(anonymous_2)","decl":{"start":{"line":8,"column":20},"end":{"line":8,"column":21}},"loc":{"start":{"line":8,"column":26},"end":{"line":11,"column":5}},"line":8},"3":{"name":"(anonymous_3)","decl":{"start":{"line":12,"column":26},"end":{"line":12,"column":27}},"loc":{"start":{"line":12,"column":32},"end":{"line":15,"column":5}},"line":12},"4":{"name":"fetchOpenF1","decl":{"start":{"line":20,"column":15},"end":{"line":20,"column":26}},"loc":{"start":{"line":20,"column":54},"end":{"line":39,"column":1}},"line":20},"5":{"name":"getLatestDriverChampionship","decl":{"start":{"line":41,"column":22},"end":{"line":41,"column":49}},"loc":{"start":{"line":41,"column":58},"end":{"line":48,"column":1}},"line":41},"6":{"name":"getDriversBySession","decl":{"start":{"line":50,"column":22},"end":{"line":50,"column":41}},"loc":{"start":{"line":50,"column":62},"end":{"line":54,"column":1}},"line":50},"7":{"name":"getMeetingsByYear","decl":{"start":{"line":57,"column":22},"end":{"line":57,"column":39}},"loc":{"start":{"line":57,"column":68},"end":{"line":65,"column":1}},"line":57},"8":{"name":"getMeetingByKey","decl":{"start":{"line":67,"column":22},"end":{"line":67,"column":37}},"loc":{"start":{"line":67,"column":58},"end":{"line":71,"column":1}},"line":67},"9":{"name":"resolveMeetingForDetail","decl":{"start":{"line":78,"column":22},"end":{"line":78,"column":45}},"loc":{"start":{"line":78,"column":80},"end":{"line":116,"column":1}},"line":78},"10":{"name":"(anonymous_10)","decl":{"start":{"line":98,"column":13},"end":{"line":98,"column":14}},"loc":{"start":{"line":98,"column":20},"end":{"line":98,"column":29}},"line":98},"11":{"name":"(anonymous_11)","decl":{"start":{"line":99,"column":16},"end":{"line":99,"column":17}},"loc":{"start":{"line":99,"column":23},"end":{"line":99,"column":41}},"line":99},"12":{"name":"(anonymous_12)","decl":{"start":{"line":108,"column":30},"end":{"line":108,"column":31}},"loc":{"start":{"line":108,"column":37},"end":{"line":108,"column":66}},"line":108},"13":{"name":"getSessionResults","decl":{"start":{"line":118,"column":22},"end":{"line":118,"column":39}},"loc":{"start":{"line":118,"column":60},"end":{"line":125,"column":1}},"line":118},"14":{"name":"getTeamChampionshipBySession","decl":{"start":{"line":127,"column":22},"end":{"line":127,"column":50}},"loc":{"start":{"line":127,"column":71},"end":{"line":134,"column":1}},"line":127},"15":{"name":"getSessionsByMeeting","decl":{"start":{"line":136,"column":22},"end":{"line":136,"column":42}},"loc":{"start":{"line":136,"column":63},"end":{"line":140,"column":1}},"line":136}},"branchMap":{"0":{"loc":{"start":{"line":4,"column":2},"end":{"line":6,"column":3}},"type":"if","locations":[{"start":{"line":4,"column":2},"end":{"line":6,"column":3}},{"start":{},"end":{}}],"line":4},"1":{"loc":{"start":{"line":20,"column":41},"end":{"line":20,"column":52}},"type":"default-arg","locations":[{"start":{"line":20,"column":51},"end":{"line":20,"column":52}}],"line":20},"2":{"loc":{"start":{"line":24,"column":2},"end":{"line":32,"column":3}},"type":"if","locations":[{"start":{"line":24,"column":2},"end":{"line":32,"column":3}},{"start":{},"end":{}}],"line":24},"3":{"loc":{"start":{"line":24,"column":6},"end":{"line":24,"column":58}},"type":"binary-expr","locations":[{"start":{"line":24,"column":6},"end":{"line":24,"column":29}},{"start":{"line":24,"column":33},"end":{"line":24,"column":58}}],"line":24},"4":{"loc":{"start":{"line":26,"column":21},"end":{"line":26,"column":78}},"type":"cond-expr","locations":[{"start":{"line":26,"column":34},"end":{"line":26,"column":65}},{"start":{"line":26,"column":68},"end":{"line":26,"column":78}}],"line":26},"5":{"loc":{"start":{"line":27,"column":19},"end":{"line":29,"column":42}},"type":"cond-expr","locations":[{"start":{"line":28,"column":8},"end":{"line":28,"column":23}},{"start":{"line":29,"column":8},"end":{"line":29,"column":42}}],"line":27},"6":{"loc":{"start":{"line":34,"column":2},"end":{"line":36,"column":3}},"type":"if","locations":[{"start":{"line":34,"column":2},"end":{"line":36,"column":3}},{"start":{},"end":{}}],"line":34},"7":{"loc":{"start":{"line":47,"column":9},"end":{"line":47,"column":40}},"type":"cond-expr","locations":[{"start":{"line":47,"column":31},"end":{"line":47,"column":35}},{"start":{"line":47,"column":38},"end":{"line":47,"column":40}}],"line":47},"8":{"loc":{"start":{"line":53,"column":9},"end":{"line":53,"column":40}},"type":"cond-expr","locations":[{"start":{"line":53,"column":31},"end":{"line":53,"column":35}},{"start":{"line":53,"column":38},"end":{"line":53,"column":40}}],"line":53},"9":{"loc":{"start":{"line":57,"column":54},"end":{"line":57,"column":66}},"type":"default-arg","locations":[{"start":{"line":57,"column":64},"end":{"line":57,"column":66}}],"line":57},"10":{"loc":{"start":{"line":59,"column":2},"end":{"line":61,"column":3}},"type":"if","locations":[{"start":{"line":59,"column":2},"end":{"line":61,"column":3}},{"start":{},"end":{}}],"line":59},"11":{"loc":{"start":{"line":59,"column":6},"end":{"line":59,"column":80}},"type":"binary-expr","locations":[{"start":{"line":59,"column":6},"end":{"line":59,"column":34}},{"start":{"line":59,"column":38},"end":{"line":59,"column":80}}],"line":59},"12":{"loc":{"start":{"line":64,"column":9},"end":{"line":64,"column":40}},"type":"cond-expr","locations":[{"start":{"line":64,"column":31},"end":{"line":64,"column":35}},{"start":{"line":64,"column":38},"end":{"line":64,"column":40}}],"line":64},"13":{"loc":{"start":{"line":70,"column":9},"end":{"line":70,"column":61}},"type":"cond-expr","locations":[{"start":{"line":70,"column":31},"end":{"line":70,"column":46}},{"start":{"line":70,"column":49},"end":{"line":70,"column":61}}],"line":70},"14":{"loc":{"start":{"line":70,"column":31},"end":{"line":70,"column":46}},"type":"binary-expr","locations":[{"start":{"line":70,"column":31},"end":{"line":70,"column":38}},{"start":{"line":70,"column":42},"end":{"line":70,"column":46}}],"line":70},"15":{"loc":{"start":{"line":70,"column":49},"end":{"line":70,"column":61}},"type":"binary-expr","locations":[{"start":{"line":70,"column":49},"end":{"line":70,"column":53}},{"start":{"line":70,"column":57},"end":{"line":70,"column":61}}],"line":70},"16":{"loc":{"start":{"line":78,"column":66},"end":{"line":78,"column":78}},"type":"default-arg","locations":[{"start":{"line":78,"column":76},"end":{"line":78,"column":78}}],"line":78},"17":{"loc":{"start":{"line":80,"column":2},"end":{"line":82,"column":3}},"type":"if","locations":[{"start":{"line":80,"column":2},"end":{"line":82,"column":3}},{"start":{},"end":{}}],"line":80},"18":{"loc":{"start":{"line":88,"column":4},"end":{"line":88,"column":45}},"type":"if","locations":[{"start":{"line":88,"column":4},"end":{"line":88,"column":45}},{"start":{},"end":{}}],"line":88},"19":{"loc":{"start":{"line":89,"column":46},"end":{"line":89,"column":63}},"type":"binary-expr","locations":[{"start":{"line":89,"column":46},"end":{"line":89,"column":57}},{"start":{"line":89,"column":61},"end":{"line":89,"column":63}}],"line":89},"20":{"loc":{"start":{"line":90,"column":4},"end":{"line":90,"column":26}},"type":"if","locations":[{"start":{"line":90,"column":4},"end":{"line":90,"column":26}},{"start":{},"end":{}}],"line":90},"21":{"loc":{"start":{"line":93,"column":2},"end":{"line":93,"column":22}},"type":"if","locations":[{"start":{"line":93,"column":2},"end":{"line":93,"column":22}},{"start":{},"end":{}}],"line":93},"22":{"loc":{"start":{"line":96,"column":20},"end":{"line":100,"column":8}},"type":"cond-expr","locations":[{"start":{"line":97,"column":6},"end":{"line":99,"column":42}},{"start":{"line":100,"column":6},"end":{"line":100,"column":8}}],"line":96},"23":{"loc":{"start":{"line":102,"column":4},"end":{"line":104,"column":38}},"type":"cond-expr","locations":[{"start":{"line":103,"column":8},"end":{"line":103,"column":31}},{"start":{"line":104,"column":8},"end":{"line":104,"column":38}}],"line":102},"24":{"loc":{"start":{"line":109,"column":4},"end":{"line":109,"column":24}},"type":"if","locations":[{"start":{"line":109,"column":4},"end":{"line":109,"column":24}},{"start":{},"end":{}}],"line":109},"25":{"loc":{"start":{"line":124,"column":9},"end":{"line":124,"column":40}},"type":"cond-expr","locations":[{"start":{"line":124,"column":31},"end":{"line":124,"column":35}},{"start":{"line":124,"column":38},"end":{"line":124,"column":40}}],"line":124},"26":{"loc":{"start":{"line":133,"column":9},"end":{"line":133,"column":40}},"type":"cond-expr","locations":[{"start":{"line":133,"column":31},"end":{"line":133,"column":35}},{"start":{"line":133,"column":38},"end":{"line":133,"column":40}}],"line":133},"27":{"loc":{"start":{"line":139,"column":9},"end":{"line":139,"column":40}},"type":"cond-expr","locations":[{"start":{"line":139,"column":31},"end":{"line":139,"column":35}},{"start":{"line":139,"column":38},"end":{"line":139,"column":40}}],"line":139}},"s":{"0":2,"1":1,"2":0,"3":1,"4":1,"5":0,"6":0,"7":1,"8":1,"9":1,"10":1,"11":17,"12":17,"13":17,"14":1,"15":1,"16":1,"17":1,"18":1,"19":16,"20":4,"21":12,"22":1,"23":0,"24":1,"25":1,"26":8,"27":8,"28":1,"29":8,"30":8,"31":4,"32":1,"33":3,"34":3,"35":0,"36":3,"37":3,"38":3,"39":3,"40":0,"41":3,"42":3,"43":0,"44":3,"45":0,"46":3,"47":3,"48":2,"49":2,"50":3,"51":3,"52":5,"53":5,"54":2,"55":5,"56":2,"57":1,"58":1,"59":1,"60":1,"61":1,"62":0,"63":0},"f":{"0":1,"1":1,"2":0,"3":1,"4":17,"5":1,"6":1,"7":8,"8":4,"9":3,"10":2,"11":2,"12":2,"13":1,"14":1,"15":0},"b":{"0":[0,1],"1":[16],"2":[1,16],"3":[17,1],"4":[0,1],"5":[0,1],"6":[4,12],"7":[0,0],"8":[0,1],"9":[7],"10":[1,7],"11":[8,1],"12":[8,0],"13":[1,0],"14":[1,0],"15":[0,0],"16":[2],"17":[0,3],"18":[0,3],"19":[3,0],"20":[0,3],"21":[0,3],"22":[1,2],"23":[1,2],"24":[2,3],"25":[0,1],"26":[0,1],"27":[0,0]},"_coverageSchema":"1a1c01bbd47fc00a2c39e90264f33305004495a9","hash":"d13bc192c128badfade2bbd8bacfe095a75c7515"}
}
