{"C:\\Users\\ahmad\\OneDrive\\Desktop\\f1-dashboard\\src\\App.jsx": {"path":"C:\\Users\\ahmad\\OneDrive\\Desktop\\f1-dashboard\\src\\App.jsx","statementMap":{"0":{"start":{"line":27,"column":18},"end":{"line":27,"column":57}},"1":{"start":{"line":27,"column":29},"end":{"line":27,"column":56}},"2":{"start":{"line":28,"column":16},"end":{"line":28,"column":53}},"3":{"start":{"line":28,"column":27},"end":{"line":28,"column":52}},"4":{"start":{"line":29,"column":21},"end":{"line":29,"column":63}},"5":{"start":{"line":29,"column":32},"end":{"line":29,"column":62}},"6":{"start":{"line":30,"column":14},"end":{"line":30,"column":49}},"7":{"start":{"line":30,"column":25},"end":{"line":30,"column":48}},"8":{"start":{"line":31,"column":28},"end":{"line":31,"column":77}},"9":{"start":{"line":31,"column":39},"end":{"line":31,"column":76}},"10":{"start":{"line":32,"column":26},"end":{"line":32,"column":73}},"11":{"start":{"line":32,"column":37},"end":{"line":32,"column":72}},"12":{"start":{"line":33,"column":23},"end":{"line":33,"column":67}},"13":{"start":{"line":33,"column":34},"end":{"line":33,"column":66}},"14":{"start":{"line":34,"column":23},"end":{"line":34,"column":67}},"15":{"start":{"line":34,"column":34},"end":{"line":34,"column":66}},"16":{"start":{"line":35,"column":20},"end":{"line":35,"column":61}},"17":{"start":{"line":35,"column":31},"end":{"line":35,"column":60}},"18":{"start":{"line":36,"column":29},"end":{"line":36,"column":79}},"19":{"start":{"line":36,"column":40},"end":{"line":36,"column":78}},"20":{"start":{"line":39,"column":18},"end":{"line":66,"column":1}},"21":{"start":{"line":69,"column":2},"end":{"line":71,"column":3}},"22":{"start":{"line":70,"column":4},"end":{"line":70,"column":67}},"23":{"start":{"line":72,"column":2},"end":{"line":72,"column":25}},"24":{"start":{"line":76,"column":2},"end":{"line":76,"column":75}},"25":{"start":{"line":76,"column":36},"end":{"line":76,"column":73}},"26":{"start":{"line":79,"column":19},"end":{"line":88,"column":1}},"27":{"start":{"line":91,"column":38},"end":{"line":91,"column":53}},"28":{"start":{"line":92,"column":46},"end":{"line":92,"column":60}},"29":{"start":{"line":93,"column":44},"end":{"line":93,"column":58}},"30":{"start":{"line":94,"column":19},"end":{"line":94,"column":32}},"31":{"start":{"line":96,"column":23},"end":{"line":99,"column":3}},"32":{"start":{"line":97,"column":4},"end":{"line":97,"column":28}},"33":{"start":{"line":98,"column":4},"end":{"line":98,"column":27}},"34":{"start":{"line":101,"column":22},"end":{"line":104,"column":3}},"35":{"start":{"line":102,"column":4},"end":{"line":102,"column":31}},"36":{"start":{"line":103,"column":4},"end":{"line":103,"column":42}},"37":{"start":{"line":106,"column":2},"end":{"line":336,"column":4}},"38":{"start":{"line":171,"column":31},"end":{"line":171,"column":70}},"39":{"start":{"line":172,"column":16},"end":{"line":202,"column":18}},"40":{"start":{"line":183,"column":22},"end":{"line":187,"column":23}},"41":{"start":{"line":184,"column":24},"end":{"line":184,"column":39}},"42":{"start":{"line":186,"column":24},"end":{"line":186,"column":49}},"43":{"start":{"line":220,"column":29},"end":{"line":220,"column":52}},"44":{"start":{"line":222,"column":18},"end":{"line":231,"column":29}},"45":{"start":{"line":240,"column":29},"end":{"line":240,"column":48}},"46":{"start":{"line":252,"column":23},"end":{"line":252,"column":43}},"47":{"start":{"line":266,"column":27},"end":{"line":266,"column":47}},"48":{"start":{"line":278,"column":12},"end":{"line":305,"column":18}},"49":{"start":{"line":288,"column":18},"end":{"line":302,"column":27}},"50":{"start":{"line":292,"column":35},"end":{"line":292,"column":55}}},"fnMap":{"0":{"name":"(anonymous_0)","decl":{"start":{"line":27,"column":23},"end":{"line":27,"column":24}},"loc":{"start":{"line":27,"column":29},"end":{"line":27,"column":56}},"line":27},"1":{"name":"(anonymous_1)","decl":{"start":{"line":28,"column":21},"end":{"line":28,"column":22}},"loc":{"start":{"line":28,"column":27},"end":{"line":28,"column":52}},"line":28},"2":{"name":"(anonymous_2)","decl":{"start":{"line":29,"column":26},"end":{"line":29,"column":27}},"loc":{"start":{"line":29,"column":32},"end":{"line":29,"column":62}},"line":29},"3":{"name":"(anonymous_3)","decl":{"start":{"line":30,"column":19},"end":{"line":30,"column":20}},"loc":{"start":{"line":30,"column":25},"end":{"line":30,"column":48}},"line":30},"4":{"name":"(anonymous_4)","decl":{"start":{"line":31,"column":33},"end":{"line":31,"column":34}},"loc":{"start":{"line":31,"column":39},"end":{"line":31,"column":76}},"line":31},"5":{"name":"(anonymous_5)","decl":{"start":{"line":32,"column":31},"end":{"line":32,"column":32}},"loc":{"start":{"line":32,"column":37},"end":{"line":32,"column":72}},"line":32},"6":{"name":"(anonymous_6)","decl":{"start":{"line":33,"column":28},"end":{"line":33,"column":29}},"loc":{"start":{"line":33,"column":34},"end":{"line":33,"column":66}},"line":33},"7":{"name":"(anonymous_7)","decl":{"start":{"line":34,"column":28},"end":{"line":34,"column":29}},"loc":{"start":{"line":34,"column":34},"end":{"line":34,"column":66}},"line":34},"8":{"name":"(anonymous_8)","decl":{"start":{"line":35,"column":25},"end":{"line":35,"column":26}},"loc":{"start":{"line":35,"column":31},"end":{"line":35,"column":60}},"line":35},"9":{"name":"(anonymous_9)","decl":{"start":{"line":36,"column":34},"end":{"line":36,"column":35}},"loc":{"start":{"line":36,"column":40},"end":{"line":36,"column":78}},"line":36},"10":{"name":"pathMatchesNavItem","decl":{"start":{"line":68,"column":9},"end":{"line":68,"column":27}},"loc":{"start":{"line":68,"column":42},"end":{"line":73,"column":1}},"line":68},"11":{"name":"groupIsActive","decl":{"start":{"line":75,"column":9},"end":{"line":75,"column":22}},"loc":{"start":{"line":75,"column":40},"end":{"line":77,"column":1}},"line":75},"12":{"name":"(anonymous_12)","decl":{"start":{"line":76,"column":26},"end":{"line":76,"column":27}},"loc":{"start":{"line":76,"column":36},"end":{"line":76,"column":73}},"line":76},"13":{"name":"App","decl":{"start":{"line":90,"column":24},"end":{"line":90,"column":27}},"loc":{"start":{"line":90,"column":30},"end":{"line":337,"column":1}},"line":90},"14":{"name":"(anonymous_14)","decl":{"start":{"line":96,"column":23},"end":{"line":96,"column":24}},"loc":{"start":{"line":96,"column":29},"end":{"line":99,"column":3}},"line":96},"15":{"name":"(anonymous_15)","decl":{"start":{"line":101,"column":22},"end":{"line":101,"column":23}},"loc":{"start":{"line":101,"column":42},"end":{"line":104,"column":3}},"line":101},"16":{"name":"(anonymous_16)","decl":{"start":{"line":170,"column":29},"end":{"line":170,"column":30}},"loc":{"start":{"line":170,"column":40},"end":{"line":203,"column":15}},"line":170},"17":{"name":"(anonymous_17)","decl":{"start":{"line":182,"column":29},"end":{"line":182,"column":30}},"loc":{"start":{"line":182,"column":36},"end":{"line":188,"column":21}},"line":182},"18":{"name":"(anonymous_18)","decl":{"start":{"line":220,"column":22},"end":{"line":220,"column":23}},"loc":{"start":{"line":220,"column":29},"end":{"line":220,"column":52}},"line":220},"19":{"name":"(anonymous_19)","decl":{"start":{"line":221,"column":28},"end":{"line":221,"column":29}},"loc":{"start":{"line":222,"column":18},"end":{"line":231,"column":29}},"line":222},"20":{"name":"(anonymous_20)","decl":{"start":{"line":240,"column":23},"end":{"line":240,"column":24}},"loc":{"start":{"line":240,"column":29},"end":{"line":240,"column":48}},"line":240},"21":{"name":"(anonymous_21)","decl":{"start":{"line":252,"column":17},"end":{"line":252,"column":18}},"loc":{"start":{"line":252,"column":23},"end":{"line":252,"column":43}},"line":252},"22":{"name":"(anonymous_22)","decl":{"start":{"line":266,"column":21},"end":{"line":266,"column":22}},"loc":{"start":{"line":266,"column":27},"end":{"line":266,"column":47}},"line":266},"23":{"name":"(anonymous_23)","decl":{"start":{"line":277,"column":25},"end":{"line":277,"column":26}},"loc":{"start":{"line":278,"column":12},"end":{"line":305,"column":18}},"line":278},"24":{"name":"(anonymous_24)","decl":{"start":{"line":287,"column":33},"end":{"line":287,"column":34}},"loc":{"start":{"line":288,"column":18},"end":{"line":302,"column":27}},"line":288},"25":{"name":"(anonymous_25)","decl":{"start":{"line":292,"column":29},"end":{"line":292,"column":30}},"loc":{"start":{"line":292,"column":35},"end":{"line":292,"column":55}},"line":292}},"branchMap":{"0":{"loc":{"start":{"line":69,"column":2},"end":{"line":71,"column":3}},"type":"if","locations":[{"start":{"line":69,"column":2},"end":{"line":71,"column":3}},{"start":{},"end":{}}],"line":69},"1":{"loc":{"start":{"line":70,"column":11},"end":{"line":70,"column":66}},"type":"binary-expr","locations":[{"start":{"line":70,"column":11},"end":{"line":70,"column":32}},{"start":{"line":70,"column":36},"end":{"line":70,"column":66}}],"line":70},"2":{"loc":{"start":{"line":183,"column":22},"end":{"line":187,"column":23}},"type":"if","locations":[{"start":{"line":183,"column":22},"end":{"line":187,"column":23}},{"start":{"line":185,"column":29},"end":{"line":187,"column":23}}],"line":183},"3":{"loc":{"start":{"line":190,"column":29},"end":{"line":190,"column":71}},"type":"cond-expr","locations":[{"start":{"line":190,"column":38},"end":{"line":190,"column":52}},{"start":{"line":190,"column":55},"end":{"line":190,"column":71}}],"line":190},"4":{"loc":{"start":{"line":191,"column":31},"end":{"line":191,"column":70}},"type":"cond-expr","locations":[{"start":{"line":191,"column":40},"end":{"line":191,"column":54}},{"start":{"line":191,"column":57},"end":{"line":191,"column":70}}],"line":191},"5":{"loc":{"start":{"line":196,"column":33},"end":{"line":196,"column":73}},"type":"cond-expr","locations":[{"start":{"line":196,"column":42},"end":{"line":196,"column":56}},{"start":{"line":196,"column":59},"end":{"line":196,"column":73}}],"line":196}},"s":{"0":1,"1":1,"2":1,"3":0,"4":1,"5":0,"6":1,"7":0,"8":1,"9":0,"10":1,"11":0,"12":1,"13":0,"14":1,"15":0,"16":1,"17":0,"18":1,"19":0,"20":1,"21":8,"22":1,"23":7,"24":3,"25":8,"26":1,"27":1,"28":1,"29":1,"30":1,"31":1,"32":0,"33":0,"34":1,"35":0,"36":0,"37":1,"38":3,"39":3,"40":0,"41":0,"42":0,"43":3,"44":0,"45":0,"46":0,"47":0,"48":3,"49":8,"50":0},"f":{"0":1,"1":0,"2":0,"3":0,"4":0,"5":0,"6":0,"7":0,"8":0,"9":0,"10":8,"11":3,"12":8,"13":1,"14":0,"15":0,"16":3,"17":0,"18":3,"19":0,"20":0,"21":0,"22":0,"23":3,"24":8,"25":0},"b":{"0":[1,7],"1":[1,1],"2":[0,0],"3":[0,3],"4":[0,3],"5":[0,3]},"_coverageSchema":"1a1c01bbd47fc00a2c39e90264f33305004495a9","hash":"b1cd8c175c0f77d4960da6d09c8a886b3ffcd397"}
,"C:\\Users\\ahmad\\OneDrive\\Desktop\\f1-dashboard\\src\\theme.js": {"path":"C:\\Users\\ahmad\\OneDrive\\Desktop\\f1-dashboard\\src\\theme.js","statementMap":{"0":{"start":{"line":3,"column":14},"end":{"line":42,"column":2}},"1":{"start":{"line":20,"column":33},"end":{"line":38,"column":9}}},"fnMap":{"0":{"name":"(anonymous_0)","decl":{"start":{"line":20,"column":14},"end":{"line":20,"column":15}},"loc":{"start":{"line":20,"column":33},"end":{"line":38,"column":9}},"line":20}},"branchMap":{},"s":{"0":0,"1":0},"f":{"0":0},"b":{}}
,"C:\\Users\\ahmad\\OneDrive\\Desktop\\f1-dashboard\\src\\components\\ApiLoadingSkeletons.jsx": {"path":"C:\\Users\\ahmad\\OneDrive\\Desktop\\f1-dashboard\\src\\components\\ApiLoadingSkeletons.jsx","statementMap":{"0":{"start":{"line":16,"column":2},"end":{"line":16,"column":41}},"1":{"start":{"line":23,"column":2},"end":{"line":32,"column":4}},"2":{"start":{"line":36,"column":2},"end":{"line":51,"column":4}},"3":{"start":{"line":40,"column":10},"end":{"line":47,"column":17}},"4":{"start":{"line":55,"column":2},"end":{"line":101,"column":4}},"5":{"start":{"line":77,"column":18},"end":{"line":93,"column":29}},"6":{"start":{"line":105,"column":2},"end":{"line":127,"column":4}},"7":{"start":{"line":115,"column":10},"end":{"line":123,"column":17}},"8":{"start":{"line":131,"column":2},"end":{"line":160,"column":4}},"9":{"start":{"line":144,"column":14},"end":{"line":154,"column":25}},"10":{"start":{"line":164,"column":2},"end":{"line":182,"column":4}},"11":{"start":{"line":168,"column":10},"end":{"line":178,"column":17}},"12":{"start":{"line":186,"column":2},"end":{"line":208,"column":4}},"13":{"start":{"line":190,"column":10},"end":{"line":204,"column":17}},"14":{"start":{"line":212,"column":2},"end":{"line":259,"column":4}},"15":{"start":{"line":233,"column":16},"end":{"line":252,"column":27}},"16":{"start":{"line":263,"column":2},"end":{"line":312,"column":4}},"17":{"start":{"line":295,"column":16},"end":{"line":305,"column":27}},"18":{"start":{"line":316,"column":2},"end":{"line":352,"column":4}},"19":{"start":{"line":330,"column":14},"end":{"line":346,"column":25}},"20":{"start":{"line":356,"column":2},"end":{"line":367,"column":4}}},"fnMap":{"0":{"name":"wave","decl":{"start":{"line":15,"column":9},"end":{"line":15,"column":13}},"loc":{"start":{"line":15,"column":26},"end":{"line":17,"column":1}},"line":15},"1":{"name":"LoadingStateRegion","decl":{"start":{"line":22,"column":16},"end":{"line":22,"column":34}},"loc":{"start":{"line":22,"column":60},"end":{"line":33,"column":1}},"line":22},"2":{"name":"DashboardSkeleton","decl":{"start":{"line":35,"column":16},"end":{"line":35,"column":33}},"loc":{"start":{"line":35,"column":36},"end":{"line":52,"column":1}},"line":35},"3":{"name":"(anonymous_3)","decl":{"start":{"line":39,"column":32},"end":{"line":39,"column":33}},"loc":{"start":{"line":40,"column":10},"end":{"line":47,"column":17}},"line":40},"4":{"name":"DriversStandingsSkeleton","decl":{"start":{"line":54,"column":16},"end":{"line":54,"column":40}},"loc":{"start":{"line":54,"column":43},"end":{"line":102,"column":1}},"line":54},"5":{"name":"(anonymous_5)","decl":{"start":{"line":76,"column":43},"end":{"line":76,"column":44}},"loc":{"start":{"line":77,"column":18},"end":{"line":93,"column":29}},"line":77},"6":{"name":"RaceCalendarSkeleton","decl":{"start":{"line":104,"column":16},"end":{"line":104,"column":36}},"loc":{"start":{"line":104,"column":39},"end":{"line":128,"column":1}},"line":104},"7":{"name":"(anonymous_7)","decl":{"start":{"line":114,"column":35},"end":{"line":114,"column":36}},"loc":{"start":{"line":115,"column":10},"end":{"line":123,"column":17}},"line":115},"8":{"name":"MeetingSessionsTableSkeleton","decl":{"start":{"line":130,"column":16},"end":{"line":130,"column":44}},"loc":{"start":{"line":130,"column":47},"end":{"line":161,"column":1}},"line":130},"9":{"name":"(anonymous_9)","decl":{"start":{"line":143,"column":39},"end":{"line":143,"column":40}},"loc":{"start":{"line":144,"column":14},"end":{"line":154,"column":25}},"line":144},"10":{"name":"ConstructorsSkeleton","decl":{"start":{"line":163,"column":16},"end":{"line":163,"column":36}},"loc":{"start":{"line":163,"column":39},"end":{"line":183,"column":1}},"line":163},"11":{"name":"(anonymous_11)","decl":{"start":{"line":167,"column":35},"end":{"line":167,"column":36}},"loc":{"start":{"line":168,"column":10},"end":{"line":178,"column":17}},"line":168},"12":{"name":"DriverProfilesSkeleton","decl":{"start":{"line":185,"column":16},"end":{"line":185,"column":38}},"loc":{"start":{"line":185,"column":41},"end":{"line":209,"column":1}},"line":185},"13":{"name":"(anonymous_13)","decl":{"start":{"line":189,"column":35},"end":{"line":189,"column":36}},"loc":{"start":{"line":190,"column":10},"end":{"line":204,"column":17}},"line":190},"14":{"name":"RaceResultsSkeleton","decl":{"start":{"line":211,"column":16},"end":{"line":211,"column":35}},"loc":{"start":{"line":211,"column":38},"end":{"line":260,"column":1}},"line":211},"15":{"name":"(anonymous_15)","decl":{"start":{"line":232,"column":42},"end":{"line":232,"column":43}},"loc":{"start":{"line":233,"column":16},"end":{"line":252,"column":27}},"line":233},"16":{"name":"HeadToHeadSkeleton","decl":{"start":{"line":262,"column":16},"end":{"line":262,"column":34}},"loc":{"start":{"line":262,"column":37},"end":{"line":313,"column":1}},"line":262},"17":{"name":"(anonymous_17)","decl":{"start":{"line":294,"column":41},"end":{"line":294,"column":42}},"loc":{"start":{"line":295,"column":16},"end":{"line":305,"column":27}},"line":295},"18":{"name":"TeamLineupsSkeleton","decl":{"start":{"line":315,"column":16},"end":{"line":315,"column":35}},"loc":{"start":{"line":315,"column":38},"end":{"line":353,"column":1}},"line":315},"19":{"name":"(anonymous_19)","decl":{"start":{"line":329,"column":39},"end":{"line":329,"column":40}},"loc":{"start":{"line":330,"column":14},"end":{"line":346,"column":25}},"line":330},"20":{"name":"CountdownSkeleton","decl":{"start":{"line":355,"column":16},"end":{"line":355,"column":33}},"loc":{"start":{"line":355,"column":36},"end":{"line":368,"column":1}},"line":355}},"branchMap":{"0":{"loc":{"start":{"line":15,"column":14},"end":{"line":15,"column":24}},"type":"default-arg","locations":[{"start":{"line":15,"column":22},"end":{"line":15,"column":24}}],"line":15}},"s":{"0":543,"1":20,"2":2,"3":12,"4":1,"5":8,"6":2,"7":12,"8":3,"9":24,"10":2,"11":12,"12":2,"13":12,"14":2,"15":20,"16":2,"17":8,"18":2,"19":16,"20":2},"f":{"0":543,"1":20,"2":2,"3":12,"4":1,"5":8,"6":2,"7":12,"8":3,"9":24,"10":2,"11":12,"12":2,"13":12,"14":2,"15":20,"16":2,"17":8,"18":2,"19":16,"20":2},"b":{"0":[290]},"_coverageSchema":"1a1c01bbd47fc00a2c39e90264f33305004495a9","hash":"b5f7d51d100459675e7d7c7904e2829e6374abc4"}
,"C:\\Users\\ahmad\\OneDrive\\Desktop\\f1-dashboard\\src\\components\\DriverRichSummary.jsx": {"path":"C:\\Users\\ahmad\\OneDrive\\Desktop\\f1-dashboard\\src\\components\\DriverRichSummary.jsx","statementMap":{"0":{"start":{"line":7,"column":36},"end":{"line":19,"column":1}},"1":{"start":{"line":38,"column":4},"end":{"line":40,"column":7}},"2":{"start":{"line":43,"column":4},"end":{"line":44,"column":47}},"3":{"start":{"line":45,"column":19},"end":{"line":45,"column":51}},"4":{"start":{"line":47,"column":2},"end":{"line":115,"column":4}}},"fnMap":{"0":{"name":"DriverRichSummary","decl":{"start":{"line":24,"column":24},"end":{"line":24,"column":41}},"loc":{"start":{"line":36,"column":3},"end":{"line":116,"column":1}},"line":36}},"branchMap":{"0":{"loc":{"start":{"line":38,"column":4},"end":{"line":40,"column":7}},"type":"binary-expr","locations":[{"start":{"line":38,"column":5},"end":{"line":38,"column":9}},{"start":{"line":38,"column":13},"end":{"line":38,"column":37}},{"start":{"line":39,"column":5},"end":{"line":39,"column":13}},{"start":{"line":39,"column":17},"end":{"line":39,"column":45}},{"start":{"line":40,"column":4},"end":{"line":40,"column":7}}],"line":38},"1":{"loc":{"start":{"line":43,"column":4},"end":{"line":44,"column":47}},"type":"binary-expr","locations":[{"start":{"line":43,"column":4},"end":{"line":43,"column":32}},{"start":{"line":44,"column":4},"end":{"line":44,"column":47}}],"line":43},"2":{"loc":{"start":{"line":45,"column":19},"end":{"line":45,"column":51}},"type":"binary-expr","locations":[{"start":{"line":45,"column":19},"end":{"line":45,"column":31}},{"start":{"line":45,"column":35},"end":{"line":45,"column":51}}],"line":45},"3":{"loc":{"start":{"line":51,"column":15},"end":{"line":51,"column":39}},"type":"binary-expr","locations":[{"start":{"line":51,"column":15},"end":{"line":51,"column":26}},{"start":{"line":51,"column":30},"end":{"line":51,"column":39}}],"line":51},"4":{"loc":{"start":{"line":52,"column":15},"end":{"line":52,"column":35}},"type":"binary-expr","locations":[{"start":{"line":52,"column":15},"end":{"line":52,"column":23}},{"start":{"line":52,"column":27},"end":{"line":52,"column":35}}],"line":52},"5":{"loc":{"start":{"line":59,"column":13},"end":{"line":59,"column":41}},"type":"binary-expr","locations":[{"start":{"line":59,"column":13},"end":{"line":59,"column":21}},{"start":{"line":59,"column":25},"end":{"line":59,"column":41}}],"line":59},"6":{"loc":{"start":{"line":62,"column":13},"end":{"line":62,"column":60}},"type":"cond-expr","locations":[{"start":{"line":62,"column":36},"end":{"line":62,"column":54}},{"start":{"line":62,"column":57},"end":{"line":62,"column":60}}],"line":62},"7":{"loc":{"start":{"line":63,"column":13},"end":{"line":63,"column":37}},"type":"cond-expr","locations":[{"start":{"line":63,"column":20},"end":{"line":63,"column":32}},{"start":{"line":63,"column":35},"end":{"line":63,"column":37}}],"line":63},"8":{"loc":{"start":{"line":68,"column":7},"end":{"line":83,"column":14}},"type":"cond-expr","locations":[{"start":{"line":69,"column":8},"end":{"line":82,"column":16}},{"start":{"line":83,"column":10},"end":{"line":83,"column":14}}],"line":68},"9":{"loc":{"start":{"line":70,"column":11},"end":{"line":80,"column":18}},"type":"cond-expr","locations":[{"start":{"line":71,"column":12},"end":{"line":79,"column":14}},{"start":{"line":80,"column":14},"end":{"line":80,"column":18}}],"line":70},"10":{"loc":{"start":{"line":85,"column":7},"end":{"line":89,"column":14}},"type":"cond-expr","locations":[{"start":{"line":86,"column":8},"end":{"line":88,"column":21}},{"start":{"line":89,"column":10},"end":{"line":89,"column":14}}],"line":85},"11":{"loc":{"start":{"line":91,"column":7},"end":{"line":91,"column":69}},"type":"binary-expr","locations":[{"start":{"line":91,"column":8},"end":{"line":91,"column":23}},{"start":{"line":91,"column":27},"end":{"line":91,"column":35}},{"start":{"line":91,"column":40},"end":{"line":91,"column":69}}],"line":91},"12":{"loc":{"start":{"line":93,"column":7},"end":{"line":100,"column":14}},"type":"cond-expr","locations":[{"start":{"line":94,"column":8},"end":{"line":97,"column":21}},{"start":{"line":98,"column":10},"end":{"line":100,"column":14}}],"line":93},"13":{"loc":{"start":{"line":95,"column":51},"end":{"line":95,"column":76}},"type":"binary-expr","locations":[{"start":{"line":95,"column":51},"end":{"line":95,"column":69}},{"start":{"line":95,"column":73},"end":{"line":95,"column":76}}],"line":95},"14":{"loc":{"start":{"line":96,"column":11},"end":{"line":96,"column":75}},"type":"cond-expr","locations":[{"start":{"line":96,"column":22},"end":{"line":96,"column":70}},{"start":{"line":96,"column":73},"end":{"line":96,"column":75}}],"line":96},"15":{"loc":{"start":{"line":96,"column":39},"end":{"line":96,"column":68}},"type":"cond-expr","locations":[{"start":{"line":96,"column":60},"end":{"line":96,"column":62}},{"start":{"line":96,"column":65},"end":{"line":96,"column":68}}],"line":96},"16":{"loc":{"start":{"line":98,"column":10},"end":{"line":100,"column":14}},"type":"cond-expr","locations":[{"start":{"line":99,"column":8},"end":{"line":99,"column":63}},{"start":{"line":100,"column":10},"end":{"line":100,"column":14}}],"line":98},"17":{"loc":{"start":{"line":102,"column":7},"end":{"line":113,"column":14}},"type":"cond-expr","locations":[{"start":{"line":103,"column":8},"end":{"line":112,"column":11}},{"start":{"line":113,"column":10},"end":{"line":113,"column":14}}],"line":102}},"s":{"0":7,"1":0,"2":0,"3":0,"4":0},"f":{"0":0},"b":{"0":[0,0,0,0,0],"1":[0,0],"2":[0,0],"3":[0,0],"4":[0,0],"5":[0,0],"6":[0,0],"7":[0,0],"8":[0,0],"9":[0,0],"10":[0,0],"11":[0,0,0],"12":[0,0],"13":[0,0],"14":[0,0],"15":[0,0],"16":[0,0],"17":[0,0]},"_coverageSchema":"1a1c01bbd47fc00a2c39e90264f33305004495a9","hash":"4fae3d468f6ec3a86e5ecc4355c00c5e19a541ae"}
,"C:\\Users\\ahmad\\OneDrive\\Desktop\\f1-dashboard\\src\\components\\DriverStandingsTable.jsx": {"path":"C:\\Users\\ahmad\\OneDrive\\Desktop\\f1-dashboard\\src\\components\\DriverStandingsTable.jsx","statementMap":{"0":{"start":{"line":19,"column":30},"end":{"line":19,"column":50}},"1":{"start":{"line":20,"column":36},"end":{"line":20,"column":51}},"2":{"start":{"line":22,"column":17},"end":{"line":30,"column":3}},"3":{"start":{"line":23,"column":4},"end":{"line":26,"column":5}},"4":{"start":{"line":24,"column":6},"end":{"line":24,"column":70}},"5":{"start":{"line":24,"column":33},"end":{"line":24,"column":67}},"6":{"start":{"line":25,"column":6},"end":{"line":25,"column":13}},"7":{"start":{"line":28,"column":4},"end":{"line":28,"column":22}},"8":{"start":{"line":29,"column":4},"end":{"line":29,"column":55}},"9":{"start":{"line":32,"column":26},"end":{"line":43,"column":36}},"10":{"start":{"line":33,"column":17},"end":{"line":33,"column":31}},"11":{"start":{"line":34,"column":22},"end":{"line":34,"column":50}},"12":{"start":{"line":36,"column":4},"end":{"line":40,"column":7}},"13":{"start":{"line":37,"column":6},"end":{"line":37,"column":78}},"14":{"start":{"line":37,"column":33},"end":{"line":37,"column":78}},"15":{"start":{"line":38,"column":6},"end":{"line":38,"column":72}},"16":{"start":{"line":38,"column":31},"end":{"line":38,"column":72}},"17":{"start":{"line":39,"column":6},"end":{"line":39,"column":62}},"18":{"start":{"line":42,"column":4},"end":{"line":42,"column":16}},"19":{"start":{"line":45,"column":2},"end":{"line":183,"column":4}},"20":{"start":{"line":57,"column":31},"end":{"line":57,"column":49}},"21":{"start":{"line":66,"column":31},"end":{"line":66,"column":47}},"22":{"start":{"line":76,"column":31},"end":{"line":76,"column":47}},"23":{"start":{"line":86,"column":12},"end":{"line":178,"column":23}}},"fnMap":{"0":{"name":"DriverStandingsTable","decl":{"start":{"line":18,"column":24},"end":{"line":18,"column":44}},"loc":{"start":{"line":18,"column":60},"end":{"line":184,"column":1}},"line":18},"1":{"name":"(anonymous_1)","decl":{"start":{"line":22,"column":17},"end":{"line":22,"column":18}},"loc":{"start":{"line":22,"column":29},"end":{"line":30,"column":3}},"line":22},"2":{"name":"(anonymous_2)","decl":{"start":{"line":24,"column":19},"end":{"line":24,"column":20}},"loc":{"start":{"line":24,"column":33},"end":{"line":24,"column":67}},"line":24},"3":{"name":"(anonymous_3)","decl":{"start":{"line":32,"column":34},"end":{"line":32,"column":35}},"loc":{"start":{"line":32,"column":40},"end":{"line":43,"column":3}},"line":32},"4":{"name":"(anonymous_4)","decl":{"start":{"line":36,"column":14},"end":{"line":36,"column":15}},"loc":{"start":{"line":36,"column":24},"end":{"line":40,"column":5}},"line":36},"5":{"name":"(anonymous_5)","decl":{"start":{"line":57,"column":25},"end":{"line":57,"column":26}},"loc":{"start":{"line":57,"column":31},"end":{"line":57,"column":49}},"line":57},"6":{"name":"(anonymous_6)","decl":{"start":{"line":66,"column":25},"end":{"line":66,"column":26}},"loc":{"start":{"line":66,"column":31},"end":{"line":66,"column":47}},"line":66},"7":{"name":"(anonymous_7)","decl":{"start":{"line":76,"column":25},"end":{"line":76,"column":26}},"loc":{"start":{"line":76,"column":31},"end":{"line":76,"column":47}},"line":76},"8":{"name":"(anonymous_8)","decl":{"start":{"line":85,"column":31},"end":{"line":85,"column":32}},"loc":{"start":{"line":86,"column":12},"end":{"line":178,"column":23}},"line":86}},"branchMap":{"0":{"loc":{"start":{"line":23,"column":4},"end":{"line":26,"column":5}},"type":"if","locations":[{"start":{"line":23,"column":4},"end":{"line":26,"column":5}},{"start":{},"end":{}}],"line":23},"1":{"loc":{"start":{"line":24,"column":33},"end":{"line":24,"column":67}},"type":"cond-expr","locations":[{"start":{"line":24,"column":53},"end":{"line":24,"column":59}},{"start":{"line":24,"column":62},"end":{"line":24,"column":67}}],"line":24},"2":{"loc":{"start":{"line":29,"column":17},"end":{"line":29,"column":53}},"type":"cond-expr","locations":[{"start":{"line":29,"column":39},"end":{"line":29,"column":45}},{"start":{"line":29,"column":48},"end":{"line":29,"column":53}}],"line":29},"3":{"loc":{"start":{"line":34,"column":22},"end":{"line":34,"column":50}},"type":"cond-expr","locations":[{"start":{"line":34,"column":44},"end":{"line":34,"column":45}},{"start":{"line":34,"column":48},"end":{"line":34,"column":50}}],"line":34},"4":{"loc":{"start":{"line":37,"column":6},"end":{"line":37,"column":78}},"type":"if","locations":[{"start":{"line":37,"column":6},"end":{"line":37,"column":78}},{"start":{},"end":{}}],"line":37},"5":{"loc":{"start":{"line":38,"column":6},"end":{"line":38,"column":72}},"type":"if","locations":[{"start":{"line":38,"column":6},"end":{"line":38,"column":72}},{"start":{},"end":{}}],"line":38},"6":{"loc":{"start":{"line":56,"column":27},"end":{"line":56,"column":68}},"type":"cond-expr","locations":[{"start":{"line":56,"column":51},"end":{"line":56,"column":60}},{"start":{"line":56,"column":63},"end":{"line":56,"column":68}}],"line":56},"7":{"loc":{"start":{"line":65,"column":27},"end":{"line":65,"column":66}},"type":"cond-expr","locations":[{"start":{"line":65,"column":49},"end":{"line":65,"column":58}},{"start":{"line":65,"column":61},"end":{"line":65,"column":66}}],"line":65},"8":{"loc":{"start":{"line":75,"column":27},"end":{"line":75,"column":67}},"type":"cond-expr","locations":[{"start":{"line":75,"column":49},"end":{"line":75,"column":58}},{"start":{"line":75,"column":61},"end":{"line":75,"column":67}}],"line":75},"9":{"loc":{"start":{"line":123,"column":25},"end":{"line":123,"column":67}},"type":"binary-expr","locations":[{"start":{"line":123,"column":25},"end":{"line":123,"column":36}},{"start":{"line":123,"column":40},"end":{"line":123,"column":67}}],"line":123},"10":{"loc":{"start":{"line":128,"column":50},"end":{"line":128,"column":87}},"type":"cond-expr","locations":[{"start":{"line":128,"column":64},"end":{"line":128,"column":82}},{"start":{"line":128,"column":85},"end":{"line":128,"column":87}}],"line":128},"11":{"loc":{"start":{"line":151,"column":23},"end":{"line":160,"column":23}},"type":"binary-expr","locations":[{"start":{"line":151,"column":23},"end":{"line":151,"column":39}},{"start":{"line":152,"column":24},"end":{"line":159,"column":26}}],"line":151},"12":{"loc":{"start":{"line":172,"column":17},"end":{"line":176,"column":17}},"type":"cond-expr","locations":[{"start":{"line":173,"column":18},"end":{"line":173,"column":29}},{"start":{"line":175,"column":18},"end":{"line":175,"column":70}}],"line":172}},"s":{"0":4,"1":4,"2":4,"3":1,"4":0,"5":0,"6":0,"7":1,"8":1,"9":4,"10":4,"11":4,"12":4,"13":3,"14":2,"15":1,"16":1,"17":0,"18":4,"19":4,"20":0,"21":0,"22":1,"23":7},"f":{"0":4,"1":1,"2":0,"3":4,"4":3,"5":0,"6":0,"7":1,"8":7},"b":{"0":[0,1],"1":[0,0],"2":[1,0],"3":[3,1],"4":[2,1],"5":[1,0],"6":[3,1],"7":[0,4],"8":[1,3],"9":[7,0],"10":[7,0],"11":[7,7],"12":[4,3]},"_coverageSchema":"1a1c01bbd47fc00a2c39e90264f33305004495a9","hash":"57fdd3b5d6b6b21b7bf7e9702017cf72cfe827bd"}
,"C:\\Users\\ahmad\\OneDrive\\Desktop\\f1-dashboard\\src\\components\\PageRouteFallback.jsx": {"path":"C:\\Users\\ahmad\\OneDrive\\Desktop\\f1-dashboard\\src\\components\\PageRouteFallback.jsx","statementMap":{"0":{"start":{"line":11,"column":2},"end":{"line":20,"column":4}}},"fnMap":{"0":{"name":"PageRouteFallback","decl":{"start":{"line":10,"column":24},"end":{"line":10,"column":41}},"loc":{"start":{"line":10,"column":44},"end":{"line":21,"column":1}},"line":10}},"branchMap":{},"s":{"0":1},"f":{"0":1},"b":{},"_coverageSchema":"1a1c01bbd47fc00a2c39e90264f33305004495a9","hash":"84d6fc87114e043a2dcab9a6c8cf83cedd1ed73b"}
,"C:\\Users\\ahmad\\OneDrive\\Desktop\\f1-dashboard\\src\\components\\RaceCard.jsx": {"path":"C:\\Users\\ahmad\\OneDrive\\Desktop\\f1-dashboard\\src\\components\\RaceCard.jsx","statementMap":{"0":{"start":{"line":11,"column":2},"end":{"line":50,"column":4}}},"fnMap":{"0":{"name":"RaceCard","decl":{"start":{"line":10,"column":24},"end":{"line":10,"column":32}},"loc":{"start":{"line":10,"column":83},"end":{"line":51,"column":1}},"line":10}},"branchMap":{"0":{"loc":{"start":{"line":36,"column":7},"end":{"line":48,"column":7}},"type":"binary-expr","locations":[{"start":{"line":36,"column":7},"end":{"line":36,"column":25}},{"start":{"line":36,"column":29},"end":{"line":36,"column":46}},{"start":{"line":37,"column":8},"end":{"line":47,"column":22}}],"line":36}},"s":{"0":2},"f":{"0":2},"b":{"0":[2,1,1]},"_coverageSchema":"1a1c01bbd47fc00a2c39e90264f33305004495a9","hash":"011c1a2aecaf3c15efee3fbe684ff4fab14dae6a"}
,"C:\\Users\\ahmad\\OneDrive\\Desktop\\f1-dashboard\\src\\components\\TeamRichSummary.jsx": {"path":"C:\\Users\\ahmad\\OneDrive\\Desktop\\f1-dashboard\\src\\components\\TeamRichSummary.jsx","statementMap":{"0":{"start":{"line":15,"column":21},"end":{"line":15,"column":56}},"1":{"start":{"line":17,"column":2},"end":{"line":66,"column":4}},"2":{"start":{"line":52,"column":14},"end":{"line":60,"column":27}}},"fnMap":{"0":{"name":"TeamRichSummary","decl":{"start":{"line":8,"column":24},"end":{"line":8,"column":39}},"loc":{"start":{"line":14,"column":3},"end":{"line":67,"column":1}},"line":14},"1":{"name":"(anonymous_1)","decl":{"start":{"line":51,"column":28},"end":{"line":51,"column":29}},"loc":{"start":{"line":52,"column":14},"end":{"line":60,"column":27}},"line":52}},"branchMap":{"0":{"loc":{"start":{"line":15,"column":21},"end":{"line":15,"column":56}},"type":"cond-expr","locations":[{"start":{"line":15,"column":45},"end":{"line":15,"column":51}},{"start":{"line":15,"column":54},"end":{"line":15,"column":56}}],"line":15},"1":{"loc":{"start":{"line":20,"column":9},"end":{"line":30,"column":16}},"type":"cond-expr","locations":[{"start":{"line":21,"column":10},"end":{"line":29,"column":12}},{"start":{"line":30,"column":12},"end":{"line":30,"column":16}}],"line":20},"2":{"loc":{"start":{"line":32,"column":11},"end":{"line":32,"column":25}},"type":"binary-expr","locations":[{"start":{"line":32,"column":11},"end":{"line":32,"column":15}},{"start":{"line":32,"column":19},"end":{"line":32,"column":25}}],"line":32},"3":{"loc":{"start":{"line":36,"column":7},"end":{"line":43,"column":14}},"type":"cond-expr","locations":[{"start":{"line":37,"column":8},"end":{"line":42,"column":21}},{"start":{"line":43,"column":10},"end":{"line":43,"column":14}}],"line":36},"4":{"loc":{"start":{"line":36,"column":7},"end":{"line":36,"column":58}},"type":"binary-expr","locations":[{"start":{"line":36,"column":7},"end":{"line":36,"column":23}},{"start":{"line":36,"column":27},"end":{"line":36,"column":58}}],"line":36},"5":{"loc":{"start":{"line":39,"column":11},"end":{"line":41,"column":16}},"type":"cond-expr","locations":[{"start":{"line":40,"column":14},"end":{"line":40,"column":32}},{"start":{"line":41,"column":14},"end":{"line":41,"column":16}}],"line":39},"6":{"loc":{"start":{"line":39,"column":11},"end":{"line":39,"column":58}},"type":"binary-expr","locations":[{"start":{"line":39,"column":11},"end":{"line":39,"column":25}},{"start":{"line":39,"column":29},"end":{"line":39,"column":58}}],"line":39},"7":{"loc":{"start":{"line":45,"column":7},"end":{"line":64,"column":14}},"type":"cond-expr","locations":[{"start":{"line":46,"column":8},"end":{"line":63,"column":11}},{"start":{"line":64,"column":10},"end":{"line":64,"column":14}}],"line":45},"8":{"loc":{"start":{"line":59,"column":17},"end":{"line":59,"column":51}},"type":"cond-expr","locations":[{"start":{"line":59,"column":29},"end":{"line":59,"column":46}},{"start":{"line":59,"column":49},"end":{"line":59,"column":51}}],"line":59}},"s":{"0":0,"1":0,"2":0},"f":{"0":0,"1":0},"b":{"0":[0,0],"1":[0,0],"2":[0,0],"3":[0,0],"4":[0,0],"5":[0,0],"6":[0,0],"7":[0,0],"8":[0,0]},"_coverageSchema":"1a1c01bbd47fc00a2c39e90264f33305004495a9","hash":"b54b1a46379467981ca1253fbacab1c8216d2c35"}
,"C:\\Users\\ahmad\\OneDrive\\Desktop\\f1-dashboard\\src\\hooks\\useDriverStandings.js": {"path":"C:\\Users\\ahmad\\OneDrive\\Desktop\\f1-dashboard\\src\\hooks\\useDriverStandings.js","statementMap":{"0":{"start":{"line":8,"column":36},"end":{"line":8,"column":48}},"1":{"start":{"line":9,"column":36},"end":{"line":9,"column":50}},"2":{"start":{"line":10,"column":28},"end":{"line":10,"column":42}},"3":{"start":{"line":11,"column":40},"end":{"line":11,"column":54}},"4":{"start":{"line":12,"column":36},"end":{"line":12,"column":47}},"5":{"start":{"line":14,"column":2},"end":{"line":86,"column":18}},"6":{"start":{"line":15,"column":23},"end":{"line":15,"column":44}},"7":{"start":{"line":18,"column":6},"end":{"line":80,"column":7}},"8":{"start":{"line":19,"column":8},"end":{"line":19,"column":27}},"9":{"start":{"line":20,"column":8},"end":{"line":20,"column":23}},"10":{"start":{"line":22,"column":29},"end":{"line":24,"column":9}},"11":{"start":{"line":26,"column":8},"end":{"line":28,"column":9}},"12":{"start":{"line":27,"column":10},"end":{"line":27,"column":79}},"13":{"start":{"line":30,"column":27},"end":{"line":30,"column":55}},"14":{"start":{"line":32,"column":8},"end":{"line":34,"column":9}},"15":{"start":{"line":33,"column":10},"end":{"line":33,"column":81}},"16":{"start":{"line":36,"column":28},"end":{"line":39,"column":9}},"17":{"start":{"line":41,"column":32},"end":{"line":46,"column":9}},"18":{"start":{"line":42,"column":74},"end":{"line":45,"column":11}},"19":{"start":{"line":48,"column":35},"end":{"line":69,"column":10}},"20":{"start":{"line":49,"column":25},"end":{"line":49,"column":65}},"21":{"start":{"line":51,"column":12},"end":{"line":55,"column":60}},"22":{"start":{"line":54,"column":29},"end":{"line":54,"column":73}},"23":{"start":{"line":57,"column":10},"end":{"line":68,"column":12}},"24":{"start":{"line":71,"column":8},"end":{"line":71,"column":67}},"25":{"start":{"line":71,"column":42},"end":{"line":71,"column":65}},"26":{"start":{"line":73,"column":8},"end":{"line":73,"column":41}},"27":{"start":{"line":74,"column":8},"end":{"line":74,"column":49}},"28":{"start":{"line":76,"column":8},"end":{"line":76,"column":46}},"29":{"start":{"line":76,"column":39},"end":{"line":76,"column":46}},"30":{"start":{"line":77,"column":8},"end":{"line":77,"column":75}},"31":{"start":{"line":79,"column":8},"end":{"line":79,"column":28}},"32":{"start":{"line":83,"column":4},"end":{"line":83,"column":27}},"33":{"start":{"line":85,"column":4},"end":{"line":85,"column":36}},"34":{"start":{"line":85,"column":17},"end":{"line":85,"column":35}},"35":{"start":{"line":88,"column":18},"end":{"line":90,"column":3}},"36":{"start":{"line":89,"column":4},"end":{"line":89,"column":43}},"37":{"start":{"line":89,"column":30},"end":{"line":89,"column":41}},"38":{"start":{"line":92,"column":2},"end":{"line":92,"column":63}}},"fnMap":{"0":{"name":"useDriverStandings","decl":{"start":{"line":7,"column":16},"end":{"line":7,"column":34}},"loc":{"start":{"line":7,"column":37},"end":{"line":93,"column":1}},"line":7},"1":{"name":"(anonymous_1)","decl":{"start":{"line":14,"column":12},"end":{"line":14,"column":13}},"loc":{"start":{"line":14,"column":18},"end":{"line":86,"column":3}},"line":14},"2":{"name":"fetchDriverStandings","decl":{"start":{"line":17,"column":19},"end":{"line":17,"column":39}},"loc":{"start":{"line":17,"column":42},"end":{"line":81,"column":5}},"line":17},"3":{"name":"(anonymous_3)","decl":{"start":{"line":42,"column":62},"end":{"line":42,"column":63}},"loc":{"start":{"line":42,"column":74},"end":{"line":45,"column":11}},"line":42},"4":{"name":"(anonymous_4)","decl":{"start":{"line":48,"column":52},"end":{"line":48,"column":53}},"loc":{"start":{"line":48,"column":63},"end":{"line":69,"column":9}},"line":48},"5":{"name":"(anonymous_5)","decl":{"start":{"line":54,"column":19},"end":{"line":54,"column":20}},"loc":{"start":{"line":54,"column":29},"end":{"line":54,"column":73}},"line":54},"6":{"name":"(anonymous_6)","decl":{"start":{"line":71,"column":32},"end":{"line":71,"column":33}},"loc":{"start":{"line":71,"column":42},"end":{"line":71,"column":65}},"line":71},"7":{"name":"(anonymous_7)","decl":{"start":{"line":85,"column":11},"end":{"line":85,"column":12}},"loc":{"start":{"line":85,"column":17},"end":{"line":85,"column":35}},"line":85},"8":{"name":"(anonymous_8)","decl":{"start":{"line":88,"column":18},"end":{"line":88,"column":19}},"loc":{"start":{"line":88,"column":24},"end":{"line":90,"column":3}},"line":88},"9":{"name":"(anonymous_9)","decl":{"start":{"line":89,"column":17},"end":{"line":89,"column":18}},"loc":{"start":{"line":89,"column":30},"end":{"line":89,"column":41}},"line":89}},"branchMap":{"0":{"loc":{"start":{"line":26,"column":8},"end":{"line":28,"column":9}},"type":"if","locations":[{"start":{"line":26,"column":8},"end":{"line":28,"column":9}},{"start":{},"end":{}}],"line":26},"1":{"loc":{"start":{"line":32,"column":8},"end":{"line":34,"column":9}},"type":"if","locations":[{"start":{"line":32,"column":8},"end":{"line":34,"column":9}},{"start":{},"end":{}}],"line":32},"2":{"loc":{"start":{"line":42,"column":11},"end":{"line":42,"column":56}},"type":"cond-expr","locations":[{"start":{"line":42,"column":40},"end":{"line":42,"column":51}},{"start":{"line":42,"column":54},"end":{"line":42,"column":56}}],"line":42},"3":{"loc":{"start":{"line":51,"column":12},"end":{"line":55,"column":60}},"type":"binary-expr","locations":[{"start":{"line":51,"column":12},"end":{"line":55,"column":24}},{"start":{"line":55,"column":28},"end":{"line":55,"column":60}}],"line":51},"4":{"loc":{"start":{"line":59,"column":27},"end":{"line":59,"column":52}},"type":"binary-expr","locations":[{"start":{"line":59,"column":27},"end":{"line":59,"column":47}},{"start":{"line":59,"column":51},"end":{"line":59,"column":52}}],"line":59},"5":{"loc":{"start":{"line":60,"column":25},"end":{"line":60,"column":62}},"type":"binary-expr","locations":[{"start":{"line":60,"column":25},"end":{"line":60,"column":35}},{"start":{"line":60,"column":39},"end":{"line":60,"column":57}},{"start":{"line":60,"column":61},"end":{"line":60,"column":62}}],"line":60},"6":{"loc":{"start":{"line":61,"column":18},"end":{"line":61,"column":44}},"type":"binary-expr","locations":[{"start":{"line":61,"column":18},"end":{"line":61,"column":38}},{"start":{"line":61,"column":42},"end":{"line":61,"column":44}}],"line":61},"7":{"loc":{"start":{"line":63,"column":27},"end":{"line":63,"column":55}},"type":"binary-expr","locations":[{"start":{"line":63,"column":27},"end":{"line":63,"column":49}},{"start":{"line":63,"column":53},"end":{"line":63,"column":55}}],"line":63},"8":{"loc":{"start":{"line":65,"column":25},"end":{"line":65,"column":51}},"type":"binary-expr","locations":[{"start":{"line":65,"column":25},"end":{"line":65,"column":45}},{"start":{"line":65,"column":49},"end":{"line":65,"column":51}}],"line":65},"9":{"loc":{"start":{"line":66,"column":25},"end":{"line":66,"column":60}},"type":"binary-expr","locations":[{"start":{"line":66,"column":25},"end":{"line":66,"column":42}},{"start":{"line":66,"column":46},"end":{"line":66,"column":60}}],"line":66},"10":{"loc":{"start":{"line":67,"column":23},"end":{"line":67,"column":74}},"type":"cond-expr","locations":[{"start":{"line":67,"column":45},"end":{"line":67,"column":69}},{"start":{"line":67,"column":72},"end":{"line":67,"column":74}}],"line":67},"11":{"loc":{"start":{"line":76,"column":8},"end":{"line":76,"column":46}},"type":"if","locations":[{"start":{"line":76,"column":8},"end":{"line":76,"column":46}},{"start":{},"end":{}}],"line":76},"12":{"loc":{"start":{"line":77,"column":17},"end":{"line":77,"column":73}},"type":"binary-expr","locations":[{"start":{"line":77,"column":17},"end":{"line":77,"column":28}},{"start":{"line":77,"column":32},"end":{"line":77,"column":73}}],"line":77}},"s":{"0":9,"1":9,"2":9,"3":9,"4":9,"5":9,"6":4,"7":4,"8":4,"9":4,"10":4,"11":4,"12":1,"13":3,"14":3,"15":0,"16":3,"17":3,"18":4,"19":3,"20":4,"21":4,"22":8,"23":4,"24":3,"25":1,"26":3,"27":3,"28":1,"29":0,"30":1,"31":4,"32":4,"33":4,"34":4,"35":9,"36":1,"37":1,"38":9},"f":{"0":9,"1":4,"2":4,"3":4,"4":4,"5":8,"6":1,"7":4,"8":1,"9":1},"b":{"0":[1,3],"1":[0,3],"2":[3,0],"3":[4,0],"4":[4,0],"5":[4,4,4],"6":[4,0],"7":[4,4],"8":[4,2],"9":[4,0],"10":[4,0],"11":[0,1],"12":[1,0]},"_coverageSchema":"1a1c01bbd47fc00a2c39e90264f33305004495a9","hash":"81098d4cf91f6d6ea2f1e5adb62ac77b58173c1f"}
,"C:\\Users\\ahmad\\OneDrive\\Desktop\\f1-dashboard\\src\\pages\\Constructors.jsx": {"path":"C:\\Users\\ahmad\\OneDrive\\Desktop\\f1-dashboard\\src\\pages\\Constructors.jsx","statementMap":{"0":{"start":{"line":20,"column":20},"end":{"line":20,"column":70}},"1":{"start":{"line":23,"column":2},"end":{"line":25,"column":19}},"2":{"start":{"line":29,"column":28},"end":{"line":29,"column":40}},"3":{"start":{"line":30,"column":36},"end":{"line":30,"column":50}},"4":{"start":{"line":31,"column":28},"end":{"line":31,"column":42}},"5":{"start":{"line":33,"column":2},"end":{"line":109,"column":9}},"6":{"start":{"line":34,"column":23},"end":{"line":34,"column":44}},"7":{"start":{"line":37,"column":6},"end":{"line":104,"column":7}},"8":{"start":{"line":38,"column":8},"end":{"line":38,"column":27}},"9":{"start":{"line":39,"column":8},"end":{"line":39,"column":23}},"10":{"start":{"line":41,"column":35},"end":{"line":43,"column":9}},"11":{"start":{"line":45,"column":27},"end":{"line":45,"column":61}},"12":{"start":{"line":47,"column":8},"end":{"line":49,"column":9}},"13":{"start":{"line":48,"column":10},"end":{"line":48,"column":67}},"14":{"start":{"line":51,"column":44},"end":{"line":54,"column":10}},"15":{"start":{"line":56,"column":28},"end":{"line":56,"column":71}},"16":{"start":{"line":58,"column":29},"end":{"line":58,"column":38}},"17":{"start":{"line":59,"column":8},"end":{"line":67,"column":9}},"18":{"start":{"line":60,"column":20},"end":{"line":60,"column":41}},"19":{"start":{"line":61,"column":10},"end":{"line":61,"column":60}},"20":{"start":{"line":61,"column":36},"end":{"line":61,"column":60}},"21":{"start":{"line":62,"column":10},"end":{"line":66,"column":13}},"22":{"start":{"line":68,"column":8},"end":{"line":70,"column":9}},"23":{"start":{"line":69,"column":10},"end":{"line":69,"column":67}},"24":{"start":{"line":69,"column":30},"end":{"line":69,"column":65}},"25":{"start":{"line":72,"column":23},"end":{"line":96,"column":12}},"26":{"start":{"line":75,"column":14},"end":{"line":76,"column":47}},"27":{"start":{"line":79,"column":25},"end":{"line":79,"column":57}},"28":{"start":{"line":80,"column":24},"end":{"line":80,"column":38}},"29":{"start":{"line":81,"column":27},"end":{"line":81,"column":54}},"30":{"start":{"line":82,"column":32},"end":{"line":84,"column":13}},"31":{"start":{"line":83,"column":21},"end":{"line":83,"column":50}},"32":{"start":{"line":85,"column":30},"end":{"line":87,"column":18}},"33":{"start":{"line":88,"column":12},"end":{"line":95,"column":14}},"34":{"start":{"line":98,"column":8},"end":{"line":98,"column":25}},"35":{"start":{"line":100,"column":8},"end":{"line":100,"column":46}},"36":{"start":{"line":100,"column":39},"end":{"line":100,"column":46}},"37":{"start":{"line":101,"column":8},"end":{"line":101,"column":73}},"38":{"start":{"line":103,"column":8},"end":{"line":103,"column":28}},"39":{"start":{"line":107,"column":4},"end":{"line":107,"column":32}},"40":{"start":{"line":108,"column":4},"end":{"line":108,"column":36}},"41":{"start":{"line":108,"column":17},"end":{"line":108,"column":35}},"42":{"start":{"line":111,"column":2},"end":{"line":186,"column":4}},"43":{"start":{"line":130,"column":14},"end":{"line":180,"column":21}}},"fnMap":{"0":{"name":"normTeam","decl":{"start":{"line":22,"column":9},"end":{"line":22,"column":17}},"loc":{"start":{"line":22,"column":24},"end":{"line":26,"column":1}},"line":22},"1":{"name":"Constructors","decl":{"start":{"line":28,"column":24},"end":{"line":28,"column":36}},"loc":{"start":{"line":28,"column":39},"end":{"line":187,"column":1}},"line":28},"2":{"name":"(anonymous_2)","decl":{"start":{"line":33,"column":12},"end":{"line":33,"column":13}},"loc":{"start":{"line":33,"column":18},"end":{"line":109,"column":3}},"line":33},"3":{"name":"fetchConstructorStandings","decl":{"start":{"line":36,"column":19},"end":{"line":36,"column":44}},"loc":{"start":{"line":36,"column":47},"end":{"line":105,"column":5}},"line":36},"4":{"name":"(anonymous_4)","decl":{"start":{"line":69,"column":20},"end":{"line":69,"column":21}},"loc":{"start":{"line":69,"column":30},"end":{"line":69,"column":65}},"line":69},"5":{"name":"(anonymous_5)","decl":{"start":{"line":74,"column":12},"end":{"line":74,"column":13}},"loc":{"start":{"line":75,"column":14},"end":{"line":76,"column":47}},"line":75},"6":{"name":"(anonymous_6)","decl":{"start":{"line":78,"column":15},"end":{"line":78,"column":16}},"loc":{"start":{"line":78,"column":32},"end":{"line":96,"column":11}},"line":78},"7":{"name":"(anonymous_7)","decl":{"start":{"line":83,"column":14},"end":{"line":83,"column":15}},"loc":{"start":{"line":83,"column":21},"end":{"line":83,"column":50}},"line":83},"8":{"name":"(anonymous_8)","decl":{"start":{"line":108,"column":11},"end":{"line":108,"column":12}},"loc":{"start":{"line":108,"column":17},"end":{"line":108,"column":35}},"line":108},"9":{"name":"(anonymous_9)","decl":{"start":{"line":129,"column":23},"end":{"line":129,"column":24}},"loc":{"start":{"line":130,"column":14},"end":{"line":180,"column":21}},"line":130}},"branchMap":{"0":{"loc":{"start":{"line":23,"column":16},"end":{"line":23,"column":26}},"type":"binary-expr","locations":[{"start":{"line":23,"column":16},"end":{"line":23,"column":20}},{"start":{"line":23,"column":24},"end":{"line":23,"column":26}}],"line":23},"1":{"loc":{"start":{"line":47,"column":8},"end":{"line":49,"column":9}},"type":"if","locations":[{"start":{"line":47,"column":8},"end":{"line":49,"column":9}},{"start":{},"end":{}}],"line":47},"2":{"loc":{"start":{"line":56,"column":28},"end":{"line":56,"column":71}},"type":"cond-expr","locations":[{"start":{"line":56,"column":56},"end":{"line":56,"column":66}},{"start":{"line":56,"column":69},"end":{"line":56,"column":71}}],"line":56},"3":{"loc":{"start":{"line":61,"column":10},"end":{"line":61,"column":60}},"type":"if","locations":[{"start":{"line":61,"column":10},"end":{"line":61,"column":60}},{"start":{},"end":{}}],"line":61},"4":{"loc":{"start":{"line":64,"column":18},"end":{"line":64,"column":54}},"type":"binary-expr","locations":[{"start":{"line":64,"column":18},"end":{"line":64,"column":29}},{"start":{"line":64,"column":33},"end":{"line":64,"column":54}}],"line":64},"5":{"loc":{"start":{"line":65,"column":21},"end":{"line":65,"column":41}},"type":"binary-expr","locations":[{"start":{"line":65,"column":21},"end":{"line":65,"column":35}},{"start":{"line":65,"column":39},"end":{"line":65,"column":41}}],"line":65},"6":{"loc":{"start":{"line":75,"column":21},"end":{"line":75,"column":46}},"type":"binary-expr","locations":[{"start":{"line":75,"column":21},"end":{"line":75,"column":39}},{"start":{"line":75,"column":43},"end":{"line":75,"column":46}}],"line":75},"7":{"loc":{"start":{"line":76,"column":21},"end":{"line":76,"column":46}},"type":"binary-expr","locations":[{"start":{"line":76,"column":21},"end":{"line":76,"column":39}},{"start":{"line":76,"column":43},"end":{"line":76,"column":46}}],"line":76},"8":{"loc":{"start":{"line":79,"column":25},"end":{"line":79,"column":57}},"type":"binary-expr","locations":[{"start":{"line":79,"column":25},"end":{"line":79,"column":39}},{"start":{"line":79,"column":43},"end":{"line":79,"column":57}}],"line":79},"9":{"loc":{"start":{"line":81,"column":27},"end":{"line":81,"column":54}},"type":"binary-expr","locations":[{"start":{"line":81,"column":27},"end":{"line":81,"column":48}},{"start":{"line":81,"column":52},"end":{"line":81,"column":54}}],"line":81},"10":{"loc":{"start":{"line":85,"column":30},"end":{"line":87,"column":18}},"type":"cond-expr","locations":[{"start":{"line":86,"column":16},"end":{"line":86,"column":45}},{"start":{"line":87,"column":16},"end":{"line":87,"column":18}}],"line":85},"11":{"loc":{"start":{"line":90,"column":29},"end":{"line":90,"column":53}},"type":"binary-expr","locations":[{"start":{"line":90,"column":29},"end":{"line":90,"column":48}},{"start":{"line":90,"column":52},"end":{"line":90,"column":53}}],"line":90},"12":{"loc":{"start":{"line":91,"column":31},"end":{"line":91,"column":65}},"type":"binary-expr","locations":[{"start":{"line":91,"column":31},"end":{"line":91,"column":52}},{"start":{"line":91,"column":56},"end":{"line":91,"column":65}}],"line":91},"13":{"loc":{"start":{"line":100,"column":8},"end":{"line":100,"column":46}},"type":"if","locations":[{"start":{"line":100,"column":8},"end":{"line":100,"column":46}},{"start":{},"end":{}}],"line":100},"14":{"loc":{"start":{"line":101,"column":17},"end":{"line":101,"column":71}},"type":"binary-expr","locations":[{"start":{"line":101,"column":17},"end":{"line":101,"column":28}},{"start":{"line":101,"column":32},"end":{"line":101,"column":71}}],"line":101},"15":{"loc":{"start":{"line":123,"column":9},"end":{"line":183,"column":9}},"type":"cond-expr","locations":[{"start":{"line":124,"column":10},"end":{"line":124,"column":34}},{"start":{"line":125,"column":12},"end":{"line":183,"column":9}}],"line":123},"16":{"loc":{"start":{"line":125,"column":12},"end":{"line":183,"column":9}},"type":"cond-expr","locations":[{"start":{"line":126,"column":10},"end":{"line":126,"column":49}},{"start":{"line":128,"column":10},"end":{"line":182,"column":17}}],"line":125}},"s":{"0":1,"1":1,"2":4,"3":4,"4":4,"5":4,"6":2,"7":2,"8":2,"9":2,"10":2,"11":2,"12":2,"13":1,"14":1,"15":1,"16":1,"17":1,"18":0,"19":0,"20":0,"21":0,"22":1,"23":0,"24":0,"25":1,"26":0,"27":1,"28":1,"29":1,"30":1,"31":0,"32":1,"33":1,"34":1,"35":1,"36":0,"37":1,"38":2,"39":2,"40":2,"41":2,"42":4,"43":1},"f":{"0":1,"1":4,"2":2,"3":2,"4":0,"5":0,"6":1,"7":0,"8":2,"9":1},"b":{"0":[1,0],"1":[1,1],"2":[0,1],"3":[0,0],"4":[0,0],"5":[0,0],"6":[0,0],"7":[0,0],"8":[1,0],"9":[1,1],"10":[0,1],"11":[1,0],"12":[1,0],"13":[0,1],"14":[1,0],"15":[2,2],"16":[1,1]},"_coverageSchema":"1a1c01bbd47fc00a2c39e90264f33305004495a9","hash":"660c125cf3ca8068ce6e87f3f342cd8794d842a0"}
,"C:\\Users\\ahmad\\OneDrive\\Desktop\\f1-dashboard\\src\\pages\\CountdownTimer.jsx": {"path":"C:\\Users\\ahmad\\OneDrive\\Desktop\\f1-dashboard\\src\\pages\\CountdownTimer.jsx","statementMap":{"0":{"start":{"line":15,"column":2},"end":{"line":15,"column":37}},"1":{"start":{"line":15,"column":15},"end":{"line":15,"column":37}},"2":{"start":{"line":17,"column":23},"end":{"line":17,"column":44}},"3":{"start":{"line":18,"column":15},"end":{"line":18,"column":47}},"4":{"start":{"line":19,"column":16},"end":{"line":19,"column":57}},"5":{"start":{"line":20,"column":18},"end":{"line":20,"column":56}},"6":{"start":{"line":21,"column":18},"end":{"line":21,"column":35}},"7":{"start":{"line":23,"column":2},"end":{"line":23,"column":54}},"8":{"start":{"line":27,"column":30},"end":{"line":27,"column":44}},"9":{"start":{"line":28,"column":36},"end":{"line":28,"column":50}},"10":{"start":{"line":29,"column":28},"end":{"line":29,"column":42}},"11":{"start":{"line":30,"column":24},"end":{"line":30,"column":44}},"12":{"start":{"line":32,"column":2},"end":{"line":91,"column":9}},"13":{"start":{"line":33,"column":23},"end":{"line":33,"column":44}},"14":{"start":{"line":36,"column":6},"end":{"line":86,"column":7}},"15":{"start":{"line":37,"column":8},"end":{"line":37,"column":27}},"16":{"start":{"line":38,"column":8},"end":{"line":38,"column":23}},"17":{"start":{"line":40,"column":21},"end":{"line":40,"column":48}},"18":{"start":{"line":41,"column":25},"end":{"line":41,"column":73}},"19":{"start":{"line":42,"column":31},"end":{"line":44,"column":9}},"20":{"start":{"line":43,"column":10},"end":{"line":43,"column":64}},"21":{"start":{"line":46,"column":28},"end":{"line":50,"column":9}},"22":{"start":{"line":48,"column":12},"end":{"line":49,"column":22}},"23":{"start":{"line":52,"column":8},"end":{"line":54,"column":9}},"24":{"start":{"line":53,"column":10},"end":{"line":53,"column":55}},"25":{"start":{"line":56,"column":25},"end":{"line":59,"column":9}},"26":{"start":{"line":61,"column":31},"end":{"line":63,"column":9}},"27":{"start":{"line":62,"column":10},"end":{"line":62,"column":64}},"28":{"start":{"line":66,"column":10},"end":{"line":68,"column":32}},"29":{"start":{"line":67,"column":25},"end":{"line":67,"column":75}},"30":{"start":{"line":70,"column":8},"end":{"line":72,"column":9}},"31":{"start":{"line":71,"column":10},"end":{"line":71,"column":78}},"32":{"start":{"line":74,"column":8},"end":{"line":80,"column":11}},"33":{"start":{"line":82,"column":8},"end":{"line":82,"column":46}},"34":{"start":{"line":82,"column":39},"end":{"line":82,"column":46}},"35":{"start":{"line":83,"column":8},"end":{"line":83,"column":65}},"36":{"start":{"line":85,"column":8},"end":{"line":85,"column":28}},"37":{"start":{"line":89,"column":4},"end":{"line":89,"column":23}},"38":{"start":{"line":90,"column":4},"end":{"line":90,"column":36}},"39":{"start":{"line":90,"column":17},"end":{"line":90,"column":35}},"40":{"start":{"line":93,"column":2},"end":{"line":96,"column":9}},"41":{"start":{"line":94,"column":18},"end":{"line":94,"column":61}},"42":{"start":{"line":94,"column":36},"end":{"line":94,"column":54}},"43":{"start":{"line":95,"column":4},"end":{"line":95,"column":38}},"44":{"start":{"line":95,"column":17},"end":{"line":95,"column":37}},"45":{"start":{"line":98,"column":20},"end":{"line":101,"column":19}},"46":{"start":{"line":99,"column":4},"end":{"line":99,"column":40}},"47":{"start":{"line":99,"column":28},"end":{"line":99,"column":40}},"48":{"start":{"line":100,"column":4},"end":{"line":100,"column":46}},"49":{"start":{"line":103,"column":2},"end":{"line":137,"column":4}}},"fnMap":{"0":{"name":"formatDuration","decl":{"start":{"line":14,"column":9},"end":{"line":14,"column":23}},"loc":{"start":{"line":14,"column":28},"end":{"line":24,"column":1}},"line":14},"1":{"name":"CountdownTimer","decl":{"start":{"line":26,"column":24},"end":{"line":26,"column":38}},"loc":{"start":{"line":26,"column":41},"end":{"line":138,"column":1}},"line":26},"2":{"name":"(anonymous_2)","decl":{"start":{"line":32,"column":12},"end":{"line":32,"column":13}},"loc":{"start":{"line":32,"column":18},"end":{"line":91,"column":3}},"line":32},"3":{"name":"fetchNextSession","decl":{"start":{"line":35,"column":19},"end":{"line":35,"column":35}},"loc":{"start":{"line":35,"column":38},"end":{"line":87,"column":5}},"line":35},"4":{"name":"(anonymous_4)","decl":{"start":{"line":42,"column":50},"end":{"line":42,"column":51}},"loc":{"start":{"line":43,"column":10},"end":{"line":43,"column":64}},"line":43},"5":{"name":"(anonymous_5)","decl":{"start":{"line":47,"column":10},"end":{"line":47,"column":11}},"loc":{"start":{"line":48,"column":12},"end":{"line":49,"column":22}},"line":48},"6":{"name":"(anonymous_6)","decl":{"start":{"line":61,"column":50},"end":{"line":61,"column":51}},"loc":{"start":{"line":62,"column":10},"end":{"line":62,"column":64}},"line":62},"7":{"name":"(anonymous_7)","decl":{"start":{"line":67,"column":12},"end":{"line":67,"column":13}},"loc":{"start":{"line":67,"column":25},"end":{"line":67,"column":75}},"line":67},"8":{"name":"(anonymous_8)","decl":{"start":{"line":90,"column":11},"end":{"line":90,"column":12}},"loc":{"start":{"line":90,"column":17},"end":{"line":90,"column":35}},"line":90},"9":{"name":"(anonymous_9)","decl":{"start":{"line":93,"column":12},"end":{"line":93,"column":13}},"loc":{"start":{"line":93,"column":18},"end":{"line":96,"column":3}},"line":93},"10":{"name":"(anonymous_10)","decl":{"start":{"line":94,"column":30},"end":{"line":94,"column":31}},"loc":{"start":{"line":94,"column":36},"end":{"line":94,"column":54}},"line":94},"11":{"name":"(anonymous_11)","decl":{"start":{"line":95,"column":11},"end":{"line":95,"column":12}},"loc":{"start":{"line":95,"column":17},"end":{"line":95,"column":37}},"line":95},"12":{"name":"(anonymous_12)","decl":{"start":{"line":98,"column":28},"end":{"line":98,"column":29}},"loc":{"start":{"line":98,"column":34},"end":{"line":101,"column":3}},"line":98}},"branchMap":{"0":{"loc":{"start":{"line":15,"column":2},"end":{"line":15,"column":37}},"type":"if","locations":[{"start":{"line":15,"column":2},"end":{"line":15,"column":37}},{"start":{},"end":{}}],"line":15},"1":{"loc":{"start":{"line":43,"column":11},"end":{"line":43,"column":29}},"type":"binary-expr","locations":[{"start":{"line":43,"column":11},"end":{"line":43,"column":23}},{"start":{"line":43,"column":27},"end":{"line":43,"column":29}}],"line":43},"2":{"loc":{"start":{"line":43,"column":45},"end":{"line":43,"column":63}},"type":"binary-expr","locations":[{"start":{"line":43,"column":45},"end":{"line":43,"column":57}},{"start":{"line":43,"column":61},"end":{"line":43,"column":63}}],"line":43},"3":{"loc":{"start":{"line":48,"column":23},"end":{"line":48,"column":67}},"type":"binary-expr","locations":[{"start":{"line":48,"column":23},"end":{"line":48,"column":39}},{"start":{"line":48,"column":43},"end":{"line":48,"column":61}},{"start":{"line":48,"column":65},"end":{"line":48,"column":67}}],"line":48},"4":{"loc":{"start":{"line":52,"column":8},"end":{"line":54,"column":9}},"type":"if","locations":[{"start":{"line":52,"column":8},"end":{"line":54,"column":9}},{"start":{},"end":{}}],"line":52},"5":{"loc":{"start":{"line":62,"column":11},"end":{"line":62,"column":29}},"type":"binary-expr","locations":[{"start":{"line":62,"column":11},"end":{"line":62,"column":23}},{"start":{"line":62,"column":27},"end":{"line":62,"column":29}}],"line":62},"6":{"loc":{"start":{"line":62,"column":45},"end":{"line":62,"column":63}},"type":"binary-expr","locations":[{"start":{"line":62,"column":45},"end":{"line":62,"column":57}},{"start":{"line":62,"column":61},"end":{"line":62,"column":63}}],"line":62},"7":{"loc":{"start":{"line":66,"column":10},"end":{"line":68,"column":32}},"type":"binary-expr","locations":[{"start":{"line":66,"column":10},"end":{"line":68,"column":11}},{"start":{"line":68,"column":15},"end":{"line":68,"column":32}}],"line":66},"8":{"loc":{"start":{"line":67,"column":36},"end":{"line":67,"column":60}},"type":"binary-expr","locations":[{"start":{"line":67,"column":36},"end":{"line":67,"column":54}},{"start":{"line":67,"column":58},"end":{"line":67,"column":60}}],"line":67},"9":{"loc":{"start":{"line":70,"column":8},"end":{"line":72,"column":9}},"type":"if","locations":[{"start":{"line":70,"column":8},"end":{"line":72,"column":9}},{"start":{},"end":{}}],"line":70},"10":{"loc":{"start":{"line":75,"column":23},"end":{"line":75,"column":71}},"type":"binary-expr","locations":[{"start":{"line":75,"column":23},"end":{"line":75,"column":47}},{"start":{"line":75,"column":51},"end":{"line":75,"column":71}}],"line":75},"11":{"loc":{"start":{"line":76,"column":19},"end":{"line":76,"column":70}},"type":"binary-expr","locations":[{"start":{"line":76,"column":19},"end":{"line":76,"column":49}},{"start":{"line":76,"column":53},"end":{"line":76,"column":70}}],"line":76},"12":{"loc":{"start":{"line":77,"column":19},"end":{"line":77,"column":64}},"type":"binary-expr","locations":[{"start":{"line":77,"column":19},"end":{"line":77,"column":43}},{"start":{"line":77,"column":47},"end":{"line":77,"column":64}}],"line":77},"13":{"loc":{"start":{"line":78,"column":23},"end":{"line":78,"column":60}},"type":"binary-expr","locations":[{"start":{"line":78,"column":23},"end":{"line":78,"column":47}},{"start":{"line":78,"column":51},"end":{"line":78,"column":60}}],"line":78},"14":{"loc":{"start":{"line":82,"column":8},"end":{"line":82,"column":46}},"type":"if","locations":[{"start":{"line":82,"column":8},"end":{"line":82,"column":46}},{"start":{},"end":{}}],"line":82},"15":{"loc":{"start":{"line":83,"column":17},"end":{"line":83,"column":63}},"type":"binary-expr","locations":[{"start":{"line":83,"column":17},"end":{"line":83,"column":28}},{"start":{"line":83,"column":32},"end":{"line":83,"column":63}}],"line":83},"16":{"loc":{"start":{"line":99,"column":4},"end":{"line":99,"column":40}},"type":"if","locations":[{"start":{"line":99,"column":4},"end":{"line":99,"column":40}},{"start":{},"end":{}}],"line":99},"17":{"loc":{"start":{"line":113,"column":9},"end":{"line":134,"column":9}},"type":"cond-expr","locations":[{"start":{"line":114,"column":10},"end":{"line":114,"column":31}},{"start":{"line":115,"column":12},"end":{"line":134,"column":9}}],"line":113},"18":{"loc":{"start":{"line":115,"column":12},"end":{"line":134,"column":9}},"type":"cond-expr","locations":[{"start":{"line":116,"column":10},"end":{"line":116,"column":49}},{"start":{"line":118,"column":10},"end":{"line":133,"column":17}}],"line":115},"19":{"loc":{"start":{"line":127,"column":32},"end":{"line":127,"column":46}},"type":"binary-expr","locations":[{"start":{"line":127,"column":32},"end":{"line":127,"column":41}},{"start":{"line":127,"column":45},"end":{"line":127,"column":46}}],"line":127},"20":{"loc":{"start":{"line":130,"column":37},"end":{"line":130,"column":60}},"type":"binary-expr","locations":[{"start":{"line":130,"column":37},"end":{"line":130,"column":54}},{"start":{"line":130,"column":58},"end":{"line":130,"column":60}}],"line":130}},"s":{"0":1,"1":0,"2":1,"3":1,"4":1,"5":1,"6":1,"7":1,"8":4,"9":4,"10":4,"11":4,"12":4,"13":2,"14":2,"15":2,"16":2,"17":2,"18":2,"19":2,"20":0,"21":2,"22":2,"23":2,"24":1,"25":1,"26":1,"27":0,"28":1,"29":1,"30":1,"31":0,"32":1,"33":1,"34":0,"35":1,"36":2,"37":2,"38":2,"39":2,"40":4,"41":2,"42":0,"43":2,"44":2,"45":4,"46":3,"47":2,"48":1,"49":4},"f":{"0":1,"1":4,"2":2,"3":2,"4":0,"5":2,"6":0,"7":1,"8":2,"9":2,"10":0,"11":2,"12":3},"b":{"0":[0,1],"1":[0,0],"2":[0,0],"3":[2,0,0],"4":[1,1],"5":[0,0],"6":[0,0],"7":[1,0],"8":[1,0],"9":[0,1],"10":[1,0],"11":[1,0],"12":[1,0],"13":[1,0],"14":[0,1],"15":[1,0],"16":[2,1],"17":[2,2],"18":[1,1],"19":[1,0],"20":[1,0]},"_coverageSchema":"1a1c01bbd47fc00a2c39e90264f33305004495a9","hash":"96fe3244b2243079323b0687683723a863d261d9"}
,"C:\\Users\\ahmad\\OneDrive\\Desktop\\f1-dashboard\\src\\pages\\Dashboard.jsx": {"path":"C:\\Users\\ahmad\\OneDrive\\Desktop\\f1-dashboard\\src\\pages\\Dashboard.jsx","statementMap":{"0":{"start":{"line":16,"column":36},"end":{"line":16,"column":48}},"1":{"start":{"line":17,"column":36},"end":{"line":17,"column":50}},"2":{"start":{"line":18,"column":28},"end":{"line":18,"column":42}},"3":{"start":{"line":20,"column":14},"end":{"line":20,"column":43}},"4":{"start":{"line":20,"column":28},"end":{"line":20,"column":38}},"5":{"start":{"line":22,"column":2},"end":{"line":109,"column":12}},"6":{"start":{"line":23,"column":23},"end":{"line":23,"column":44}},"7":{"start":{"line":26,"column":6},"end":{"line":26,"column":36}},"8":{"start":{"line":26,"column":23},"end":{"line":26,"column":36}},"9":{"start":{"line":27,"column":19},"end":{"line":27,"column":54}},"10":{"start":{"line":28,"column":6},"end":{"line":28,"column":47}},"11":{"start":{"line":28,"column":34},"end":{"line":28,"column":47}},"12":{"start":{"line":29,"column":6},"end":{"line":29,"column":42}},"13":{"start":{"line":29,"column":21},"end":{"line":29,"column":42}},"14":{"start":{"line":30,"column":19},"end":{"line":30,"column":58}},"15":{"start":{"line":31,"column":6},"end":{"line":31,"column":51}},"16":{"start":{"line":35,"column":6},"end":{"line":104,"column":7}},"17":{"start":{"line":36,"column":8},"end":{"line":36,"column":27}},"18":{"start":{"line":37,"column":8},"end":{"line":37,"column":23}},"19":{"start":{"line":39,"column":21},"end":{"line":39,"column":48}},"20":{"start":{"line":40,"column":44},"end":{"line":43,"column":10}},"21":{"start":{"line":45,"column":31},"end":{"line":47,"column":9}},"22":{"start":{"line":46,"column":10},"end":{"line":46,"column":64}},"23":{"start":{"line":49,"column":10},"end":{"line":52,"column":56}},"24":{"start":{"line":51,"column":14},"end":{"line":51,"column":77}},"25":{"start":{"line":54,"column":32},"end":{"line":56,"column":16}},"26":{"start":{"line":55,"column":23},"end":{"line":55,"column":85}},"27":{"start":{"line":57,"column":28},"end":{"line":57,"column":49}},"28":{"start":{"line":59,"column":35},"end":{"line":62,"column":12}},"29":{"start":{"line":61,"column":12},"end":{"line":61,"column":81}},"30":{"start":{"line":64,"column":8},"end":{"line":98,"column":11}},"31":{"start":{"line":100,"column":8},"end":{"line":100,"column":46}},"32":{"start":{"line":100,"column":39},"end":{"line":100,"column":46}},"33":{"start":{"line":101,"column":8},"end":{"line":101,"column":68}},"34":{"start":{"line":103,"column":8},"end":{"line":103,"column":28}},"35":{"start":{"line":107,"column":4},"end":{"line":107,"column":25}},"36":{"start":{"line":108,"column":4},"end":{"line":108,"column":36}},"37":{"start":{"line":108,"column":17},"end":{"line":108,"column":35}},"38":{"start":{"line":111,"column":2},"end":{"line":167,"column":4}},"39":{"start":{"line":137,"column":14},"end":{"line":161,"column":21}}},"fnMap":{"0":{"name":"Dashboard","decl":{"start":{"line":15,"column":24},"end":{"line":15,"column":33}},"loc":{"start":{"line":15,"column":36},"end":{"line":168,"column":1}},"line":15},"1":{"name":"(anonymous_1)","decl":{"start":{"line":20,"column":22},"end":{"line":20,"column":23}},"loc":{"start":{"line":20,"column":28},"end":{"line":20,"column":38}},"line":20},"2":{"name":"(anonymous_2)","decl":{"start":{"line":22,"column":12},"end":{"line":22,"column":13}},"loc":{"start":{"line":22,"column":18},"end":{"line":109,"column":3}},"line":22},"3":{"name":"getCountdown","decl":{"start":{"line":25,"column":13},"end":{"line":25,"column":25}},"loc":{"start":{"line":25,"column":38},"end":{"line":32,"column":5}},"line":25},"4":{"name":"fetchDashboardData","decl":{"start":{"line":34,"column":19},"end":{"line":34,"column":37}},"loc":{"start":{"line":34,"column":40},"end":{"line":105,"column":5}},"line":34},"5":{"name":"(anonymous_5)","decl":{"start":{"line":45,"column":50},"end":{"line":45,"column":51}},"loc":{"start":{"line":46,"column":10},"end":{"line":46,"column":64}},"line":46},"6":{"name":"(anonymous_6)","decl":{"start":{"line":50,"column":12},"end":{"line":50,"column":13}},"loc":{"start":{"line":51,"column":14},"end":{"line":51,"column":77}},"line":51},"7":{"name":"(anonymous_7)","decl":{"start":{"line":55,"column":10},"end":{"line":55,"column":11}},"loc":{"start":{"line":55,"column":23},"end":{"line":55,"column":85}},"line":55},"8":{"name":"(anonymous_8)","decl":{"start":{"line":60,"column":10},"end":{"line":60,"column":11}},"loc":{"start":{"line":61,"column":12},"end":{"line":61,"column":81}},"line":61},"9":{"name":"(anonymous_9)","decl":{"start":{"line":108,"column":11},"end":{"line":108,"column":12}},"loc":{"start":{"line":108,"column":17},"end":{"line":108,"column":35}},"line":108},"10":{"name":"(anonymous_10)","decl":{"start":{"line":136,"column":27},"end":{"line":136,"column":28}},"loc":{"start":{"line":137,"column":14},"end":{"line":161,"column":21}},"line":137}},"branchMap":{"0":{"loc":{"start":{"line":26,"column":6},"end":{"line":26,"column":36}},"type":"if","locations":[{"start":{"line":26,"column":6},"end":{"line":26,"column":36}},{"start":{},"end":{}}],"line":26},"1":{"loc":{"start":{"line":28,"column":6},"end":{"line":28,"column":47}},"type":"if","locations":[{"start":{"line":28,"column":6},"end":{"line":28,"column":47}},{"start":{},"end":{}}],"line":28},"2":{"loc":{"start":{"line":29,"column":6},"end":{"line":29,"column":42}},"type":"if","locations":[{"start":{"line":29,"column":6},"end":{"line":29,"column":42}},{"start":{},"end":{}}],"line":29},"3":{"loc":{"start":{"line":31,"column":27},"end":{"line":31,"column":48}},"type":"cond-expr","locations":[{"start":{"line":31,"column":40},"end":{"line":31,"column":42}},{"start":{"line":31,"column":45},"end":{"line":31,"column":48}}],"line":31},"4":{"loc":{"start":{"line":46,"column":11},"end":{"line":46,"column":29}},"type":"binary-expr","locations":[{"start":{"line":46,"column":11},"end":{"line":46,"column":23}},{"start":{"line":46,"column":27},"end":{"line":46,"column":29}}],"line":46},"5":{"loc":{"start":{"line":46,"column":45},"end":{"line":46,"column":63}},"type":"binary-expr","locations":[{"start":{"line":46,"column":45},"end":{"line":46,"column":57}},{"start":{"line":46,"column":61},"end":{"line":46,"column":63}}],"line":46},"6":{"loc":{"start":{"line":49,"column":10},"end":{"line":52,"column":56}},"type":"binary-expr","locations":[{"start":{"line":49,"column":10},"end":{"line":52,"column":11}},{"start":{"line":52,"column":15},"end":{"line":52,"column":56}}],"line":49},"7":{"loc":{"start":{"line":51,"column":25},"end":{"line":51,"column":69}},"type":"binary-expr","locations":[{"start":{"line":51,"column":25},"end":{"line":51,"column":41}},{"start":{"line":51,"column":45},"end":{"line":51,"column":63}},{"start":{"line":51,"column":67},"end":{"line":51,"column":69}}],"line":51},"8":{"loc":{"start":{"line":55,"column":34},"end":{"line":55,"column":78}},"type":"binary-expr","locations":[{"start":{"line":55,"column":34},"end":{"line":55,"column":50}},{"start":{"line":55,"column":54},"end":{"line":55,"column":72}},{"start":{"line":55,"column":76},"end":{"line":55,"column":78}}],"line":55},"9":{"loc":{"start":{"line":61,"column":19},"end":{"line":61,"column":44}},"type":"binary-expr","locations":[{"start":{"line":61,"column":19},"end":{"line":61,"column":37}},{"start":{"line":61,"column":41},"end":{"line":61,"column":44}}],"line":61},"10":{"loc":{"start":{"line":61,"column":55},"end":{"line":61,"column":80}},"type":"binary-expr","locations":[{"start":{"line":61,"column":55},"end":{"line":61,"column":73}},{"start":{"line":61,"column":77},"end":{"line":61,"column":80}}],"line":61},"11":{"loc":{"start":{"line":67,"column":19},"end":{"line":67,"column":53}},"type":"binary-expr","locations":[{"start":{"line":67,"column":19},"end":{"line":67,"column":44}},{"start":{"line":67,"column":48},"end":{"line":67,"column":53}}],"line":67},"12":{"loc":{"start":{"line":71,"column":19},"end":{"line":71,"column":59}},"type":"binary-expr","locations":[{"start":{"line":71,"column":19},"end":{"line":71,"column":50}},{"start":{"line":71,"column":54},"end":{"line":71,"column":59}}],"line":71},"13":{"loc":{"start":{"line":80,"column":14},"end":{"line":82,"column":23}},"type":"cond-expr","locations":[{"start":{"line":81,"column":18},"end":{"line":81,"column":88}},{"start":{"line":82,"column":18},"end":{"line":82,"column":23}}],"line":80},"14":{"loc":{"start":{"line":87,"column":14},"end":{"line":89,"column":23}},"type":"cond-expr","locations":[{"start":{"line":88,"column":18},"end":{"line":88,"column":56}},{"start":{"line":89,"column":18},"end":{"line":89,"column":23}}],"line":87},"15":{"loc":{"start":{"line":94,"column":14},"end":{"line":96,"column":23}},"type":"cond-expr","locations":[{"start":{"line":95,"column":18},"end":{"line":95,"column":60}},{"start":{"line":96,"column":18},"end":{"line":96,"column":23}}],"line":94},"16":{"loc":{"start":{"line":100,"column":8},"end":{"line":100,"column":46}},"type":"if","locations":[{"start":{"line":100,"column":8},"end":{"line":100,"column":46}},{"start":{},"end":{}}],"line":100},"17":{"loc":{"start":{"line":101,"column":17},"end":{"line":101,"column":66}},"type":"binary-expr","locations":[{"start":{"line":101,"column":17},"end":{"line":101,"column":28}},{"start":{"line":101,"column":32},"end":{"line":101,"column":66}}],"line":101},"18":{"loc":{"start":{"line":130,"column":9},"end":{"line":164,"column":9}},"type":"cond-expr","locations":[{"start":{"line":131,"column":10},"end":{"line":131,"column":31}},{"start":{"line":132,"column":12},"end":{"line":164,"column":9}}],"line":130},"19":{"loc":{"start":{"line":132,"column":12},"end":{"line":164,"column":9}},"type":"cond-expr","locations":[{"start":{"line":133,"column":10},"end":{"line":133,"column":49}},{"start":{"line":135,"column":10},"end":{"line":163,"column":17}}],"line":132}},"s":{"0":3,"1":3,"2":3,"3":3,"4":2,"5":3,"6":2,"7":1,"8":0,"9":1,"10":1,"11":0,"12":1,"13":0,"14":1,"15":1,"16":2,"17":2,"18":2,"19":2,"20":2,"21":1,"22":0,"23":1,"24":1,"25":1,"26":1,"27":1,"28":1,"29":0,"30":1,"31":1,"32":0,"33":1,"34":2,"35":2,"36":2,"37":2,"38":3,"39":6},"f":{"0":3,"1":2,"2":2,"3":1,"4":2,"5":0,"6":1,"7":1,"8":0,"9":2,"10":6},"b":{"0":[0,1],"1":[0,1],"2":[0,1],"3":[0,1],"4":[0,0],"5":[0,0],"6":[1,0],"7":[1,0,0],"8":[1,0,0],"9":[0,0],"10":[0,0],"11":[1,0],"12":[1,0],"13":[1,0],"14":[1,0],"15":[1,0],"16":[0,1],"17":[1,0],"18":[2,1],"19":[0,1]},"_coverageSchema":"1a1c01bbd47fc00a2c39e90264f33305004495a9","hash":"4fd7dd54a4f9e115279f4e993a9966081d37f020"}
,"C:\\Users\\ahmad\\OneDrive\\Desktop\\f1-dashboard\\src\\pages\\DriverProfiles.jsx": {"path":"C:\\Users\\ahmad\\OneDrive\\Desktop\\f1-dashboard\\src\\pages\\DriverProfiles.jsx","statementMap":{"0":{"start":{"line":21,"column":32},"end":{"line":21,"column":44}},"1":{"start":{"line":22,"column":36},"end":{"line":22,"column":50}},"2":{"start":{"line":23,"column":28},"end":{"line":23,"column":42}},"3":{"start":{"line":25,"column":2},"end":{"line":65,"column":9}},"4":{"start":{"line":26,"column":23},"end":{"line":26,"column":44}},"5":{"start":{"line":29,"column":6},"end":{"line":60,"column":7}},"6":{"start":{"line":30,"column":8},"end":{"line":30,"column":27}},"7":{"start":{"line":31,"column":8},"end":{"line":31,"column":23}},"8":{"start":{"line":33,"column":26},"end":{"line":33,"column":78}},"9":{"start":{"line":34,"column":27},"end":{"line":34,"column":52}},"10":{"start":{"line":36,"column":8},"end":{"line":38,"column":9}},"11":{"start":{"line":37,"column":10},"end":{"line":37,"column":79}},"12":{"start":{"line":40,"column":21},"end":{"line":40,"column":77}},"13":{"start":{"line":41,"column":23},"end":{"line":52,"column":13}},"14":{"start":{"line":42,"column":26},"end":{"line":42,"column":78}},"15":{"start":{"line":43,"column":28},"end":{"line":52,"column":11}},"16":{"start":{"line":54,"column":8},"end":{"line":54,"column":27}},"17":{"start":{"line":56,"column":8},"end":{"line":56,"column":46}},"18":{"start":{"line":56,"column":39},"end":{"line":56,"column":46}},"19":{"start":{"line":57,"column":8},"end":{"line":57,"column":66}},"20":{"start":{"line":59,"column":8},"end":{"line":59,"column":28}},"21":{"start":{"line":63,"column":4},"end":{"line":63,"column":20}},"22":{"start":{"line":64,"column":4},"end":{"line":64,"column":36}},"23":{"start":{"line":64,"column":17},"end":{"line":64,"column":35}},"24":{"start":{"line":67,"column":2},"end":{"line":150,"column":4}},"25":{"start":{"line":81,"column":14},"end":{"line":144,"column":21}}},"fnMap":{"0":{"name":"DriverProfiles","decl":{"start":{"line":20,"column":24},"end":{"line":20,"column":38}},"loc":{"start":{"line":20,"column":41},"end":{"line":151,"column":1}},"line":20},"1":{"name":"(anonymous_1)","decl":{"start":{"line":25,"column":12},"end":{"line":25,"column":13}},"loc":{"start":{"line":25,"column":18},"end":{"line":65,"column":3}},"line":25},"2":{"name":"fetchProfiles","decl":{"start":{"line":28,"column":19},"end":{"line":28,"column":32}},"loc":{"start":{"line":28,"column":35},"end":{"line":61,"column":5}},"line":28},"3":{"name":"(anonymous_3)","decl":{"start":{"line":42,"column":16},"end":{"line":42,"column":17}},"loc":{"start":{"line":42,"column":26},"end":{"line":42,"column":78}},"line":42},"4":{"name":"(anonymous_4)","decl":{"start":{"line":43,"column":15},"end":{"line":43,"column":16}},"loc":{"start":{"line":43,"column":28},"end":{"line":52,"column":11}},"line":43},"5":{"name":"(anonymous_5)","decl":{"start":{"line":64,"column":11},"end":{"line":64,"column":12}},"loc":{"start":{"line":64,"column":17},"end":{"line":64,"column":35}},"line":64},"6":{"name":"(anonymous_6)","decl":{"start":{"line":80,"column":25},"end":{"line":80,"column":26}},"loc":{"start":{"line":81,"column":14},"end":{"line":144,"column":21}},"line":81}},"branchMap":{"0":{"loc":{"start":{"line":36,"column":8},"end":{"line":38,"column":9}},"type":"if","locations":[{"start":{"line":36,"column":8},"end":{"line":38,"column":9}},{"start":{},"end":{}}],"line":36},"1":{"loc":{"start":{"line":42,"column":27},"end":{"line":42,"column":44}},"type":"binary-expr","locations":[{"start":{"line":42,"column":27},"end":{"line":42,"column":38}},{"start":{"line":42,"column":42},"end":{"line":42,"column":44}}],"line":42},"2":{"loc":{"start":{"line":42,"column":60},"end":{"line":42,"column":77}},"type":"binary-expr","locations":[{"start":{"line":42,"column":60},"end":{"line":42,"column":71}},{"start":{"line":42,"column":75},"end":{"line":42,"column":77}}],"line":42},"3":{"loc":{"start":{"line":45,"column":22},"end":{"line":45,"column":58}},"type":"binary-expr","locations":[{"start":{"line":45,"column":22},"end":{"line":45,"column":38}},{"start":{"line":45,"column":42},"end":{"line":45,"column":58}}],"line":45},"4":{"loc":{"start":{"line":46,"column":21},"end":{"line":46,"column":46}},"type":"binary-expr","locations":[{"start":{"line":46,"
[...]
inary-expr","locations":[{"start":{"line":67,"column":21},"end":{"line":67,"column":35}},{"start":{"line":67,"column":39},"end":{"line":67,"column":41}}],"line":67},"7":{"loc":{"start":{"line":76,"column":17},"end":{"line":76,"column":58}},"type":"cond-expr","locations":[{"start":{"line":76,"column":34},"end":{"line":76,"column":53}},{"start":{"line":76,"column":56},"end":{"line":76,"column":58}}],"line":76},"8":{"loc":{"start":{"line":81,"column":24},"end":{"line":81,"column":56}},"type":"binary-expr","locations":[{"start":{"line":81,"column":24},"end":{"line":81,"column":38}},{"start":{"line":81,"column":42},"end":{"line":81,"column":56}}],"line":81},"9":{"loc":{"start":{"line":83,"column":26},"end":{"line":83,"column":52}},"type":"binary-expr","locations":[{"start":{"line":83,"column":26},"end":{"line":83,"column":46}},{"start":{"line":83,"column":50},"end":{"line":83,"column":52}}],"line":83},"10":{"loc":{"start":{"line":86,"column":29},"end":{"line":86,"column":57}},"type":"binary-expr","locations":[{"start":{"line":86,"column":29},"end":{"line":86,"column":50}},{"start":{"line":86,"column":54},"end":{"line":86,"column":57}}],"line":86},"11":{"loc":{"start":{"line":88,"column":27},"end":{"line":88,"column":51}},"type":"binary-expr","locations":[{"start":{"line":88,"column":27},"end":{"line":88,"column":46}},{"start":{"line":88,"column":50},"end":{"line":88,"column":51}}],"line":88},"12":{"loc":{"start":{"line":96,"column":10},"end":{"line":107,"column":11}},"type":"if","locations":[{"start":{"line":96,"column":10},"end":{"line":107,"column":11}},{"start":{},"end":{}}],"line":96},"13":{"loc":{"start":{"line":96,"column":14},"end":{"line":96,"column":60}},"type":"binary-expr","locations":[{"start":{"line":96,"column":14},"end":{"line":96,"column":38}},{"start":{"line":96,"column":42},"end":{"line":96,"column":60}}],"line":96},"14":{"loc":{"start":{"line":98,"column":14},"end":{"line":99,"column":17}},"type":"binary-expr","locations":[{"start":{"line":98,"column":14},"end":{"line":98,"column":78}},{"start":{"line":99,"column":14},"end":{"line":99,"column":17}}],"line":98},"15":{"loc":{"start":{"line":113,"column":8},"end":{"line":113,"column":46}},"type":"if","locations":[{"start":{"line":113,"column":8},"end":{"line":113,"column":46}},{"start":{},"end":{}}],"line":113},"16":{"loc":{"start":{"line":114,"column":17},"end":{"line":114,"column":68}},"type":"binary-expr","locations":[{"start":{"line":114,"column":17},"end":{"line":114,"column":28}},{"start":{"line":114,"column":32},"end":{"line":114,"column":68}}],"line":114},"17":{"loc":{"start":{"line":137,"column":9},"end":{"line":214,"column":9}},"type":"cond-expr","locations":[{"start":{"line":138,"column":10},"end":{"line":138,"column":33}},{"start":{"line":139,"column":12},"end":{"line":214,"column":9}}],"line":137},"18":{"loc":{"start":{"line":139,"column":12},"end":{"line":214,"column":9}},"type":"cond-expr","locations":[{"start":{"line":140,"column":10},"end":{"line":140,"column":49}},{"start":{"line":141,"column":12},"end":{"line":214,"column":9}}],"line":139},"19":{"loc":{"start":{"line":141,"column":12},"end":{"line":214,"column":9}},"type":"cond-expr","locations":[{"start":{"line":142,"column":10},"end":{"line":142,"column":81}},{"start":{"line":144,"column":10},"end":{"line":213,"column":27}}],"line":141},"20":{"loc":{"start":{"line":158,"column":23},"end":{"line":158,"column":62}},"type":"cond-expr","locations":[{"start":{"line":158,"column":44},"end":{"line":158,"column":56}},{"start":{"line":158,"column":59},"end":{"line":158,"column":62}}],"line":158},"21":{"loc":{"start":{"line":168,"column":38},"end":{"line":168,"column":78}},"type":"cond-expr","locations":[{"start":{"line":168,"column":59},"end":{"line":168,"column":71}},{"start":{"line":168,"column":74},"end":{"line":168,"column":78}}],"line":168},"22":{"loc":{"start":{"line":180,"column":23},"end":{"line":180,"column":60}},"type":"cond-expr","locations":[{"start":{"line":180,"column":44},"end":{"line":180,"column":54}},{"start":{"line":180,"column":57},"end":{"line":180,"column":60}}],"line":180},"23":{"loc":{"start":{"line":202,"column":53},"end":{"line":202,"column":72}},"type":"binary-expr","locations":[{"start":{"line":202,"column":53},"end":{"line":202,"column":62}},{"start":{"line":202,"column":66},"end":{"line":202,"column":72}}],"line":202}},"s":{"0":3,"1":4,"2":4,"3":4,"4":4,"5":2,"6":2,"7":2,"8":2,"9":2,"10":2,"11":2,"12":1,"13":1,"14":1,"15":0,"16":1,"17":1,"18":1,"19":1,"20":1,"21":1,"22":1,"23":1,"24":0,"25":1,"26":1,"27":1,"28":1,"29":1,"30":1,"31":1,"32":1,"33":1,"34":1,"35":1,"36":1,"37":1,"38":1,"39":0,"40":0,"41":0,"42":1,"43":0,"44":1,"45":1,"46":0,"47":1,"48":2,"49":2,"50":2,"51":2,"52":4,"53":4,"54":1,"55":1},"f":{"0":3,"1":4,"2":2,"3":2,"4":0,"5":0,"6":1,"7":1,"8":1,"9":0,"10":0,"11":2,"12":1,"13":1},"b":{"0":[3,0],"1":[1,1],"2":[0,0],"3":[0,0],"4":[1,0],"5":[1,0],"6":[1,0],"7":[0,1],"8":[1,0],"9":[1,0],"10":[1,0],"11":[1,0],"12":[0,1],"13":[1,0],"14":[0,0],"15":[0,1],"16":[1,0],"17":[2,2],"18":[1,1],"19":[0,1],"20":[1,0],"21":[1,0],"22":[1,0],"23":[1,0]},"_coverageSchema":"1a1c01bbd47fc00a2c39e90264f33305004495a9","hash":"752ee8993d11c818453634c1d58f384245385c06"}
,"C:\\Users\\ahmad\\OneDrive\\Desktop\\f1-dashboard\\src\\services\\openf1.js": {"path":"C:\\Users\\ahmad\\OneDrive\\Desktop\\f1-dashboard\\src\\services\\openf1.js","statementMap":{"0":{"start":{"line":1,"column":24},"end":{"line":1,"column":51}},"1":{"start":{"line":4,"column":2},"end":{"line":6,"column":3}},"2":{"start":{"line":5,"column":4},"end":{"line":5,"column":69}},"3":{"start":{"line":7,"column":2},"end":{"line":17,"column":5}},"4":{"start":{"line":8,"column":20},"end":{"line":11,"column":5}},"5":{"start":{"line":9,"column":6},"end":{"line":9,"column":23}},"6":{"start":{"line":10,"column":6},"end":{"line":10,"column":56}},"7":{"start":{"line":12,"column":15},"end":{"line":15,"column":10}},"8":{"start":{"line":13,"column":6},"end":{"line":13,"column":52}},"9":{"start":{"line":14,"column":6},"end":{"line":14,"column":16}},"10":{"start":{"line":16,"column":4},"end":{"line":16,"column":63}},"11":{"start":{"line":21,"column":22},"end":{"line":21,"column":23}},"12":{"start":{"line":22,"column":19},"end":{"line":22,"column":71}},"13":{"start":{"line":24,"column":2},"end":{"line":32,"column":3}},"14":{"start":{"line":25,"column":23},"end":{"line":25,"column":58}},"15":{"start":{"line":26,"column":21},"end":{"line":26,"column":78}},"16":{"start":{"line":27,"column":19},"end":{"line":29,"column":42}},"17":{"start":{"line":30,"column":4},"end":{"line":30,"column":32}},"18":{"start":{"line":31,"column":4},"end":{"line":31,"column":50}},"19":{"start":{"line":34,"column":2},"end":{"line":36,"column":3}},"20":{"start":{"line":35,"column":4},"end":{"line":35,"column":78}},"21":{"start":{"line":38,"column":2},"end":{"line":38,"column":25}},"22":{"start":{"line":42,"column":15},"end":{"line":45,"column":3}},"23":{"start":{"line":47,"column":2},"end":{"line":47,"column":41}},"24":{"start":{"line":51,"column":15},"end":{"line":51,"column":78}},"25":{"start":{"line":53,"column":2},"end":{"line":53,"column":41}},"26":{"start":{"line":58,"column":17},"end":{"line":58,"column":60}},"27":{"start":{"line":59,"column":2},"end":{"line":61,"column":3}},"28":{"start":{"line":60,"column":4},"end":{"line":60,"column":68}},"29":{"start":{"line":62,"column":15},"end":{"line":62,"column":74}},"30":{"start":{"line":64,"column":2},"end":{"line":64,"column":41}},"31":{"start":{"line":68,"column":15},"end":{"line":68,"column":78}},"32":{"start":{"line":70,"column":2},"end":{"line":70,"column":62}},"33":{"start":{"line":79,"column":14},"end":{"line":79,"column":32}},"34":{"start":{"line":80,"column":2},"end":{"line":82,"column":3}},"35":{"start":{"line":81,"column":4},"end":{"line":81,"column":16}},"36":{"start":{"line":84,"column":12},"end":{"line":84,"column":16}},"37":{"start":{"line":85,"column":2},"end":{"line":91,"column":3}},"38":{"start":{"line":86,"column":4},"end":{"line":86,"column":45}},"39":{"start":{"line":88,"column":4},"end":{"line":88,"column":45}},"40":{"start":{"line":88,"column":35},"end":{"line":88,"column":45}},"41":{"start":{"line":89,"column":18},"end":{"line":89,"column":65}},"42":{"start":{"line":90,"column":4},"end":{"line":90,"column":26}},"43":{"start":{"line":90,"column":16},"end":{"line":90,"column":26}},"44":{"start":{"line":93,"column":2},"end":{"line":93,"column":22}},"45":{"start":{"line":93,"column":11},"end":{"line":93,"column":22}},"46":{"start":{"line":95,"column":22},"end":{"line":95,"column":49}},"47":{"start":{"line":96,"column":20},"end":{"line":100,"column":8}},"48":{"start":{"line":98,"column":20},"end":{"line":98,"column":29}},"49":{"start":{"line":99,"column":23},"end":{"line":99,"column":41}},"50":{"start":{"line":102,"column":4},"end":{"line":104,"column":38}},"51":{"start":{"line":106,"column":2},"end":{"line":110,"column":3}},"52":{"start":{"line":107,"column":21},"end":{"line":107,"column":58}},"53":{"start":{"line":108,"column":16},"end":{"line":108,"column":67}},"54":{"start":{"line":108,"column":37},"end":{"line":108,"column":66}},"55":{"start":{"line":109,"column":4},"end":{"line":109,"column":24}},"56":{"start":{"line":109,"column":13},"end":{"line":109,"column":24}},"57":{"start":{"line":112,"column":2},"end":{"line":115,"column":4}},"58":{"start":{"line":119,"column":15},"end":{"line":122,"column":3}},"59":{"start":{"line":124,"column":2},"end":{"line":124,"column":41}},"60":{"start":{"line":128,"column":15},"end":{"line":131,"column":3}},"61":{"start":{"line":133,"column":2},"end":{"line":133,"column":41}},"62":{"start":{"line":137,"column":15},"end":{"line":137,"column":79}},"63":{"start":{"line":139,"column":2},"end":{"line":139,"column":41}}},"fnMap":{"0":{"name":"delay","decl":{"start":{"line":3,"column":9},"end":{"line":3,"column":14}},"loc":{"start":{"line":3,"column":27},"end":{"line":18,"column":1}},"line":3},"1":{"name":"(anonymous_1)","decl":{"start":{"line":7,"column":21},"end":{"line":7,"column":22}},"loc":{"start":{"line":7,"column":42},"end":{"line":17,"column":3}},"line":7},"2":{"name":"(anonymous_2)","decl":{"start":{"line":8,"column":20},"end":{"line":8,"column":21}},"loc":{"start":{"line":8,"column":26},"end":{"line":11,"column":5}},"line":8},"3":{"name":"(anonymous_3)","decl":{"start":{"line":12,"column":26},"end":{"line":12,"column":27}},"loc":{"start":{"line":12,"column":32},"end":{"line":15,"column":5}},"line":12},"4":{"name":"fetchOpenF1","decl":{"start":{"line":20,"column":15},"end":{"line":20,"column":26}},"loc":{"start":{"line":20,"column":54},"end":{"line":39,"column":1}},"line":20},"5":{"name":"getLatestDriverChampionship","decl":{"start":{"line":41,"column":22},"end":{"line":41,"column":49}},"loc":{"start":{"line":41,"column":58},"end":{"line":48,"column":1}},"line":41},"6":{"name":"getDriversBySession","decl":{"start":{"line":50,"column":22},"end":{"line":50,"column":41}},"loc":{"start":{"line":50,"column":62},"end":{"line":54,"column":1}},"line":50},"7":{"name":"getMeetingsByYear","decl":{"start":{"line":57,"column":22},"end":{"line":57,"column":39}},"loc":{"start":{"line":57,"column":68},"end":{"line":65,"column":1}},"line":57},"8":{"name":"getMeetingByKey","decl":{"start":{"line":67,"column":22},"end":{"line":67,"column":37}},"loc":{"start":{"line":67,"column":58},"end":{"line":71,"column":1}},"line":67},"9":{"name":"resolveMeetingForDetail","decl":{"start":{"line":78,"column":22},"end":{"line":78,"column":45}},"loc":{"start":{"line":78,"column":80},"end":{"line":116,"column":1}},"line":78},"10":{"name":"(anonymous_10)","decl":{"start":{"line":98,"column":13},"end":{"line":98,"column":14}},"loc":{"start":{"line":98,"column":20},"end":{"line":98,"column":29}},"line":98},"11":{"name":"(anonymous_11)","decl":{"start":{"line":99,"column":16},"end":{"line":99,"column":17}},"loc":{"start":{"line":99,"column":23},"end":{"line":99,"column":41}},"line":99},"12":{"name":"(anonymous_12)","decl":{"start":{"line":108,"column":30},"end":{"line":108,"column":31}},"loc":{"start":{"line":108,"column":37},"end":{"line":108,"column":66}},"line":108},"13":{"name":"getSessionResults","decl":{"start":{"line":118,"column":22},"end":{"line":118,"column":39}},"loc":{"start":{"line":118,"column":60},"end":{"line":125,"column":1}},"line":118},"14":{"name":"getTeamChampionshipBySession","decl":{"start":{"line":127,"column":22},"end":{"line":127,"column":50}},"loc":{"start":{"line":127,"column":71},"end":{"line":134,"column":1}},"line":127},"15":{"name":"getSessionsByMeeting","decl":{"start":{"line":136,"column":22},"end":{"line":136,"column":42}},"loc":{"start":{"line":136,"column":63},"end":{"line":140,"column":1}},"line":136}},"branchMap":{"0":{"loc":{"start":{"line":4,"column":2},"end":{"line":6,"column":3}},"type":"if","locations":[{"start":{"line":4,"column":2},"end":{"line":6,"column":3}},{"start":{},"end":{}}],"line":4},"1":{"loc":{"start":{"line":20,"column":41},"end":{"line":20,"column":52}},"type":"default-arg","locations":[{"start":{"line":20,"column":51},"end":{"line":20,"column":52}}],"line":20},"2":{"loc":{"start":{"line":24,"column":2},"end":{"line":32,"column":3}},"type":"if","locations":[{"start":{"line":24,"column":2},"end":{"line":32,"column":3}},{"start":{},"end":{}}],"line":24},"3":{"loc":{"start":{"line":24,"column":6},"end":{"line":24,"column":58}},"type":"binary-expr","locations":[{"start":{"line":24,"column":6},"end":{"line":24,"column":29}},{"start":{"line":24,"column":33},"end":{"line":24,"column":58}}],"line":24},"4":{"loc":{"start":{"line":26,"column":21},"end":{"line":26,"column":78}},"type":"cond-expr","locations":[{"start":{"line":26,"column":34},"end":{"line":26,"column":65}},{"start":{"line":26,"column":68},"end":{"line":26,"column":78}}],"line":26},"5":{"loc":{"start":{"line":27,"column":19},"end":{"line":29,"column":42}},"type":"cond-expr","locations":[{"start":{"line":28,"column":8},"end":{"line":28,"column":23}},{"start":{"line":29,"column":8},"end":{"line":29,"column":42}}],"line":27},"6":{"loc":{"start":{"line":34,"column":2},"end":{"line":36,"column":3}},"type":"if","locations":[{"start":{"line":34,"column":2},"end":{"line":36,"column":3}},{"start":{},"end":{}}],"line":34},"7":{"loc":{"start":{"line":47,"column":9},"end":{"line":47,"column":40}},"type":"cond-expr","locations":[{"start":{"line":47,"column":31},"end":{"line":47,"column":35}},{"start":{"line":47,"column":38},"end":{"line":47,"column":40}}],"line":47},"8":{"loc":{"start":{"line":53,"column":9},"end":{"line":53,"column":40}},"type":"cond-expr","locations":[{"start":{"line":53,"column":31},"end":{"line":53,"column":35}},{"start":{"line":53,"column":38},"end":{"line":53,"column":40}}],"line":53},"9":{"loc":{"start":{"line":57,"column":54},"end":{"line":57,"column":66}},"type":"default-arg","locations":[{"start":{"line":57,"column":64},"end":{"line":57,"column":66}}],"line":57},"10":{"loc":{"start":{"line":59,"column":2},"end":{"line":61,"column":3}},"type":"if","locations":[{"start":{"line":59,"column":2},"end":{"line":61,"column":3}},{"start":{},"end":{}}],"line":59},"11":{"loc":{"start":{"line":59,"column":6},"end":{"line":59,"column":80}},"type":"binary-expr","locations":[{"start":{"line":59,"column":6},"end":{"line":59,"column":34}},{"start":{"line":59,"column":38},"end":{"line":59,"column":80}}],"line":59},"12":{"loc":{"start":{"line":64,"column":9},"end":{"line":64,"column":40}},"type":"cond-expr","locations":[{"start":{"line":64,"column":31},"end":{"line":64,"column":35}},{"start":{"line":64,"column":38},"end":{"line":64,"column":40}}],"line":64},"13":{"loc":{"start":{"line":70,"column":9},"end":{"line":70,"column":61}},"type":"cond-expr","locations":[{"start":{"line":70,"column":31},"end":{"line":70,"column":46}},{"start":{"line":70,"column":49},"end":{"line":70,"column":61}}],"line":70},"14":{"loc":{"start":{"line":70,"column":31},"end":{"line":70,"column":46}},"type":"binary-expr","locations":[{"start":{"line":70,"column":31},"end":{"line":70,"column":38}},{"start":{"line":70,"column":42},"end":{"line":70,"column":46}}],"line":70},"15":{"loc":{"start":{"line":70,"column":49},"end":{"line":70,"column":61}},"type":"binary-expr","locations":[{"start":{"line":70,"column":49},"end":{"line":70,"column":53}},{"start":{"line":70,"column":57},"end":{"line":70,"column":61}}],"line":70},"16":{"loc":{"start":{"line":78,"column":66},"end":{"line":78,"column":78}},"type":"default-arg","locations":[{"start":{"line":78,"column":76},"end":{"line":78,"column":78}}],"line":78},"17":{"loc":{"start":{"line":80,"column":2},"end":{"line":82,"column":3}},"type":"if","locations":[{"start":{"line":80,"column":2},"end":{"line":82,"column":3}},{"start":{},"end":{}}],"line":80},"18":{"loc":{"start":{"line":88,"column":4},"end":{"line":88,"column":45}},"type":"if","locations":[{"start":{"line":88,"column":4},"end":{"line":88,"column":45}},{"start":{},"end":{}}],"line":88},"19":{"loc":{"start":{"line":89,"column":46},"end":{"line":89,"column":63}},"type":"binary-expr","locations":[{"start":{"line":89,"column":46},"end":{"line":89,"column":57}},{"start":{"line":89,"column":61},"end":{"line":89,"column":63}}],"line":89},"20":{"loc":{"start":{"line":90,"column":4},"end":{"line":90,"column":26}},"type":"if","locations":[{"start":{"line":90,"column":4},"end":{"line":90,"column":26}},{"start":{},"end":{}}],"line":90},"21":{"loc":{"start":{"line":93,"column":2},"end":{"line":93,"column":22}},"type":"if","locations":[{"start":{"line":93,"column":2},"end":{"line":93,"column":22}},{"start":{},"end":{}}],"line":93},"22":{"loc":{"start":{"line":96,"column":20},"end":{"line":100,"column":8}},"type":"cond-expr","locations":[{"start":{"line":97,"column":6},"end":{"line":99,"column":42}},{"start":{"line":100,"column":6},"end":{"line":100,"column":8}}],"line":96},"23":{"loc":{"start":{"line":102,"column":4},"end":{"line":104,"column":38}},"type":"cond-expr","locations":[{"start":{"line":103,"column":8},"end":{"line":103,"column":31}},{"start":{"line":104,"column":8},"end":{"line":104,"column":38}}],"line":102},"24":{"loc":{"start":{"line":109,"column":4},"end":{"line":109,"column":24}},"type":"if","locations":[{"start":{"line":109,"column":4},"end":{"line":109,"column":24}},{"start":{},"end":{}}],"line":109},"25":{"loc":{"start":{"line":124,"column":9},"end":{"line":124,"column":40}},"type":"cond-expr","locations":[{"start":{"line":124,"column":31},"end":{"line":124,"column":35}},{"start":{"line":124,"column":38},"end":{"line":124,"column":40}}],"line":124},"26":{"loc":{"start":{"line":133,"column":9},"end":{"line":133,"column":40}},"type":"cond-expr","locations":[{"start":{"line":133,"column":31},"end":{"line":133,"column":35}},{"start":{"line":133,"column":38},"end":{"line":133,"column":40}}],"line":133},"27":{"loc":{"start":{"line":139,"column":9},"end":{"line":139,"column":40}},"type":"cond-expr","locations":[{"start":{"line":139,"column":31},"end":{"line":139,"column":35}},{"start":{"line":139,"column":38},"end":{"line":139,"column":40}}],"line":139}},"s":{"0":2,"1":1,"2":0,"3":1,"4":1,"5":0,"6":0,"7":1,"8":1,"9":1,"10":1,"11":19,"12":19,"13":17,"14":1,"15":1,"16":1,"17":1,"18":1,"19":16,"20":4,"21":12,"22":2,"23":0,"24":1,"25":1,"26":9,"27":9,"28":1,"29":9,"30":8,"31":4,"32":1,"33":3,"34":3,"35":0,"36":3,"37":3,"38":3,"39":3,"40":0,"41":3,"42":3,"43":0,"44":3,"45":0,"46":3,"47":3,"48":2,"49":2,"50":3,"51":3,"52":5,"53":5,"54":2,"55":5,"56":2,"57":1,"58":1,"59":1,"60":1,"61":1,"62":0,"63":0},"f":{"0":1,"1":1,"2":0,"3":1,"4":19,"5":2,"6":1,"7":9,"8":4,"9":3,"10":2,"11":2,"12":2,"13":1,"14":1,"15":0},"b":{"0":[0,1],"1":[18],"2":[1,16],"3":[17,1],"4":[0,1],"5":[0,1],"6":[4,12],"7":[0,0],"8":[0,1],"9":[8],"10":[1,8],"11":[9,1],"12":[8,0],"13":[1,0],"14":[1,0],"15":[0,0],"16":[2],"17":[0,3],"18":[0,3],"19":[3,0],"20":[0,3],"21":[0,3],"22":[1,2],"23":[1,2],"24":[2,3],"25":[0,1],"26":[0,1],"27":[0,0]},"_coverageSchema":"1a1c01bbd47fc00a2c39e90264f33305004495a9","hash":"d13bc192c128badfade2bbd8bacfe095a75c7515"}
}
