TN:
SF:src\App.jsx
FN:31,(anonymous_0)
FN:32,(anonymous_1)
FN:33,(anonymous_2)
FN:34,(anonymous_3)
FN:35,(anonymous_4)
FN:36,(anonymous_5)
FN:37,(anonymous_6)
FN:38,(anonymous_7)
FN:39,(anonymous_8)
FN:40,(anonymous_9)
FN:41,(anonymous_10)
FN:42,(anonymous_11)
FN:43,(anonymous_12)
FN:75,pathMatchesNavItem
FN:88,groupIsActive
FN:89,(anonymous_15)
FN:127,App
FN:134,(anonymous_17)
FN:139,(anonymous_18)
FN:225,(anonymous_19)
FN:237,(anonymous_20)
FN:286,(anonymous_21)
FN:287,(anonymous_22)
FN:319,(anonymous_23)
FN:331,(anonymous_24)
FN:345,(anonymous_25)
FN:370,(anonymous_26)
FN:380,(anonymous_27)
FN:385,(anonymous_28)
FN:417,(anonymous_29)
FN:449,(anonymous_30)
FNF:31
FNH:9
FNDA:1,(anonymous_0)
FNDA:0,(anonymous_1)
FNDA:0,(anonymous_2)
FNDA:0,(anonymous_3)
FNDA:0,(anonymous_4)
FNDA:0,(anonymous_5)
FNDA:0,(anonymous_6)
FNDA:0,(anonymous_7)
FNDA:0,(anonymous_8)
FNDA:0,(anonymous_9)
FNDA:0,(anonymous_10)
FNDA:0,(anonymous_11)
FNDA:0,(anonymous_12)
FNDA:8,pathMatchesNavItem
FNDA:3,groupIsActive
FNDA:8,(anonymous_15)
FNDA:1,App
FNDA:0,(anonymous_17)
FNDA:0,(anonymous_18)
FNDA:3,(anonymous_19)
FNDA:0,(anonymous_20)
FNDA:3,(anonymous_21)
FNDA:0,(anonymous_22)
FNDA:0,(anonymous_23)
FNDA:0,(anonymous_24)
FNDA:0,(anonymous_25)
FNDA:3,(anonymous_26)
FNDA:8,(anonymous_27)
FNDA:0,(anonymous_28)
FNDA:0,(anonymous_29)
FNDA:0,(anonymous_30)
DA:31,1
DA:32,1
DA:33,1
DA:34,1
DA:35,1
DA:36,1
DA:37,1
DA:38,1
DA:39,1
DA:40,1
DA:41,1
DA:42,1
DA:43,1
DA:46,1
DA:76,8
DA:77,1
DA:79,7
DA:80,1
DA:82,6
DA:83,1
DA:85,5
DA:89,8
DA:92,1
DA:103,1
DA:128,1
DA:129,1
DA:130,1
DA:131,1
DA:132,1
DA:134,1
DA:135,0
DA:136,0
DA:139,1
DA:140,0
DA:141,0
DA:144,1
DA:226,3
DA:227,3
DA:238,0
DA:239,0
DA:241,0
DA:286,3
DA:288,0
DA:319,0
DA:331,0
DA:345,0
DA:371,3
DA:381,8
DA:385,0
DA:417,0
DA:450,0
LF:51
LH:37
BRDA:76,0,0,1
BRDA:76,0,1,7
BRDA:77,1,0,1
BRDA:77,1,1,1
BRDA:79,2,0,1
BRDA:79,2,1,6
BRDA:80,3,0,1
BRDA:80,3,1,1
BRDA:82,4,0,1
BRDA:82,4,1,5
BRDA:83,5,0,1
BRDA:83,5,1,1
BRDA:238,6,0,0
BRDA:238,6,1,0
BRDA:246,7,0,0
BRDA:246,7,1,3
BRDA:247,8,0,0
BRDA:247,8,1,3
BRDA:254,9,0,0
BRDA:254,9,1,3
BRDA:259,10,0,0
BRDA:259,10,1,3
BRDA:304,11,0,1
BRDA:304,11,1,0
BRDA:311,12,0,1
BRDA:311,12,1,0
BRDA:452,13,0,1
BRDA:452,13,1,0
BRDA:454,14,0,1
BRDA:454,14,1,0
BRF:30
BRH:20
end_of_record
TN:
SF:src\theme.js
FN:5,(anonymous_0)
FN:30,createAppTheme
FNF:2
FNH:2
FNDA:18,(anonymous_0)
FNDA:2,createAppTheme
DA:3,2
DA:5,18
DA:31,2
DA:33,2
LF:4
LH:4
BRDA:39,0,0,2
BRDA:39,0,1,0
BRF:2
BRH:1
end_of_record
TN:
SF:src\components\ApiLoadingSkeletons.jsx
FN:15,wave
FN:22,LoadingStateRegion
FN:35,DashboardSkeleton
FN:39,(anonymous_3)
FN:54,DriversStandingsSkeleton
FN:76,(anonymous_5)
FN:104,RaceCalendarSkeleton
FN:114,(anonymous_7)
FN:130,MeetingSessionsTableSkeleton
FN:143,(anonymous_9)
FN:163,ConstructorsSkeleton
FN:167,(anonymous_11)
FN:185,DriverProfilesSkeleton
FN:189,(anonymous_13)
FN:211,RaceResultsSkeleton
FN:232,(anonymous_15)
FN:262,HeadToHeadSkeleton
FN:294,(anonymous_17)
FN:315,TeamLineupsSkeleton
FN:329,(anonymous_19)
FN:355,DriverDetailSkeleton
FN:371,ConstructorDetailSkeleton
FN:381,CountdownSkeleton
FNF:23
FNH:23
FNDA:573,wave
FNDA:28,LoadingStateRegion
FNDA:2,DashboardSkeleton
FNDA:12,(anonymous_3)
FNDA:1,DriversStandingsSkeleton
FNDA:8,(anonymous_5)
FNDA:2,RaceCalendarSkeleton
FNDA:12,(anonymous_7)
FNDA:3,MeetingSessionsTableSkeleton
FNDA:24,(anonymous_9)
FNDA:2,ConstructorsSkeleton
FNDA:12,(anonymous_11)
FNDA:2,DriverProfilesSkeleton
FNDA:12,(anonymous_13)
FNDA:2,RaceResultsSkeleton
FNDA:20,(anonymous_15)
FNDA:2,HeadToHeadSkeleton
FNDA:8,(anonymous_17)
FNDA:2,TeamLineupsSkeleton
FNDA:16,(anonymous_19)
FNDA:2,DriverDetailSkeleton
FNDA:4,ConstructorDetailSkeleton
FNDA:4,CountdownSkeleton
DA:16,573
DA:23,28
DA:36,2
DA:40,12
DA:55,1
DA:77,8
DA:105,2
DA:115,12
DA:131,3
DA:144,24
DA:164,2
DA:168,12
DA:186,2
DA:190,12
DA:212,2
DA:233,20
DA:263,2
DA:295,8
DA:316,2
DA:330,16
DA:356,2
DA:372,4
DA:382,4
LF:23
LH:23
BRDA:15,0,0,300
BRF:1
BRH:1
end_of_record
TN:
SF:src\components\CountUpNumber.jsx
FN:8,CountUpNumber
FN:20,(anonymous_1)
FN:30,(anonymous_2)
FN:38,(anonymous_3)
FNF:4
FNH:4
FNDA:104,CountUpNumber
FNDA:4,(anonymous_1)
FNDA:100,(anonymous_2)
FNDA:4,(anonymous_3)
DA:15,104
DA:18,104
DA:20,104
DA:21,4
DA:22,0
DA:23,0
DA:26,4
DA:27,4
DA:28,4
DA:30,4
DA:31,100
DA:32,100
DA:33,100
DA:34,100
DA:37,4
DA:38,4
DA:42,104
DA:44,104
LF:18
LH:16
BRDA:10,0,0,0
BRDA:11,1,0,104
BRDA:12,2,0,0
BRDA:18,3,0,0
BRDA:18,3,1,104
BRDA:21,4,0,0
BRDA:21,4,1,4
BRDA:34,5,0,100
BRDA:34,5,1,0
BRDA:42,6,0,0
BRDA:42,6,1,104
BRF:11
BRH:5
end_of_record
TN:
SF:src\components\DriverRichSummary.jsx
FN:24,DriverRichSummary
FNF:1
FNH:0
FNDA:0,DriverRichSummary
DA:7,7
DA:38,0
DA:43,0
DA:45,0
DA:47,0
LF:5
LH:1
BRDA:38,0,0,0
BRDA:38,0,1,0
BRDA:38,0,2,0
BRDA:38,0,3,0
BRDA:38,0,4,0
BRDA:43,1,0,0
BRDA:43,1,1,0
BRDA:45,2,0,0
BRDA:45,2,1,0
BRDA:51,3,0,0
BRDA:51,3,1,0
BRDA:52,4,0,0
BRDA:52,4,1,0
BRDA:59,5,0,0
BRDA:59,5,1,0
BRDA:62,6,0,0
BRDA:62,6,1,0
BRDA:63,7,0,0
BRDA:63,7,1,0
BRDA:68,8,0,0
BRDA:68,8,1,0
BRDA:70,9,0,0
BRDA:70,9,1,0
BRDA:85,10,0,0
BRDA:85,10,1,0
BRDA:91,11,0,0
BRDA:91,11,1,0
BRDA:91,11,2,0
BRDA:93,12,0,0
BRDA:93,12,1,0
BRDA:95,13,0,0
BRDA:95,13,1,0
BRDA:96,14,0,0
BRDA:96,14,1,0
BRDA:96,15,0,0
BRDA:96,15,1,0
BRDA:98,16,0,0
BRDA:98,16,1,0
BRDA:102,17,0,0
BRDA:102,17,1,0
BRF:40
BRH:0
end_of_record
TN:
SF:src\components\DriverStandingsTable.jsx
FN:19,DriverStandingsTable
FN:23,(anonymous_1)
FN:25,(anonymous_2)
FN:33,(anonymous_3)
FN:37,(anonymous_4)
FN:58,(anonymous_5)
FN:67,(anonymous_6)
FN:77,(anonymous_7)
FN:86,(anonymous_8)
FNF:9
FNH:6
FNDA:5,DriverStandingsTable
FNDA:1,(anonymous_1)
FNDA:0,(anonymous_2)
FNDA:5,(anonymous_3)
FNDA:4,(anonymous_4)
FNDA:0,(anonymous_5)
FNDA:0,(anonymous_6)
FNDA:1,(anonymous_7)
FNDA:9,(anonymous_8)
DA:20,5
DA:21,5
DA:23,5
DA:24,1
DA:25,0
DA:26,0
DA:29,1
DA:30,1
DA:33,5
DA:34,5
DA:35,5
DA:37,5
DA:38,4
DA:39,1
DA:40,0
DA:43,5
DA:46,5
DA:58,0
DA:67,0
DA:77,1
DA:87,9
LF:21
LH:16
BRDA:24,0,0,0
BRDA:24,0,1,1
BRDA:25,1,0,0
BRDA:25,1,1,0
BRDA:30,2,0,1
BRDA:30,2,1,0
BRDA:35,3,0,4
BRDA:35,3,1,1
BRDA:38,4,0,3
BRDA:38,4,1,1
BRDA:39,5,0,1
BRDA:39,5,1,0
BRDA:57,6,0,4
BRDA:57,6,1,1
BRDA:66,7,0,0
BRDA:66,7,1,5
BRDA:76,8,0,1
BRDA:76,8,1,4
BRDA:132,9,0,9
BRDA:132,9,1,0
BRDA:137,10,0,9
BRDA:137,10,1,0
BRDA:168,11,0,9
BRDA:168,11,1,9
BRDA:189,12,0,5
BRDA:189,12,1,4
BRF:26
BRH:18
end_of_record
TN:
SF:src\components\PageRouteFallback.jsx
FN:10,PageRouteFallback
FNF:1
FNH:1
FNDA:1,PageRouteFallback
DA:11,1
LF:1
LH:1
BRF:0
BRH:0
end_of_record
TN:
SF:src\components\RaceCard.jsx
FN:10,RaceCard
FNF:1
FNH:1
FNDA:2,RaceCard
DA:11,2
LF:1
LH:1
BRDA:36,0,0,2
BRDA:36,0,1,1
BRDA:36,0,2,1
BRF:3
BRH:3
end_of_record
TN:
SF:src\components\SiteFooter.jsx
FN:16,SiteFooter
FNF:1
FNH:1
FNDA:1,SiteFooter
DA:8,1
DA:10,1
DA:17,1
LF:3
LH:3
BRF:0
BRH:0
end_of_record
TN:
SF:src\components\TeamRichSummary.jsx
FN:8,TeamRichSummary
FN:51,(anonymous_1)
FNF:2
FNH:0
FNDA:0,TeamRichSummary
FNDA:0,(anonymous_1)
DA:15,0
DA:17,0
DA:52,0
LF:3
LH:0
BRDA:15,0,0,0
BRDA:15,0,1,0
BRDA:20,1,0,0
BRDA:20,1,1,0
BRDA:32,2,0,0
BRDA:32,2,1,0
BRDA:36,3,0,0
BRDA:36,3,1,0
BRDA:36,4,0,0
BRDA:36,4,1,0
BRDA:39,5,0,0
BRDA:39,5,1,0
BRDA:39,6,0,0
BRDA:39,6,1,0
BRDA:45,7,0,0
BRDA:45,7,1,0
BRDA:59,8,0,0
BRDA:59,8,1,0
BRF:18
BRH:0
end_of_record
TN:
SF:src\context\AppThemeProvider.jsx
FN:16,AppThemeProvider
FN:17,(anonymous_1)
FN:27,(anonymous_2)
FN:35,(anonymous_3)
FN:39,(anonymous_4)
FN:40,(anonymous_5)
FN:43,(anonymous_6)
FN:46,(anonymous_7)
FN:57,useThemeMode
FNF:9
FNH:6
FNDA:1,AppThemeProvider
FNDA:1,(anonymous_1)
FNDA:1,(anonymous_2)
FNDA:0,(anonymous_3)
FNDA:0,(anonymous_4)
FNDA:0,(anonymous_5)
FNDA:1,(anonymous_6)
FNDA:1,(anonymous_7)
FNDA:1,useThemeMode
DA:12,1
DA:14,1
DA:17,1
DA:18,1
DA:19,1
DA:20,1
DA:24,1
DA:27,1
DA:28,1
DA:29,1
DA:35,1
DA:36,0
DA:39,1
DA:40,0
DA:43,1
DA:45,1
DA:46,1
DA:50,1
DA:58,1
DA:59,1
DA:60,0
DA:62,1
LF:22
LH:19
BRDA:20,0,0,0
BRDA:20,0,1,1
BRDA:20,1,0,1
BRDA:20,1,1,1
BRDA:36,2,0,0
BRDA:36,2,1,0
BRDA:40,3,0,0
BRDA:40,3,1,0
BRDA:59,4,0,0
BRDA:59,4,1,1
BRF:10
BRH:4
end_of_record
TN:
SF:src\hooks\useDriverStandings.js
FN:7,useDriverStandings
FN:14,(anonymous_1)
FN:17,fetchDriverStandings
FN:42,(anonymous_3)
FN:48,(anonymous_4)
FN:54,(anonymous_5)
FN:71,(anonymous_6)
FN:85,(anonymous_7)
FN:88,(anonymous_8)
FN:89,(anonymous_9)
FNF:10
FNH:10
FNDA:9,useDriverStandings
FNDA:4,(anonymous_1)
FNDA:4,fetchDriverStandings
FNDA:4,(anonymous_3)
FNDA:4,(anonymous_4)
FNDA:8,(anonymous_5)
FNDA:1,(anonymous_6)
FNDA:4,(anonymous_7)
FNDA:1,(anonymous_8)
FNDA:1,(anonymous_9)
DA:8,9
DA:9,9
DA:10,9
DA:11,9
DA:12,9
DA:14,9
DA:15,4
DA:18,4
DA:19,4
DA:20,4
DA:22,4
DA:26,4
DA:27,1
DA:30,3
DA:32,3
DA:33,0
DA:36,3
DA:41,3
DA:42,4
DA:48,3
DA:49,4
DA:51,4
DA:54,8
DA:57,4
DA:71,3
DA:73,3
DA:74,3
DA:76,1
DA:77,1
DA:79,4
DA:83,4
DA:85,4
DA:88,9
DA:89,1
DA:92,9
LF:35
LH:34
BRDA:26,0,0,1
BRDA:26,0,1,3
BRDA:32,1,0,0
BRDA:32,1,1,3
BRDA:42,2,0,3
BRDA:42,2,1,0
BRDA:51,3,0,4
BRDA:51,3,1,0
BRDA:59,4,0,4
BRDA:59,4,1,0
BRDA:60,5,0,4
BRDA:60,5,1,4
BRDA:60,5,2,4
BRDA:61,6,0,4
BRDA:61,6,1,0
BRDA:63,7,0,4
BRDA:63,7,1,4
BRDA:65,8,0,4
BRDA:65,8,1,2
BRDA:66,9,0,4
BRDA:66,9,1,0
BRDA:67,10,0,4
BRDA:67,10,1,0
BRDA:76,11,0,0
BRDA:76,11,1,1
BRDA:77,12,0,1
BRDA:77,12,1,0
BRF:27
BRH:18
end_of_record
TN:
SF:src\pages\Acknowledgements.jsx
FN:8,Acknowledgements
FNF:1
FNH:1
FNDA:1,Acknowledgements
DA:9,1
LF:1
LH:1
BRF:0
BRH:0
end_of_record
TN:
SF:src\pages\ConstructorDetail.jsx
FN:27,normTeam
FN:33,decodeTeamSlug
FN:42,ConstructorDetail
FN:44,(anonymous_3)
FN:45,(anonymous_4)
FN:54,(anonymous_5)
FN:57,load
FN:89,(anonymous_7)
FN:103,(anonymous_8)
FN:107,(anonymous_9)
FN:108,(anonymous_10)
FN:114,(anonymous_11)
FN:126,(anonymous_12)
FN:229,(anonymous_13)
FNF:14
FNH:14
FNDA:8,normTeam
FNDA:2,decodeTeamSlug
FNDA:6,ConstructorDetail
FNDA:2,(anonymous_3)
FNDA:2,(anonymous_4)
FNDA:2,(anonymous_5)
FNDA:2,load
FNDA:2,(anonymous_7)
FNDA:1,(anonymous_8)
FNDA:2,(anonymous_9)
FNDA:2,(anonymous_10)
FNDA:1,(anonymous_11)
FNDA:2,(anonymous_12)
FNDA:2,(anonymous_13)
DA:28,8
DA:34,2
DA:35,2
DA:36,2
DA:38,0
DA:43,6
DA:44,6
DA:45,6
DA:47,6
DA:48,6
DA:49,6
DA:50,6
DA:51,6
DA:52,6
DA:54,6
DA:55,2
DA:58,2
DA:59,2
DA:60,2
DA:61,2
DA:62,2
DA:63,2
DA:64,2
DA:66,2
DA:67,0
DA:70,2
DA:73,2
DA:75,2
DA:76,0
DA:79,2
DA:81,2
DA:86,2
DA:88,2
DA:89,2
DA:92,2
DA:93,1
DA:94,1
DA:95,1
DA:98,1
DA:100,1
DA:101,1
DA:103,1
DA:104,1
DA:106,1
DA:107,2
DA:108,2
DA:114,1
DA:116,1
DA:118,0
DA:119,0
DA:121,2
DA:125,2
DA:126,2
DA:129,6
DA:130,6
DA:131,6
DA:133,6
DA:230,2
LF:58
LH:53
BRDA:28,0,0,8
BRDA:28,0,1,0
BRDA:34,1,0,0
BRDA:34,1,1,2
BRDA:34,2,0,2
BRDA:34,2,1,2
BRDA:66,3,0,0
BRDA:66,3,1,2
BRDA:75,4,0,0
BRDA:75,4,1,2
BRDA:86,5,0,2
BRDA:86,5,1,0
BRDA:92,6,0,1
BRDA:92,6,1,1
BRDA:100,7,0,1
BRDA:100,7,1,0
BRDA:104,8,0,1
BRDA:104,8,1,0
BRDA:110,9,0,2
BRDA:110,9,1,0
BRDA:111,10,0,2
BRDA:111,10,1,0
BRDA:112,11,0,2
BRDA:112,11,1,0
BRDA:118,12,0,0
BRDA:118,12,1,0
BRDA:119,13,0,0
BRDA:119,13,1,0
BRDA:129,14,0,6
BRDA:129,14,1,5
BRDA:129,14,2,0
BRDA:130,15,0,6
BRDA:130,15,1,5
BRDA:131,16,0,6
BRDA:131,16,1,5
BRDA:148,17,0,2
BRDA:148,17,1,4
BRDA:151,18,0,6
BRDA:151,18,1,4
BRDA:153,19,0,6
BRDA:153,19,1,2
BRDA:153,19,2,0
BRDA:155,20,0,6
BRDA:155,20,1,2
BRDA:155,20,2,2
BRDA:155,20,3,1
BRDA:162,21,0,6
BRDA:162,21,1,2
BRDA:162,21,2,2
BRDA:162,21,3,1
BRDA:175,22,0,1
BRDA:175,22,1,1
BRDA:194,23,0,1
BRDA:194,23,1,0
BRDA:194,24,0,1
BRDA:194,24,1,1
BRDA:211,25,0,0
BRDA:211,25,1,1
BRDA:250,26,0,2
BRDA:250,26,1,0
BRDA:256,27,0,2
BRDA:256,27,1,0
BRF:62
BRH:42
end_of_record
TN:
SF:src\pages\Constructors.jsx
FN:23,normTeam
FN:29,Constructors
FN:34,(anonymous_2)
FN:37,fetchConstructorStandings
FN:70,(anonymous_4)
FN:75,(anonymous_5)
FN:79,(anonymous_6)
FN:84,(anonymous_7)
FN:109,(anonymous_8)
FN:130,(anonymous_9)
FNF:10
FNH:7
FNDA:1,normTeam
FNDA:4,Constructors
FNDA:2,(anonymous_2)
FNDA:2,fetchConstructorStandings
FNDA:0,(anonymous_4)
FNDA:0,(anonymous_5)
FNDA:1,(anonymous_6)
FNDA:0,(anonymous_7)
FNDA:2,(anonymous_8)
FNDA:1,(anonymous_9)
DA:21,1
DA:24,1
DA:30,4
DA:31,4
DA:32,4
DA:34,4
DA:35,2
DA:38,2
DA:39,2
DA:40,2
DA:42,2
DA:46,2
DA:48,2
DA:49,1
DA:52,1
DA:57,1
DA:59,1
DA:60,1
DA:61,0
DA:62,0
DA:63,0
DA:69,1
DA:70,0
DA:73,1
DA:76,0
DA:80,1
DA:81,1
DA:82,1
DA:83,1
DA:84,0
DA:86,1
DA:89,1
DA:99,1
DA:101,1
DA:102,1
DA:104,2
DA:108,2
DA:109,2
DA:112,4
DA:131,1
LF:40
LH:34
BRDA:24,0,0,1
BRDA:24,0,1,0
BRDA:48,1,0,1
BRDA:48,1,1,1
BRDA:57,2,0,0
BRDA:57,2,1,1
BRDA:62,3,0,0
BRDA:62,3,1,0
BRDA:65,4,0,0
BRDA:65,4,1,0
BRDA:66,5,0,0
BRDA:66,5,1,0
BRDA:76,6,0,0
BRDA:76,6,1,0
BRDA:77,7,0,0
BRDA:77,7,1,0
BRDA:80,8,0,1
BRDA:80,8,1,0
BRDA:82,9,0,1
BRDA:82,9,1,1
BRDA:86,10,0,0
BRDA:86,10,1,1
BRDA:91,11,0,1
BRDA:91,11,1,0
BRDA:92,12,0,1
BRDA:92,12,1,0
BRDA:101,13,0,0
BRDA:101,13,1,1
BRDA:102,14,0,1
BRDA:102,14,1,0
BRDA:124,15,0,2
BRDA:124,15,1,2
BRDA:126,16,0,1
BRDA:126,16,1,1
BRF:34
BRH:16
end_of_record
TN:
SF:src\pages\CountdownTimer.jsx
FN:30,formatDuration
FN:43,getCountdownUrgency
FN:51,CountdownTimer
FN:57,(anonymous_3)
FN:60,fetchNextSession
FN:67,(anonymous_5)
FN:72,(anonymous_6)
FN:86,(anonymous_7)
FN:92,(anonymous_8)
FN:115,(anonymous_9)
FN:118,(anonymous_10)
FN:119,(anonymous_11)
FN:120,(anonymous_12)
FN:123,(anonymous_13)
FN:132,(anonymous_14)
FN:184,(anonymous_15)
FNF:16
FNH:13
FNDA:3,formatDuration
FNDA:8,getCountdownUrgency
FNDA:8,CountdownTimer
FNDA:4,(anonymous_3)
FNDA:4,fetchNextSession
FNDA:0,(anonymous_5)
FNDA:4,(anonymous_6)
FNDA:0,(anonymous_7)
FNDA:3,(anonymous_8)
FNDA:4,(anonymous_9)
FNDA:4,(anonymous_10)
FNDA:0,(anonymous_11)
FNDA:4,(anonymous_12)
FNDA:7,(anonymous_13)
FNDA:6,(anonymous_14)
FNDA:3,(anonymous_15)
DA:15,1
DA:16,1
DA:17,1
DA:19,1
DA:31,3
DA:33,3
DA:34,3
DA:35,3
DA:36,3
DA:37,3
DA:39,3
DA:44,8
DA:45,3
DA:46,3
DA:47,2
DA:48,1
DA:52,8
DA:53,8
DA:54,8
DA:55,8
DA:57,8
DA:58,4
DA:61,4
DA:62,4
DA:63,4
DA:65,4
DA:66,4
DA:67,4
DA:68,0
DA:71,4
DA:73,4
DA:77,4
DA:78,1
DA:81,3
DA:86,3
DA:87,0
DA:91,3
DA:92,3
DA:95,3
DA:96,0
DA:99,3
DA:107,1
DA:108,1
DA:110,4
DA:114,4
DA:115,4
DA:118,8
DA:119,4
DA:120,4
DA:123,8
DA:124,7
DA:125,3
DA:128,8
DA:130,8
DA:132,8
DA:133,6
DA:135,0
DA:141,1
DA:147,1
DA:153,4
DA:161,8
DA:185,3
LF:62
LH:58
BRDA:31,0,0,0
BRDA:31,0,1,3
BRDA:44,1,0,5
BRDA:44,1,1,3
BRDA:45,2,0,0
BRDA:45,2,1,3
BRDA:46,3,0,1
BRDA:46,3,1,2
BRDA:47,4,0,1
BRDA:47,4,1,1
BRDA:68,5,0,0
BRDA:68,5,1,0
BRDA:68,6,0,0
BRDA:68,6,1,0
BRDA:73,7,0,4
BRDA:73,7,1,0
BRDA:73,7,2,0
BRDA:77,8,0,1
BRDA:77,8,1,3
BRDA:87,9,0,0
BRDA:87,9,1,0
BRDA:87,10,0,0
BRDA:87,10,1,0
BRDA:91,11,0,3
BRDA:91,11,1,0
BRDA:92,12,0,3
BRDA:92,12,1,0
BRDA:95,13,0,0
BRDA:95,13,1,3
BRDA:100,14,0,3
BRDA:100,14,1,0
BRDA:101,15,0,3
BRDA:101,15,1,0
BRDA:102,16,0,3
BRDA:102,16,1,0
BRDA:103,17,0,3
BRDA:103,17,1,0
BRDA:107,18,0,0
BRDA:107,18,1,1
BRDA:108,19,0,1
BRDA:108,19,1,0
BRDA:124,20,0,4
BRDA:124,20,1,3
BRDA:130,21,0,8
BRDA:130,21,1,3
BRDA:130,21,2,3
BRDA:133,22,0,0
BRDA:133,22,1,1
BRDA:133,22,2,1
BRDA:133,22,3,4
BRDA:171,23,0,4
BRDA:171,23,1,4
BRDA:173,24,0,1
BRDA:173,24,1,3
BRDA:201,25,0,3
BRDA:201,25,1,0
BRDA:209,26,0,3
BRDA:209,26,1,0
BRDA:215,27,0,3
BRDA:215,27,1,0
BRF:60
BRH:35
end_of_record
TN:
SF:src\pages\Dashboard.jsx
FN:24,getCountdownParts
FN:33,StatValue
FN:82,Dashboard
FN:88,(anonymous_3)
FN:90,(anonymous_4)
FN:93,fetchDashboardData
FN:104,(anonymous_6)
FN:109,(anonymous_7)
FN:114,(anonymous_8)
FN:119,(anonymous_9)
FN:177,(anonymous_10)
FN:205,(anonymous_11)
FNF:12
FNH:10
FNDA:1,getCountdownParts
FNDA:6,StatValue
FNDA:3,Dashboard
FNDA:2,(anonymous_3)
FNDA:2,(anonymous_4)
FNDA:2,fetchDashboardData
FNDA:0,(anonymous_6)
FNDA:1,(anonymous_7)
FNDA:1,(anonymous_8)
FNDA:0,(anonymous_9)
FNDA:2,(anonymous_10)
FNDA:6,(anonymous_11)
DA:25,1
DA:26,1
DA:27,1
DA:28,1
DA:29,1
DA:30,1
DA:34,6
DA:36,6
DA:37,2
DA:44,4
DA:45,1
DA:52,3
DA:53,1
DA:61,2
DA:62,1
DA:70,1
DA:71,1
DA:79,0
DA:84,3
DA:85,3
DA:86,3
DA:88,3
DA:90,3
DA:91,2
DA:94,2
DA:95,2
DA:96,2
DA:98,2
DA:99,2
DA:104,1
DA:105,0
DA:108,1
DA:110,1
DA:113,1
DA:114,1
DA:116,1
DA:118,1
DA:120,0
DA:123,1
DA:126,1
DA:167,1
DA:169,1
DA:170,1
DA:172,2
DA:176,2
DA:177,2
DA:180,3
DA:206,6
LF:48
LH:45
BRDA:25,0,0,0
BRDA:25,0,1,1
BRDA:27,1,0,0
BRDA:27,1,1,1
BRDA:28,2,0,0
BRDA:28,2,1,1
BRDA:36,3,0,2
BRDA:36,3,1,4
BRDA:44,4,0,1
BRDA:44,4,1,3
BRDA:52,5,0,1
BRDA:52,5,1,2
BRDA:61,6,0,1
BRDA:61,6,1,1
BRDA:70,7,0,1
BRDA:70,7,1,0
BRDA:74,8,0,0
BRDA:74,8,1,1
BRDA:105,9,0,0
BRDA:105,9,1,0
BRDA:105,10,0,0
BRDA:105,10,1,0
BRDA:108,11,0,1
BRDA:108,11,1,0
BRDA:110,12,0,1
BRDA:110,12,1,0
BRDA:110,12,2,0
BRDA:114,13,0,1
BRDA:114,13,1,0
BRDA:114,13,2,0
BRDA:120,14,0,0
BRDA:120,14,1,0
BRDA:120,15,0,0
BRDA:120,15,1,0
BRDA:130,16,0,1
BRDA:130,16,1,0
BRDA:135,17,0,1
BRDA:135,17,1,0
BRDA:139,18,0,1
BRDA:139,18,1,0
BRDA:143,19,0,1
BRDA:143,19,1,0
BRDA:151,20,0,1
BRDA:151,20,1,0
BRDA:158,21,0,1
BRDA:158,21,1,0
BRDA:169,22,0,0
BRDA:169,22,1,1
BRDA:170,23,0,1
BRDA:170,23,1,0
BRDA:199,24,0,2
BRDA:199,24,1,1
BRDA:201,25,0,0
BRDA:201,25,1,1
BRF:54
BRH:27
end_of_record
TN:
SF:src\pages\DriverDetail.jsx
FN:22,DriverDetail
FN:25,(anonymous_1)
FN:35,(anonymous_2)
FN:38,load
FN:60,(anonymous_4)
FN:67,(anonymous_5)
FN:80,(anonymous_6)
FNF:7
FNH:7
FNDA:4,DriverDetail
FNDA:2,(anonymous_1)
FNDA:2,(anonymous_2)
FNDA:2,load
FNDA:2,(anonymous_4)
FNDA:1,(anonymous_5)
FNDA:2,(anonymous_6)
DA:23,4
DA:24,4
DA:25,2
DA:29,4
DA:30,4
DA:31,4
DA:32,4
DA:33,4
DA:35,4
DA:36,2
DA:39,2
DA:40,2
DA:41,2
DA:42,2
DA:43,2
DA:44,2
DA:46,2
DA:47,0
DA:50,2
DA:51,2
DA:53,2
DA:54,0
DA:57,2
DA:59,2
DA:60,2
DA:62,2
DA:64,2
DA:65,2
DA:66,1
DA:67,1
DA:70,2
DA:72,0
DA:73,0
DA:75,2
DA:79,2
DA:80,2
DA:84,4
DA:85,4
DA:86,4
DA:87,4
DA:88,4
DA:89,4
DA:91,4
DA:93,4
LF:44
LH:40
BRDA:46,0,0,0
BRDA:46,0,1,2
BRDA:53,1,0,0
BRDA:53,1,1,2
BRDA:62,2,0,2
BRDA:62,2,1,0
BRDA:65,3,0,1
BRDA:65,3,1,1
BRDA:67,4,0,1
BRDA:67,4,1,0
BRDA:72,5,0,0
BRDA:72,5,1,0
BRDA:73,6,0,0
BRDA:73,6,1,0
BRDA:84,7,0,4
BRDA:84,7,1,2
BRDA:84,8,0,2
BRDA:84,8,1,0
BRDA:85,9,0,4
BRDA:85,9,1,3
BRDA:86,10,0,4
BRDA:86,10,1,2
BRDA:87,11,0,1
BRDA:87,11,1,3
BRDA:88,12,0,4
BRDA:88,12,1,3
BRDA:89,13,0,4
BRDA:89,13,1,3
BRDA:108,14,0,2
BRDA:108,14,1,2
BRDA:111,15,0,4
BRDA:111,15,1,2
BRDA:113,16,0,4
BRDA:113,16,1,2
BRDA:113,16,2,0
BRDA:119,17,0,4
BRDA:119,17,1,2
BRDA:119,17,2,2
BRDA:119,17,3,0
BRDA:132,18,0,4
BRDA:132,18,1,2
BRDA:132,18,2,2
BRDA:132,18,3,2
BRDA:145,19,0,2
BRDA:145,19,1,1
BRDA:153,20,0,1
BRDA:153,20,1,1
BRDA:155,21,0,2
BRDA:155,21,1,1
BRDA:162,22,0,2
BRDA:162,22,1,2
BRDA:167,23,0,2
BRDA:167,23,1,0
BRDA:173,24,0,2
BRDA:173,24,1,0
BRDA:178,25,0,2
BRDA:178,25,1,1
BRDA:178,25,2,1
BRDA:182,26,0,2
BRDA:182,26,1,0
BRDA:188,27,0,2
BRDA:188,27,1,1
BRF:62
BRH:48
end_of_record
TN:
SF:src\pages\DriverProfiles.jsx
FN:21,DriverProfiles
FN:26,(anonymous_1)
FN:29,fetchProfiles
FN:43,(anonymous_3)
FN:44,(anonymous_4)
FN:65,(anonymous_5)
FN:81,(anonymous_6)
FNF:7
FNH:6
FNDA:4,DriverProfiles
FNDA:2,(anonymous_1)
FNDA:2,fetchProfiles
FNDA:0,(anonymous_3)
FNDA:1,(anonymous_4)
FNDA:2,(anonymous_5)
FNDA:1,(anonymous_6)
DA:22,4
DA:23,4
DA:24,4
DA:26,4
DA:27,2
DA:30,2
DA:31,2
DA:32,2
DA:34,2
DA:35,2
DA:37,2
DA:38,1
DA:41,1
DA:42,1
DA:43,0
DA:44,1
DA:55,1
DA:57,1
DA:58,1
DA:60,2
DA:64,2
DA:65,2
DA:68,4
DA:82,1
LF:24
LH:23
BRDA:37,0,0,1
BRDA:37,0,1,1
BRDA:43,1,0,0
BRDA:43,1,1,0
BRDA:43,2,0,0
BRDA:43,2,1,0
BRDA:46,3,0,1
BRDA:46,3,1,0
BRDA:47,4,0,1
BRDA:47,4,1,0
BRDA:48,5,0,1
BRDA:48,5,1,0
BRDA:50,6,0,1
BRDA:50,6,1,0
BRDA:51,7,0,1
BRDA:51,7,1,0
BRDA:52,8,0,1
BRDA:52,8,1,1
BRDA:57,9,0,0
BRDA:57,9,1,1
BRDA:58,10,0,1
BRDA:58,10,1,0
BRDA:75,11,0,2
BRDA:75,11,1,2
BRDA:77,12,0,1
BRDA:77,12,1,1
BRDA:117,13,0,1
BRDA:117,13,1,0
BRDA:130,14,0,1
BRDA:130,14,1,1
BRDA:145,15,0,1
BRDA:145,15,1,1
BRF:32
BRH:20
end_of_record
TN:
SF:src\pages\Drivers.jsx
FN:21,Drivers
FN:24,(anonymous_1)
FN:93,(anonymous_2)
FN:94,(anonymous_3)
FNF:4
FNH:2
FNDA:3,Drivers
FNDA:1,(anonymous_1)
FNDA:0,(anonymous_2)
FNDA:0,(anonymous_3)
DA:23,3
DA:24,3
DA:31,3
DA:93,0
DA:95,0
LF:5
LH:3
BRDA:41,0,0,3
BRDA:41,0,1,1
BRDA:49,1,0,3
BRDA:49,1,1,1
BRDA:51,2,0,3
BRDA:51,2,1,1
BRDA:65,3,0,3
BRDA:65,3,1,2
BRDA:65,3,2,1
BRDA:95,4,0,0
BRDA:95,4,1,0
BRDA:97,5,0,0
BRDA:97,5,1,0
BRF:13
BRH:9
end_of_record
TN:
SF:src\pages\HeadToHeadComparison.jsx
FN:31,normalizeGap
FN:37,HeadToHeadComparison
FN:45,(anonymous_2)
FN:48,fetchComparisonData
FN:65,(anonymous_4)
FN:74,(anonymous_5)
FN:77,(anonymous_6)
FN:98,(anonymous_7)
FN:102,(anonymous_8)
FN:102,(anonymous_9)
FN:106,(anonymous_10)
FN:106,(anonymous_11)
FN:113,(anonymous_12)
FN:158,(anonymous_13)
FN:161,(anonymous_14)
FN:227,(anonymous_15)
FN:229,(anonymous_16)
FN:244,(anonymous_17)
FN:246,(anonymous_18)
FN:296,(anonymous_19)
FNF:20
FNH:18
FNDA:2,normalizeGap
FNDA:4,HeadToHeadComparison
FNDA:2,(anonymous_2)
FNDA:2,fetchComparisonData
FNDA:2,(anonymous_4)
FNDA:1,(anonymous_5)
FNDA:2,(anonymous_6)
FNDA:2,(anonymous_7)
FNDA:3,(anonymous_8)
FNDA:1,(anonymous_9)
FNDA:3,(anonymous_10)
FNDA:2,(anonymous_11)
FNDA:3,(anonymous_12)
FNDA:3,(anonymous_13)
FNDA:2,(anonymous_14)
FNDA:0,(anonymous_15)
FNDA:2,(anonymous_16)
FNDA:0,(anonymous_17)
FNDA:2,(anonymous_18)
FNDA:4,(anonymous_19)
DA:32,2
DA:33,2
DA:34,2
DA:38,4
DA:39,4
DA:40,4
DA:41,4
DA:42,4
DA:43,4
DA:45,4
DA:46,2
DA:49,2
DA:50,2
DA:51,2
DA:53,2
DA:54,2
DA:55,2
DA:56,1
DA:59,1
DA:64,1
DA:65,2
DA:74,1
DA:76,1
DA:77,2
DA:80,1
DA:81,1
DA:83,1
DA:84,1
DA:85,1
DA:86,0
DA:87,0
DA:90,1
DA:91,1
DA:93,2
DA:97,2
DA:98,2
DA:101,4
DA:102,3
DA:105,4
DA:106,3
DA:110,4
DA:111,4
DA:113,4
DA:114,3
DA:116,1
DA:117,1
DA:118,1
DA:119,1
DA:120,1
DA:121,1
DA:123,1
DA:158,4
DA:159,3
DA:161,1
DA:162,2
DA:177,1
DA:203,4
DA:227,0
DA:230,2
DA:244,0
DA:247,2
DA:297,4
LF:62
LH:58
BRDA:32,0,0,0
BRDA:32,0,1,2
BRDA:32,1,0,2
BRDA:32,1,1,2
BRDA:34,2,0,2
BRDA:34,2,1,0
BRDA:55,3,0,1
BRDA:55,3,1,1
BRDA:67,4,0,2
BRDA:67,4,1,0
BRDA:68,5,0,2
BRDA:68,5,1,0
BRDA:69,6,0,2
BRDA:69,6,1,2
BRDA:70,7,0,2
BRDA:70,7,1,2
BRDA:71,8,0,0
BRDA:71,8,1,2
BRDA:72,9,0,2
BRDA:72,9,1,2
BRDA:83,10,0,1
BRDA:83,10,1,0
BRDA:86,11,0,0
BRDA:86,11,1,0
BRDA:90,12,0,0
BRDA:90,12,1,1
BRDA:91,13,0,1
BRDA:91,13,1,0
BRDA:102,14,0,3
BRDA:102,14,1,2
BRDA:106,15,0,3
BRDA:106,15,1,2
BRDA:110,16,0,1
BRDA:110,16,1,3
BRDA:111,17,0,1
BRDA:111,17,1,3
BRDA:114,18,0,2
BRDA:114,18,1,1
BRDA:114,19,0,3
BRDA:114,19,1,1
BRDA:116,20,0,1
BRDA:116,20,1,0
BRDA:117,21,0,1
BRDA:117,21,1,0
BRDA:118,22,0,1
BRDA:118,22,1,0
BRDA:119,23,0,1
BRDA:119,23,1,0
BRDA:126,24,0,1
BRDA:126,24,1,0
BRDA:127,25,0,1
BRDA:127,25,1,0
BRDA:128,26,0,1
BRDA:128,26,1,0
BRDA:128,27,0,0
BRDA:128,27,1,0
BRDA:132,28,0,1
BRDA:132,28,1,0
BRDA:133,29,0,1
BRDA:133,29,1,0
BRDA:134,30,0,0
BRDA:134,30,1,1
BRDA:134,31,0,0
BRDA:134,31,1,1
BRDA:138,32,0,1
BRDA:138,32,1,0
BRDA:139,33,0,1
BRDA:139,33,1,0
BRDA:140,34,0,1
BRDA:140,34,1,0
BRDA:140,35,0,0
BRDA:140,35,1,0
BRDA:144,36,0,1
BRDA:144,36,1,0
BRDA:145,37,0,1
BRDA:145,37,1,0
BRDA:147,38,0,1
BRDA:147,38,1,0
BRDA:147,39,0,1
BRDA:147,39,1,0
BRDA:148,40,0,1
BRDA:148,40,1,0
BRDA:150,41,0,0
BRDA:150,41,1,0
BRDA:150,42,0,0
BRDA:150,42,1,0
BRDA:151,43,0,0
BRDA:151,43,1,0
BRDA:159,44,0,2
BRDA:159,44,1,1
BRDA:159,45,0,3
BRDA:159,45,1,1
BRDA:162,46,0,2
BRDA:162,46,1,0
BRDA:165,47,0,2
BRDA:165,47,1,0
BRDA:167,48,0,1
BRDA:167,48,1,1
BRDA:169,49,0,1
BRDA:169,49,1,0
BRDA:171,50,0,2
BRDA:171,50,1,0
BRDA:213,51,0,2
BRDA:213,51,1,2
BRDA:215,52,0,1
BRDA:215,52,1,1
BRDA:256,53,0,1
BRDA:256,53,1,0
BRDA:265,54,0,1
BRDA:265,54,1,0
BRDA:265,55,0,1
BRDA:265,55,1,0
BRDA:268,56,0,1
BRDA:268,56,1,0
BRDA:268,57,0,1
BRDA:268,57,1,0
BRDA:277,58,0,0
BRDA:277,58,1,0
BRDA:277,59,0,0
BRDA:277,59,1,0
BRDA:280,60,0,0
BRDA:280,60,1,0
BRDA:280,61,0,0
BRDA:280,61,1,0
BRDA:291,62,0,1
BRDA:291,62,1,0
BRDA:292,63,0,1
BRDA:292,63,1,0
BRDA:301,64,0,3
BRDA:301,64,1,1
BRDA:302,65,0,3
BRDA:302,65,1,1
BRDA:309,66,0,0
BRDA:309,66,1,4
BRDA:310,67,0,0
BRDA:310,67,1,4
BRF:136
BRH:76
end_of_record
TN:
SF:src\pages\RaceMeetingSessions.jsx
FN:19,formatSessionStart
FN:25,RaceMeetingSessions
FN:32,(anonymous_2)
FN:34,(anonymous_3)
FN:37,load
FN:54,(anonymous_5)
FN:67,(anonymous_6)
FN:114,(anonymous_7)
FNF:8
FNH:7
FNDA:1,formatSessionStart
FNDA:5,RaceMeetingSessions
FNDA:2,(anonymous_2)
FNDA:2,(anonymous_3)
FNDA:2,load
FNDA:0,(anonymous_5)
FNDA:2,(anonymous_6)
FNDA:1,(anonymous_7)
DA:20,1
DA:21,1
DA:22,1
DA:26,5
DA:27,5
DA:28,5
DA:29,5
DA:30,5
DA:32,5
DA:34,5
DA:35,2
DA:38,2
DA:39,2
DA:40,2
DA:41,2
DA:42,2
DA:44,2
DA:45,1
DA:48,1
DA:53,1
DA:54,1
DA:55,0
DA:57,1
DA:59,1
DA:60,1
DA:62,2
DA:66,2
DA:67,2
DA:70,5
DA:72,5
DA:115,1
LF:31
LH:30
BRDA:20,0,0,0
BRDA:20,0,1,1
BRDA:22,1,0,1
BRDA:22,1,1,0
BRDA:44,2,0,1
BRDA:44,2,1,1
BRDA:55,3,0,0
BRDA:55,3,1,0
BRDA:55,4,0,0
BRDA:55,4,1,0
BRDA:59,5,0,0
BRDA:59,5,1,1
BRDA:60,6,0,1
BRDA:60,6,1,0
BRDA:70,7,0,5
BRDA:70,7,1,4
BRDA:91,8,0,5
BRDA:91,8,1,1
BRDA:93,9,0,1
BRDA:93,9,1,0
BRDA:93,10,0,1
BRDA:93,10,1,0
BRDA:97,11,0,3
BRDA:97,11,1,2
BRDA:99,12,0,1
BRDA:99,12,1,1
BRDA:101,13,0,0
BRDA:101,13,1,1
BRDA:116,14,0,1
BRDA:116,14,1,0
BRDA:120,15,0,1
BRDA:120,15,1,0
BRDA:122,16,0,1
BRDA:122,16,1,0
BRF:34
BRH:20
end_of_record
TN:
SF:src\pages\RaceResults.jsx
FN:49,podiumRowSx
FN:52,(anonymous_1)
FN:53,(anonymous_2)
FN:58,(anonymous_3)
FN:59,(anonymous_4)
FN:64,(anonymous_5)
FN:65,(anonymous_6)
FN:71,PodiumSlot
FN:108,(anonymous_8)
FN:131,RaceResults
FN:136,(anonymous_10)
FN:139,fetchResults
FN:157,(anonymous_12)
FN:161,(anonymous_13)
FN:195,(anonymous_14)
FN:207,(anonymous_15)
FN:210,(anonymous_16)
FN:211,(anonymous_17)
FN:267,(anonymous_18)
FNF:19
FNH:17
FNDA:2,podiumRowSx
FNDA:1,(anonymous_1)
FNDA:1,(anonymous_2)
FNDA:1,(anonymous_3)
FNDA:1,(anonymous_4)
FNDA:0,(anonymous_5)
FNDA:0,(anonymous_6)
FNDA:3,PodiumSlot
FNDA:3,(anonymous_8)
FNDA:4,RaceResults
FNDA:2,(anonymous_10)
FNDA:2,fetchResults
FNDA:2,(anonymous_12)
FNDA:2,(anonymous_13)
FNDA:1,(anonymous_14)
FNDA:2,(anonymous_15)
FNDA:3,(anonymous_16)
FNDA:2,(anonymous_17)
FNDA:2,(anonymous_18)
DA:25,1
DA:50,2
DA:51,1
DA:52,1
DA:53,1
DA:56,1
DA:57,1
DA:58,1
DA:59,1
DA:62,0
DA:63,0
DA:64,0
DA:65,0
DA:68,0
DA:72,3
DA:73,3
DA:76,3
DA:78,3
DA:109,3
DA:132,4
DA:133,4
DA:134,4
DA:136,4
DA:137,2
DA:140,2
DA:141,2
DA:142,2
DA:144,2
DA:145,2
DA:147,2
DA:148,1
DA:151,1
DA:156,1
DA:157,2
DA:160,1
DA:162,2
DA:164,2
DA:168,2
DA:171,2
DA:174,2
DA:185,2
DA:195,1
DA:197,1
DA:199,1
DA:200,1
DA:202,2
DA:206,2
DA:207,2
DA:210,4
DA:211,3
DA:212,3
DA:219,4
DA:268,2
LF:53
LH:48
BRDA:50,0,0,1
BRDA:50,0,1,1
BRDA:52,1,0,0
BRDA:52,1,1,1
BRDA:56,2,0,1
BRDA:56,2,1,0
BRDA:58,3,0,0
BRDA:58,3,1,1
BRDA:62,4,0,0
BRDA:62,4,1,0
BRDA:64,5,0,0
BRDA:64,5,1,0
BRDA:73,6,0,0
BRDA:73,6,1,3
BRDA:76,7,0,1
BRDA:76,7,1,2
BRDA:92,8,0,2
BRDA:92,8,1,1
BRDA:119,9,0,3
BRDA:119,9,1,1
BRDA:121,10,0,3
BRDA:121,10,1,2
BRDA:147,11,0,1
BRDA:147,11,1,1
BRDA:164,12,0,1
BRDA:164,12,1,1
BRDA:166,13,0,1
BRDA:166,13,1,0
BRDA:168,14,0,2
BRDA:168,14,1,0
BRDA:171,15,0,0
BRDA:171,15,1,2
BRDA:174,16,0,2
BRDA:174,16,1,0
BRDA:176,17,0,2
BRDA:176,17,1,0
BRDA:178,18,0,2
BRDA:178,18,1,2
BRDA:179,19,0,2
BRDA:179,19,1,2
BRDA:180,20,0,2
BRDA:180,20,1,0
BRDA:182,21,0,2
BRDA:182,21,1,2
BRDA:186,22,0,2
BRDA:186,22,1,0
BRDA:187,23,0,2
BRDA:187,23,1,0
BRDA:188,24,0,2
BRDA:188,24,1,0
BRDA:189,25,0,2
BRDA:189,25,1,0
BRDA:199,26,0,0
BRDA:199,26,1,1
BRDA:200,27,0,1
BRDA:200,27,1,0
BRDA:213,28,0,3
BRDA:213,28,1,2
BRDA:214,29,0,3
BRDA:214,29,1,2
BRDA:215,30,0,3
BRDA:215,30,1,3
BRDA:229,31,0,2
BRDA:229,31,1,2
BRDA:231,32,0,1
BRDA:231,32,1,1
BRDA:277,33,0,2
BRDA:277,33,1,0
BRDA:302,34,0,2
BRDA:302,34,1,0
BRF:70
BRH:48
end_of_record
TN:
SF:src\pages\Races.jsx
FN:10,Races
FN:15,(anonymous_1)
FN:18,fetchMeetings
FN:35,(anonymous_3)
FN:38,(anonymous_4)
FN:40,(anonymous_5)
FN:44,(anonymous_6)
FN:49,(anonymous_7)
FN:86,(anonymous_8)
FNF:9
FNH:8
FNDA:3,Races
FNDA:2,(anonymous_1)
FNDA:2,fetchMeetings
FNDA:2,(anonymous_3)
FNDA:3,(anonymous_4)
FNDA:0,(anonymous_5)
FNDA:1,(anonymous_6)
FNDA:1,(anonymous_7)
FNDA:1,(anonymous_8)
DA:11,3
DA:12,3
DA:13,3
DA:15,3
DA:16,2
DA:19,2
DA:20,2
DA:21,2
DA:23,2
DA:24,2
DA:25,1
DA:27,0
DA:28,0
DA:30,1
DA:34,2
DA:35,2
DA:38,3
DA:39,3
DA:40,3
DA:41,0
DA:44,3
DA:45,1
DA:46,1
DA:49,3
DA:62,3
DA:87,1
LF:26
LH:23
BRDA:27,0,0,0
BRDA:27,0,1,0
BRDA:28,1,0,0
BRDA:28,1,1,0
BRDA:41,2,0,0
BRDA:41,2,1,0
BRDA:41,3,0,0
BRDA:41,3,1,0
BRDA:45,4,0,1
BRDA:45,4,1,0
BRDA:45,4,2,0
BRDA:46,5,0,1
BRDA:46,5,1,1
BRDA:49,6,0,1
BRDA:49,6,1,2
BRDA:50,7,0,1
BRDA:50,7,1,0
BRDA:53,8,0,1
BRDA:53,8,1,0
BRDA:54,9,0,1
BRDA:54,9,1,0
BRDA:55,10,0,1
BRDA:55,10,1,0
BRDA:56,11,0,1
BRDA:56,11,1,0
BRDA:74,12,0,2
BRDA:74,12,1,1
BRDA:76,13,0,0
BRDA:76,13,1,1
BRF:29
BRH:13
end_of_record
TN:
SF:src\pages\TeamDriverMapping.jsx
FN:25,normTeam
FN:31,TeamDriverMapping
FN:36,(anonymous_2)
FN:39,load
FN:56,(anonymous_4)
FN:71,(anonymous_5)
FN:74,(anonymous_6)
FN:75,(anonymous_7)
FN:80,(anonymous_8)
FN:98,(anonymous_9)
FN:109,(anonymous_10)
FN:121,(anonymous_11)
FN:155,(anonymous_12)
FN:184,(anonymous_13)
FNF:14
FNH:10
FNDA:3,normTeam
FNDA:4,TeamDriverMapping
FNDA:2,(anonymous_2)
FNDA:2,load
FNDA:0,(anonymous_4)
FNDA:0,(anonymous_5)
FNDA:1,(anonymous_6)
FNDA:1,(anonymous_7)
FNDA:1,(anonymous_8)
FNDA:0,(anonymous_9)
FNDA:0,(anonymous_10)
FNDA:2,(anonymous_11)
FNDA:1,(anonymous_12)
FNDA:1,(anonymous_13)
DA:26,3
DA:32,4
DA:33,4
DA:34,4
DA:36,4
DA:37,2
DA:40,2
DA:41,2
DA:42,2
DA:44,2
DA:45,2
DA:46,2
DA:47,1
DA:50,1
DA:55,1
DA:57,0
DA:60,1
DA:61,1
DA:62,1
DA:63,1
DA:64,1
DA:70,1
DA:71,1
DA:74,1
DA:75,1
DA:76,1
DA:79,1
DA:80,1
DA:81,1
DA:82,1
DA:83,1
DA:84,1
DA:85,1
DA:94,1
DA:95,1
DA:96,1
DA:98,0
DA:100,0
DA:109,1
DA:111,1
DA:113,1
DA:114,1
DA:116,2
DA:120,2
DA:121,2
DA:124,4
DA:126,4
DA:156,1
DA:185,1
LF:49
LH:46
BRDA:26,0,0,3
BRDA:26,0,1,0
BRDA:46,1,0,1
BRDA:46,1,1,1
BRDA:57,2,0,0
BRDA:57,2,1,0
BRDA:57,3,0,0
BRDA:57,3,1,0
BRDA:63,4,0,1
BRDA:63,4,1,0
BRDA:66,5,0,1
BRDA:66,5,1,0
BRDA:67,6,0,1
BRDA:67,6,1,0
BRDA:76,7,0,0
BRDA:76,7,1,1
BRDA:81,8,0,1
BRDA:81,8,1,0
BRDA:83,9,0,1
BRDA:83,9,1,0
BRDA:86,10,0,1
BRDA:86,10,1,0
BRDA:88,11,0,1
BRDA:88,11,1,0
BRDA:96,12,0,0
BRDA:96,12,1,1
BRDA:96,13,0,1
BRDA:96,13,1,0
BRDA:98,14,0,0
BRDA:98,14,1,0
BRDA:113,15,0,0
BRDA:113,15,1,1
BRDA:114,16,0,1
BRDA:114,16,1,0
BRDA:137,17,0,2
BRDA:137,17,1,2
BRDA:139,18,0,1
BRDA:139,18,1,1
BRDA:141,19,0,0
BRDA:141,19,1,1
BRDA:158,20,0,1
BRDA:158,20,1,0
BRDA:168,21,0,1
BRDA:168,21,1,0
BRDA:180,22,0,1
BRDA:180,22,1,0
BRDA:202,23,0,1
BRDA:202,23,1,0
BRF:48
BRH:24
end_of_record
TN:
SF:src\services\openf1.js
FN:3,delay
FN:7,(anonymous_1)
FN:8,(anonymous_2)
FN:12,(anonymous_3)
FN:20,fetchOpenF1
FN:41,isOpenF1NotFoundError
FN:50,resolveLatestGrandPrixSessionKeyForChampionship
FN:54,(anonymous_7)
FN:56,(anonymous_8)
FN:63,(anonymous_9)
FN:68,(anonymous_10)
FN:73,(anonymous_11)
FN:81,getLatestDriverChampionship
FN:113,getDriversBySession
FN:123,getDriverBySessionAndNumber
FN:142,getMeetingsByYear
FN:152,getMeetingByKey
FN:163,resolveMeetingForDetail
FN:183,(anonymous_18)
FN:184,(anonymous_19)
FN:193,(anonymous_20)
FN:203,getSessionResults
FN:212,getTeamChampionshipBySession
FN:221,getSessionsByMeeting
FNF:24
FNH:20
FNDA:1,delay
FNDA:1,(anonymous_1)
FNDA:0,(anonymous_2)
FNDA:1,(anonymous_3)
FNDA:23,fetchOpenF1
FNDA:3,isOpenF1NotFoundError
FNDA:1,resolveLatestGrandPrixSessionKeyForChampionship
FNDA:2,(anonymous_7)
FNDA:2,(anonymous_8)
FNDA:1,(anonymous_9)
FNDA:0,(anonymous_10)
FNDA:1,(anonymous_11)
FNDA:3,getLatestDriverChampionship
FNDA:1,getDriversBySession
FNDA:0,getDriverBySessionAndNumber
FNDA:9,getMeetingsByYear
FNDA:4,getMeetingByKey
FNDA:3,resolveMeetingForDetail
FNDA:2,(anonymous_18)
FNDA:2,(anonymous_19)
FNDA:2,(anonymous_20)
FNDA:1,getSessionResults
FNDA:1,getTeamChampionshipBySession
FNDA:0,getSessionsByMeeting
DA:1,2
DA:4,1
DA:5,0
DA:7,1
DA:8,1
DA:9,0
DA:10,0
DA:12,1
DA:13,1
DA:14,1
DA:16,1
DA:21,23
DA:22,23
DA:24,21
DA:25,1
DA:26,1
DA:27,1
DA:30,1
DA:31,1
DA:34,20
DA:35,5
DA:38,15
DA:42,3
DA:51,1
DA:52,1
DA:53,1
DA:55,2
DA:56,2
DA:60,1
DA:64,1
DA:68,1
DA:69,0
DA:72,1
DA:73,1
DA:74,1
DA:75,1
DA:77,1
DA:78,1
DA:83,3
DA:84,3
DA:89,3
DA:90,3
DA:91,1
DA:94,1
DA:95,1
DA:97,1
DA:100,1
DA:101,0
DA:106,1
DA:110,1
DA:114,1
DA:116,1
DA:124,0
DA:125,0
DA:127,0
DA:128,0
DA:132,0
DA:133,0
DA:135,0
DA:136,0
DA:137,0
DA:143,9
DA:144,9
DA:145,1
DA:147,9
DA:149,8
DA:153,4
DA:155,1
DA:164,3
DA:165,3
DA:166,0
DA:169,3
DA:170,3
DA:171,3
DA:173,3
DA:174,3
DA:175,3
DA:178,3
DA:180,3
DA:181,3
DA:183,2
DA:184,2
DA:187,3
DA:191,3
DA:192,5
DA:193,5
DA:194,5
DA:197,1
DA:204,1
DA:209,1
DA:213,1
DA:218,1
DA:222,0
DA:224,0
LF:94
LH:77
BRDA:4,0,0,0
BRDA:4,0,1,1
BRDA:20,1,0,22
BRDA:24,2,0,1
BRDA:24,2,1,20
BRDA:24,3,0,21
BRDA:24,3,1,1
BRDA:26,4,0,0
BRDA:26,4,1,1
BRDA:27,5,0,0
BRDA:27,5,1,1
BRDA:34,6,0,5
BRDA:34,6,1,15
BRDA:42,7,0,3
BRDA:42,7,1,0
BRDA:56,8,0,2
BRDA:56,8,1,0
BRDA:64,9,0,1
BRDA:64,9,1,1
BRDA:64,9,2,1
BRDA:69,10,0,0
BRDA:69,10,1,0
BRDA:69,11,0,0
BRDA:69,11,1,0
BRDA:74,12,0,1
BRDA:74,12,1,0
BRDA:74,12,2,0
BRDA:75,13,0,1
BRDA:75,13,1,1
BRDA:77,14,0,1
BRDA:77,14,1,0
BRDA:78,15,0,1
BRDA:78,15,1,0
BRDA:89,16,0,0
BRDA:89,16,1,3
BRDA:90,17,0,2
BRDA:90,17,1,1
BRDA:94,18,0,0
BRDA:94,18,1,1
BRDA:95,19,0,0
BRDA:95,19,1,1
BRDA:100,20,0,0
BRDA:100,20,1,1
BRDA:110,21,0,1
BRDA:110,21,1,0
BRDA:116,22,0,0
BRDA:116,22,1,1
BRDA:125,23,0,0
BRDA:125,23,1,0
BRDA:132,24,0,0
BRDA:132,24,1,0
BRDA:132,25,0,0
BRDA:132,25,1,0
BRDA:133,26,0,0
BRDA:133,26,1,0
BRDA:135,27,0,0
BRDA:135,27,1,0
BRDA:136,28,0,0
BRDA:136,28,1,0
BRDA:136,29,0,0
BRDA:136,29,1,0
BRDA:142,30,0,8
BRDA:144,31,0,1
BRDA:144,31,1,8
BRDA:144,32,0,9
BRDA:144,32,1,1
BRDA:149,33,0,8
BRDA:149,33,1,0
BRDA:155,34,0,1
BRDA:155,34,1,0
BRDA:155,35,0,1
BRDA:155,35,1,0
BRDA:155,36,0,0
BRDA:155,36,1,0
BRDA:163,37,0,2
BRDA:165,38,0,0
BRDA:165,38,1,3
BRDA:173,39,0,0
BRDA:173,39,1,3
BRDA:174,40,0,3
BRDA:174,40,1,0
BRDA:175,41,0,0
BRDA:175,41,1,3
BRDA:178,42,0,0
BRDA:178,42,1,3
BRDA:181,43,0,1
BRDA:181,43,1,2
BRDA:187,44,0,1
BRDA:187,44,1,2
BRDA:194,45,0,2
BRDA:194,45,1,3
BRDA:209,46,0,0
BRDA:209,46,1,1
BRDA:218,47,0,0
BRDA:218,47,1,1
BRDA:224,48,0,0
BRDA:224,48,1,0
BRF:97
BRH:50
end_of_record
