TN:
SF:src\App.jsx
FN:33,App
FN:54,(anonymous_1)
FN:73,(anonymous_2)
FN:82,(anonymous_3)
FN:84,(anonymous_4)
FN:89,(anonymous_5)
FNF:6
FNH:3
FNDA:1,App
FNDA:8,(anonymous_1)
FNDA:0,(anonymous_2)
FNDA:0,(anonymous_3)
FNDA:8,(anonymous_4)
FNDA:0,(anonymous_5)
DA:22,1
DA:34,1
DA:36,1
DA:55,8
DA:73,0
DA:82,0
DA:85,8
DA:89,0
LF:8
LH:5
BRF:0
BRH:0
end_of_record
TN:
SF:src\theme.js
FNF:0
FNH:0
DA:3,0
LF:1
LH:0
BRF:0
BRH:0
end_of_record
TN:
SF:src\components\DriverStandingsTable.jsx
FN:15,DriverStandingsTable
FN:19,(anonymous_1)
FN:21,(anonymous_2)
FN:29,(anonymous_3)
FN:33,(anonymous_4)
FN:54,(anonymous_5)
FN:63,(anonymous_6)
FN:73,(anonymous_7)
FN:82,(anonymous_8)
FNF:9
FNH:6
FNDA:4,DriverStandingsTable
FNDA:1,(anonymous_1)
FNDA:0,(anonymous_2)
FNDA:4,(anonymous_3)
FNDA:3,(anonymous_4)
FNDA:0,(anonymous_5)
FNDA:0,(anonymous_6)
FNDA:1,(anonymous_7)
FNDA:7,(anonymous_8)
DA:16,4
DA:17,4
DA:19,4
DA:20,1
DA:21,0
DA:22,0
DA:25,1
DA:26,1
DA:29,4
DA:30,4
DA:31,4
DA:33,4
DA:34,3
DA:35,1
DA:36,0
DA:39,4
DA:42,4
DA:54,0
DA:63,0
DA:73,1
DA:83,7
LF:21
LH:16
BRDA:20,0,0,0
BRDA:20,0,1,1
BRDA:21,1,0,0
BRDA:21,1,1,0
BRDA:26,2,0,1
BRDA:26,2,1,0
BRDA:31,3,0,3
BRDA:31,3,1,1
BRDA:34,4,0,2
BRDA:34,4,1,1
BRDA:35,5,0,1
BRDA:35,5,1,0
BRDA:53,6,0,3
BRDA:53,6,1,1
BRDA:62,7,0,0
BRDA:62,7,1,4
BRDA:72,8,0,1
BRDA:72,8,1,3
BRDA:98,9,0,7
BRDA:98,9,1,0
BRDA:103,10,0,7
BRDA:103,10,1,0
BRDA:110,11,0,7
BRDA:110,11,1,7
BRDA:129,12,0,4
BRDA:129,12,1,3
BRF:26
BRH:18
end_of_record
TN:
SF:src\components\RaceCard.jsx
FN:7,RaceCard
FNF:1
FNH:1
FNDA:2,RaceCard
DA:8,2
LF:1
LH:1
BRF:0
BRH:0
end_of_record
TN:
SF:src\hooks\useDriverStandings.js
FN:7,useDriverStandings
FN:14,(anonymous_1)
FN:17,fetchDriverStandings
FN:42,(anonymous_3)
FN:48,(anonymous_4)
FN:54,(anonymous_5)
FN:71,(anonymous_6)
FN:85,(anonymous_7)
FN:88,(anonymous_8)
FN:89,(anonymous_9)
FNF:10
FNH:10
FNDA:9,useDriverStandings
FNDA:4,(anonymous_1)
FNDA:4,fetchDriverStandings
FNDA:4,(anonymous_3)
FNDA:4,(anonymous_4)
FNDA:8,(anonymous_5)
FNDA:1,(anonymous_6)
FNDA:4,(anonymous_7)
FNDA:1,(anonymous_8)
FNDA:1,(anonymous_9)
DA:8,9
DA:9,9
DA:10,9
DA:11,9
DA:12,9
DA:14,9
DA:15,4
DA:18,4
DA:19,4
DA:20,4
DA:22,4
DA:26,4
DA:27,1
DA:30,3
DA:32,3
DA:33,0
DA:36,3
DA:41,3
DA:42,4
DA:48,3
DA:49,4
DA:51,4
DA:54,8
DA:57,4
DA:71,3
DA:73,3
DA:74,3
DA:76,1
DA:77,1
DA:79,4
DA:83,4
DA:85,4
DA:88,9
DA:89,1
DA:92,9
LF:35
LH:34
BRDA:26,0,0,1
BRDA:26,0,1,3
BRDA:32,1,0,0
BRDA:32,1,1,3
BRDA:42,2,0,3
BRDA:42,2,1,0
BRDA:51,3,0,4
BRDA:51,3,1,0
BRDA:59,4,0,4
BRDA:59,4,1,0
BRDA:61,5,0,4
BRDA:61,5,1,0
BRDA:63,6,0,4
BRDA:63,6,1,4
BRDA:65,7,0,4
BRDA:65,7,1,2
BRDA:66,8,0,4
BRDA:66,8,1,0
BRDA:67,9,0,4
BRDA:67,9,1,0
BRDA:76,10,0,0
BRDA:76,10,1,1
BRDA:77,11,0,1
BRDA:77,11,1,0
BRF:24
BRH:15
end_of_record
TN:
SF:src\pages\Constructors.jsx
FN:19,Constructors
FN:24,(anonymous_1)
FN:27,fetchConstructorStandings
FN:49,(anonymous_3)
FN:53,(anonymous_4)
FN:70,(anonymous_5)
FN:96,(anonymous_6)
FNF:7
FNH:6
FNDA:4,Constructors
FNDA:2,(anonymous_1)
FNDA:2,fetchConstructorStandings
FNDA:0,(anonymous_3)
FNDA:1,(anonymous_4)
FNDA:2,(anonymous_5)
FNDA:1,(anonymous_6)
DA:17,2
DA:20,4
DA:21,4
DA:22,4
DA:24,4
DA:25,2
DA:28,2
DA:29,2
DA:30,2
DA:32,2
DA:36,2
DA:38,2
DA:39,1
DA:42,1
DA:47,1
DA:50,0
DA:53,1
DA:60,1
DA:62,1
DA:63,1
DA:65,2
DA:69,2
DA:70,2
DA:73,4
DA:97,1
LF:25
LH:24
BRDA:38,0,0,1
BRDA:38,0,1,1
BRDA:50,1,0,0
BRDA:50,1,1,0
BRDA:51,2,0,0
BRDA:51,2,1,0
BRDA:54,3,0,1
BRDA:54,3,1,0
BRDA:55,4,0,1
BRDA:55,4,1,0
BRDA:56,5,0,1
BRDA:56,5,1,0
BRDA:62,6,0,0
BRDA:62,6,1,1
BRDA:63,7,0,1
BRDA:63,7,1,0
BRDA:85,8,0,2
BRDA:85,8,1,2
BRDA:92,9,0,1
BRDA:92,9,1,1
BRF:20
BRH:11
end_of_record
TN:
SF:src\pages\CountdownTimer.jsx
FN:15,formatDuration
FN:27,CountdownTimer
FN:33,(anonymous_2)
FN:36,fetchNextSession
FN:43,(anonymous_4)
FN:48,(anonymous_5)
FN:62,(anonymous_6)
FN:68,(anonymous_7)
FN:91,(anonymous_8)
FN:94,(anonymous_9)
FN:95,(anonymous_10)
FN:96,(anonymous_11)
FN:99,(anonymous_12)
FNF:13
FNH:10
FNDA:1,formatDuration
FNDA:4,CountdownTimer
FNDA:2,(anonymous_2)
FNDA:2,fetchNextSession
FNDA:0,(anonymous_4)
FNDA:2,(anonymous_5)
FNDA:0,(anonymous_6)
FNDA:1,(anonymous_7)
FNDA:2,(anonymous_8)
FNDA:2,(anonymous_9)
FNDA:0,(anonymous_10)
FNDA:2,(anonymous_11)
FNDA:3,(anonymous_12)
DA:16,1
DA:18,1
DA:19,1
DA:20,1
DA:21,1
DA:22,1
DA:24,1
DA:28,4
DA:29,4
DA:30,4
DA:31,4
DA:33,4
DA:34,2
DA:37,2
DA:38,2
DA:39,2
DA:41,2
DA:42,2
DA:43,2
DA:44,0
DA:47,2
DA:49,2
DA:53,2
DA:54,1
DA:57,1
DA:62,1
DA:63,0
DA:67,1
DA:68,1
DA:71,1
DA:72,0
DA:75,1
DA:83,1
DA:84,1
DA:86,2
DA:90,2
DA:91,2
DA:94,4
DA:95,2
DA:96,2
DA:99,4
DA:100,3
DA:101,1
DA:104,4
LF:44
LH:41
BRDA:16,0,0,0
BRDA:16,0,1,1
BRDA:44,1,0,0
BRDA:44,1,1,0
BRDA:44,2,0,0
BRDA:44,2,1,0
BRDA:49,3,0,2
BRDA:49,3,1,0
BRDA:49,3,2,0
BRDA:53,4,0,1
BRDA:53,4,1,1
BRDA:63,5,0,0
BRDA:63,5,1,0
BRDA:63,6,0,0
BRDA:63,6,1,0
BRDA:67,7,0,1
BRDA:67,7,1,0
BRDA:68,8,0,1
BRDA:68,8,1,0
BRDA:71,9,0,0
BRDA:71,9,1,1
BRDA:76,10,0,1
BRDA:76,10,1,0
BRDA:77,11,0,1
BRDA:77,11,1,0
BRDA:78,12,0,1
BRDA:78,12,1,0
BRDA:79,13,0,1
BRDA:79,13,1,0
BRDA:83,14,0,0
BRDA:83,14,1,1
BRDA:84,15,0,1
BRDA:84,15,1,0
BRDA:100,16,0,2
BRDA:100,16,1,1
BRDA:114,17,0,2
BRDA:114,17,1,2
BRDA:119,18,0,1
BRDA:119,18,1,1
BRDA:131,19,0,1
BRDA:131,19,1,0
BRDA:134,20,0,1
BRDA:134,20,1,0
BRF:43
BRH:21
end_of_record
TN:
SF:src\pages\Dashboard.jsx
FN:16,Dashboard
FN:21,(anonymous_1)
FN:23,(anonymous_2)
FN:26,getCountdown
FN:35,fetchDashboardData
FN:46,(anonymous_5)
FN:51,(anonymous_6)
FN:56,(anonymous_7)
FN:61,(anonymous_8)
FN:109,(anonymous_9)
FN:142,(anonymous_10)
FNF:11
FNH:9
FNDA:3,Dashboard
FNDA:2,(anonymous_1)
FNDA:2,(anonymous_2)
FNDA:1,getCountdown
FNDA:2,fetchDashboardData
FNDA:0,(anonymous_5)
FNDA:1,(anonymous_6)
FNDA:1,(anonymous_7)
FNDA:0,(anonymous_8)
FNDA:2,(anonymous_9)
FNDA:6,(anonymous_10)
DA:17,3
DA:18,3
DA:19,3
DA:21,3
DA:23,3
DA:24,2
DA:27,1
DA:28,1
DA:29,1
DA:30,1
DA:31,1
DA:32,1
DA:36,2
DA:37,2
DA:38,2
DA:40,2
DA:41,2
DA:46,1
DA:47,0
DA:50,1
DA:52,1
DA:55,1
DA:56,1
DA:58,1
DA:60,1
DA:62,0
DA:65,1
DA:101,1
DA:102,1
DA:104,2
DA:108,2
DA:109,2
DA:112,3
DA:143,6
LF:34
LH:32
BRDA:27,0,0,0
BRDA:27,0,1,1
BRDA:29,1,0,0
BRDA:29,1,1,1
BRDA:30,2,0,0
BRDA:30,2,1,1
BRDA:32,3,0,0
BRDA:32,3,1,1
BRDA:47,4,0,0
BRDA:47,4,1,0
BRDA:47,5,0,0
BRDA:47,5,1,0
BRDA:50,6,0,1
BRDA:50,6,1,0
BRDA:52,7,0,1
BRDA:52,7,1,0
BRDA:52,7,2,0
BRDA:56,8,0,1
BRDA:56,8,1,0
BRDA:56,8,2,0
BRDA:62,9,0,0
BRDA:62,9,1,0
BRDA:62,10,0,0
BRDA:62,10,1,0
BRDA:68,11,0,1
BRDA:68,11,1,0
BRDA:72,12,0,1
BRDA:72,12,1,0
BRDA:81,13,0,1
BRDA:81,13,1,0
BRDA:88,14,0,1
BRDA:88,14,1,0
BRDA:95,15,0,1
BRDA:95,15,1,0
BRDA:101,16,0,0
BRDA:101,16,1,1
BRDA:102,17,0,1
BRDA:102,17,1,0
BRDA:131,18,0,2
BRDA:131,18,1,1
BRDA:138,19,0,0
BRDA:138,19,1,1
BRF:42
BRH:17
end_of_record
TN:
SF:src\pages\DriverProfiles.jsx
FN:18,DriverProfiles
FN:23,(anonymous_1)
FN:26,fetchProfiles
FN:40,(anonymous_3)
FN:41,(anonymous_4)
FN:61,(anonymous_5)
FN:80,(anonymous_6)
FNF:7
FNH:6
FNDA:4,DriverProfiles
FNDA:2,(anonymous_1)
FNDA:2,fetchProfiles
FNDA:0,(anonymous_3)
FNDA:1,(anonymous_4)
FNDA:2,(anonymous_5)
FNDA:1,(anonymous_6)
DA:19,4
DA:20,4
DA:21,4
DA:23,4
DA:24,2
DA:27,2
DA:28,2
DA:29,2
DA:31,2
DA:32,2
DA:34,2
DA:35,1
DA:38,1
DA:39,1
DA:40,0
DA:41,1
DA:51,1
DA:53,1
DA:54,1
DA:56,2
DA:60,2
DA:61,2
DA:64,4
DA:81,1
LF:24
LH:23
BRDA:34,0,0,1
BRDA:34,0,1,1
BRDA:40,1,0,0
BRDA:40,1,1,0
BRDA:40,2,0,0
BRDA:40,2,1,0
BRDA:43,3,0,1
BRDA:43,3,1,0
BRDA:44,4,0,1
BRDA:44,4,1,0
BRDA:45,5,0,1
BRDA:45,5,1,0
BRDA:47,6,0,1
BRDA:47,6,1,0
BRDA:48,7,0,1
BRDA:48,7,1,0
BRDA:53,8,0,0
BRDA:53,8,1,1
BRDA:54,9,0,1
BRDA:54,9,1,0
BRDA:71,10,0,2
BRDA:71,10,1,2
BRDA:76,11,0,1
BRDA:76,11,1,1
BRDA:90,12,0,1
BRDA:90,12,1,0
BRDA:103,13,0,1
BRDA:103,13,1,1
BRDA:118,14,0,1
BRDA:118,14,1,1
BRF:30
BRH:18
end_of_record
TN:
SF:src\pages\Drivers.jsx
FN:21,Drivers
FN:24,(anonymous_1)
FN:98,(anonymous_2)
FN:99,(anonymous_3)
FNF:4
FNH:2
FNDA:3,Drivers
FNDA:1,(anonymous_1)
FNDA:0,(anonymous_2)
FNDA:0,(anonymous_3)
DA:23,3
DA:24,3
DA:31,3
DA:98,0
DA:100,0
LF:5
LH:3
BRDA:41,0,0,3
BRDA:41,0,1,1
BRDA:49,1,0,3
BRDA:49,1,1,1
BRDA:56,2,0,3
BRDA:56,2,1,1
BRDA:70,3,0,3
BRDA:70,3,1,2
BRDA:70,3,2,1
BRDA:100,4,0,0
BRDA:100,4,1,0
BRDA:102,5,0,0
BRDA:102,5,1,0
BRF:13
BRH:9
end_of_record
TN:
SF:src\pages\HeadToHeadComparison.jsx
FN:28,normalizeGap
FN:34,HeadToHeadComparison
FN:42,(anonymous_2)
FN:45,fetchComparisonData
FN:62,(anonymous_4)
FN:67,(anonymous_5)
FN:70,(anonymous_6)
FN:91,(anonymous_7)
FN:95,(anonymous_8)
FN:95,(anonymous_9)
FN:99,(anonymous_10)
FN:99,(anonymous_11)
FN:106,(anonymous_12)
FN:178,(anonymous_13)
FN:180,(anonymous_14)
FN:195,(anonymous_15)
FN:197,(anonymous_16)
FN:228,(anonymous_17)
FNF:18
FNH:16
FNDA:2,normalizeGap
FNDA:4,HeadToHeadComparison
FNDA:2,(anonymous_2)
FNDA:2,fetchComparisonData
FNDA:2,(anonymous_4)
FNDA:1,(anonymous_5)
FNDA:2,(anonymous_6)
FNDA:2,(anonymous_7)
FNDA:3,(anonymous_8)
FNDA:1,(anonymous_9)
FNDA:3,(anonymous_10)
FNDA:2,(anonymous_11)
FNDA:3,(anonymous_12)
FNDA:0,(anonymous_13)
FNDA:2,(anonymous_14)
FNDA:0,(anonymous_15)
FNDA:2,(anonymous_16)
FNDA:4,(anonymous_17)
DA:29,2
DA:30,2
DA:31,2
DA:35,4
DA:36,4
DA:37,4
DA:38,4
DA:39,4
DA:40,4
DA:42,4
DA:43,2
DA:46,2
DA:47,2
DA:48,2
DA:50,2
DA:51,2
DA:52,2
DA:53,1
DA:56,1
DA:61,1
DA:62,2
DA:67,1
DA:69,1
DA:70,2
DA:73,1
DA:74,1
DA:76,1
DA:77,1
DA:78,1
DA:79,0
DA:80,0
DA:83,1
DA:84,1
DA:86,2
DA:90,2
DA:91,2
DA:94,4
DA:95,3
DA:98,4
DA:99,3
DA:103,4
DA:104,4
DA:106,4
DA:107,3
DA:109,1
DA:110,1
DA:111,1
DA:112,1
DA:113,1
DA:114,1
DA:116,1
DA:151,4
DA:178,0
DA:181,2
DA:195,0
DA:198,2
DA:229,4
LF:57
LH:53
BRDA:29,0,0,0
BRDA:29,0,1,2
BRDA:29,1,0,2
BRDA:29,1,1,2
BRDA:31,2,0,2
BRDA:31,2,1,0
BRDA:52,3,0,1
BRDA:52,3,1,1
BRDA:64,4,0,2
BRDA:64,4,1,0
BRDA:65,5,0,2
BRDA:65,5,1,0
BRDA:76,6,0,1
BRDA:76,6,1,0
BRDA:79,7,0,0
BRDA:79,7,1,0
BRDA:83,8,0,0
BRDA:83,8,1,1
BRDA:84,9,0,1
BRDA:84,9,1,0
BRDA:95,10,0,3
BRDA:95,10,1,2
BRDA:99,11,0,3
BRDA:99,11,1,2
BRDA:103,12,0,1
BRDA:103,12,1,3
BRDA:104,13,0,1
BRDA:104,13,1,3
BRDA:107,14,0,2
BRDA:107,14,1,1
BRDA:107,15,0,3
BRDA:107,15,1,1
BRDA:109,16,0,1
BRDA:109,16,1,0
BRDA:110,17,0,1
BRDA:110,17,1,0
BRDA:111,18,0,1
BRDA:111,18,1,0
BRDA:112,19,0,1
BRDA:112,19,1,0
BRDA:119,20,0,1
BRDA:119,20,1,0
BRDA:120,21,0,1
BRDA:120,21,1,0
BRDA:121,22,0,1
BRDA:121,22,1,0
BRDA:121,23,0,0
BRDA:121,23,1,0
BRDA:125,24,0,1
BRDA:125,24,1,0
BRDA:126,25,0,1
BRDA:126,25,1,0
BRDA:127,26,0,0
BRDA:127,26,1,1
BRDA:127,27,0,0
BRDA:127,27,1,1
BRDA:131,28,0,1
BRDA:131,28,1,0
BRDA:132,29,0,1
BRDA:132,29,1,0
BRDA:133,30,0,1
BRDA:133,30,1,0
BRDA:133,31,0,0
BRDA:133,31,1,0
BRDA:137,32,0,1
BRDA:137,32,1,0
BRDA:138,33,0,1
BRDA:138,33,1,0
BRDA:140,34,0,1
BRDA:140,34,1,0
BRDA:140,35,0,1
BRDA:140,35,1,0
BRDA:141,36,0,1
BRDA:141,36,1,0
BRDA:143,37,0,0
BRDA:143,37,1,0
BRDA:143,38,0,0
BRDA:143,38,1,0
BRDA:144,39,0,0
BRDA:144,39,1,0
BRDA:161,40,0,2
BRDA:161,40,1,2
BRDA:166,41,0,1
BRDA:166,41,1,1
BRDA:210,42,0,1
BRDA:210,42,1,0
BRDA:210,43,0,1
BRDA:210,43,1,0
BRDA:213,44,0,1
BRDA:213,44,1,0
BRDA:213,45,0,1
BRDA:213,45,1,0
BRDA:223,46,0,1
BRDA:223,46,1,0
BRDA:224,47,0,1
BRDA:224,47,1,0
BRDA:233,48,0,3
BRDA:233,48,1,1
BRDA:234,49,0,3
BRDA:234,49,1,1
BRDA:241,50,0,0
BRDA:241,50,1,4
BRDA:242,51,0,0
BRDA:242,51,1,4
BRF:104
BRH:58
end_of_record
TN:
SF:src\pages\RaceResults.jsx
FN:21,RaceResults
FN:26,(anonymous_1)
FN:29,fetchResults
FN:47,(anonymous_3)
FN:51,(anonymous_4)
FN:68,(anonymous_5)
FN:80,(anonymous_6)
FN:83,(anonymous_7)
FN:111,(anonymous_8)
FN:130,(anonymous_9)
FNF:10
FNH:10
FNDA:4,RaceResults
FNDA:2,(anonymous_1)
FNDA:2,fetchResults
FNDA:2,(anonymous_3)
FNDA:2,(anonymous_4)
FNDA:1,(anonymous_5)
FNDA:2,(anonymous_6)
FNDA:3,(anonymous_7)
FNDA:2,(anonymous_8)
FNDA:2,(anonymous_9)
DA:22,4
DA:23,4
DA:24,4
DA:26,4
DA:27,2
DA:30,2
DA:31,2
DA:32,2
DA:34,2
DA:35,2
DA:37,2
DA:38,1
DA:41,1
DA:46,1
DA:47,2
DA:50,1
DA:52,2
DA:53,2
DA:68,1
DA:70,1
DA:72,1
DA:73,1
DA:75,2
DA:79,2
DA:80,2
DA:83,4
DA:85,4
DA:111,2
DA:131,2
LF:29
LH:29
BRDA:37,0,0,1
BRDA:37,0,1,1
BRDA:54,1,0,2
BRDA:54,1,1,0
BRDA:55,2,0,2
BRDA:55,2,1,0
BRDA:56,3,0,2
BRDA:56,3,1,0
BRDA:57,4,0,2
BRDA:57,4,1,0
BRDA:59,5,0,1
BRDA:59,5,1,1
BRDA:61,6,0,1
BRDA:61,6,1,0
BRDA:63,7,0,2
BRDA:63,7,1,0
BRDA:72,8,0,0
BRDA:72,8,1,1
BRDA:73,9,0,1
BRDA:73,9,1,0
BRDA:95,10,0,2
BRDA:95,10,1,2
BRDA:100,11,0,1
BRDA:100,11,1,1
BRDA:109,12,0,1
BRDA:109,12,1,0
BRF:26
BRH:17
end_of_record
TN:
SF:src\pages\Races.jsx
FN:11,Races
FN:16,(anonymous_1)
FN:19,fetchMeetings
FN:36,(anonymous_3)
FN:39,(anonymous_4)
FN:41,(anonymous_5)
FN:45,(anonymous_6)
FN:50,(anonymous_7)
FN:89,(anonymous_8)
FNF:9
FNH:8
FNDA:3,Races
FNDA:2,(anonymous_1)
FNDA:2,fetchMeetings
FNDA:2,(anonymous_3)
FNDA:3,(anonymous_4)
FNDA:0,(anonymous_5)
FNDA:1,(anonymous_6)
FNDA:1,(anonymous_7)
FNDA:1,(anonymous_8)
DA:12,3
DA:13,3
DA:14,3
DA:16,3
DA:17,2
DA:20,2
DA:21,2
DA:22,2
DA:24,2
DA:25,2
DA:26,1
DA:28,0
DA:29,0
DA:31,1
DA:35,2
DA:36,2
DA:39,3
DA:40,3
DA:41,3
DA:42,0
DA:45,3
DA:46,1
DA:47,1
DA:50,3
DA:62,3
DA:90,1
LF:26
LH:23
BRDA:28,0,0,0
BRDA:28,0,1,0
BRDA:29,1,0,0
BRDA:29,1,1,0
BRDA:42,2,0,0
BRDA:42,2,1,0
BRDA:42,3,0,0
BRDA:42,3,1,0
BRDA:46,4,0,1
BRDA:46,4,1,0
BRDA:46,4,2,0
BRDA:47,5,0,1
BRDA:47,5,1,1
BRDA:50,6,0,1
BRDA:50,6,1,2
BRDA:51,7,0,1
BRDA:51,7,1,0
BRDA:53,8,0,1
BRDA:53,8,1,0
BRDA:54,9,0,1
BRDA:54,9,1,0
BRDA:55,10,0,1
BRDA:55,10,1,0
BRDA:56,11,0,1
BRDA:56,11,1,0
BRDA:74,12,0,2
BRDA:74,12,1,1
BRDA:79,13,0,0
BRDA:79,13,1,1
BRF:29
BRH:13
end_of_record
TN:
SF:src\services\openf1.js
FN:3,delay
FN:7,(anonymous_1)
FN:8,(anonymous_2)
FN:12,(anonymous_3)
FN:20,fetchOpenF1
FN:41,getLatestDriverChampionship
FN:50,getDriversBySession
FN:56,getMeetingsByYear
FN:62,getMeetingByKey
FN:68,getSessionResults
FN:77,getTeamChampionshipBySession
FN:86,getSessionsByMeeting
FNF:12
FNH:10
FNDA:1,delay
FNDA:1,(anonymous_1)
FNDA:0,(anonymous_2)
FNDA:1,(anonymous_3)
FNDA:10,fetchOpenF1
FNDA:2,getLatestDriverChampionship
FNDA:1,getDriversBySession
FNDA:3,getMeetingsByYear
FNDA:1,getMeetingByKey
FNDA:1,getSessionResults
FNDA:1,getTeamChampionshipBySession
FNDA:0,getSessionsByMeeting
DA:1,2
DA:4,1
DA:5,0
DA:7,1
DA:8,1
DA:9,0
DA:10,0
DA:12,1
DA:13,1
DA:14,1
DA:16,1
DA:21,10
DA:22,10
DA:24,8
DA:25,1
DA:26,1
DA:27,1
DA:30,1
DA:31,1
DA:34,7
DA:35,1
DA:38,6
DA:42,2
DA:47,0
DA:51,1
DA:53,1
DA:57,3
DA:59,2
DA:63,1
DA:65,1
DA:69,1
DA:74,1
DA:78,1
DA:83,1
DA:87,0
DA:89,0
LF:36
LH:30
BRDA:4,0,0,0
BRDA:4,0,1,1
BRDA:20,1,0,9
BRDA:24,2,0,1
BRDA:24,2,1,7
BRDA:24,3,0,8
BRDA:24,3,1,1
BRDA:26,4,0,0
BRDA:26,4,1,1
BRDA:27,5,0,0
BRDA:27,5,1,1
BRDA:34,6,0,1
BRDA:34,6,1,6
BRDA:47,7,0,0
BRDA:47,7,1,0
BRDA:53,8,0,0
BRDA:53,8,1,1
BRDA:59,9,0,2
BRDA:59,9,1,0
BRDA:65,10,0,1
BRDA:65,10,1,0
BRDA:65,11,0,1
BRDA:65,11,1,0
BRDA:65,12,0,0
BRDA:65,12,1,0
BRDA:74,13,0,0
BRDA:74,13,1,1
BRDA:83,14,0,0
BRDA:83,14,1,1
BRDA:89,15,0,0
BRDA:89,15,1,0
BRF:31
BRH:16
end_of_record
